[2016.10.04-21.46.32:418][  0]Log file open, 10/04/16 23:46:32
[2016.10.04-21.46.32:418][  0]LogInit:Display: Running engine for game: Hypergunner
[2016.10.04-21.46.32:418][  0]LogPlatformFile: Not using cached read wrapper
[2016.10.04-21.46.32:418][  0]LogInit:Display: RandInit(1706121382) SRandInit(1706121384).
[2016.10.04-21.46.32:418][  0]LogTaskGraph: Started task graph with 4 named threads and 7 total threads.
[2016.10.04-21.46.32:418][  0]LogStats: Stats thread started at 0.091116
[2016.10.04-21.46.32:418][  0]LogInit: Version: 4.10.4-2872498+++depot+UE4-Releases+4.10
[2016.10.04-21.46.32:418][  0]LogInit: API Version: 2758231
[2016.10.04-21.46.32:418][  0]LogInit: Compiled (64-bit): Feb 18 2016 15:47:04
[2016.10.04-21.46.32:418][  0]LogInit: Compiled with Visual C++: 19.00.23026.00
[2016.10.04-21.46.32:418][  0]LogInit: Build Configuration: Development
[2016.10.04-21.46.32:418][  0]LogInit: Branch Name: ++depot+UE4-Releases+4.10
[2016.10.04-21.46.32:418][  0]LogInit: Command line:  /Temp/Autosaves/Game/Maps/UEDPCMainMenu -game -PIEVIACONSOLE -ResX=1280 -ResY=720  -Multiprocess 
[2016.10.04-21.46.32:418][  0]LogInit: Base directory: D:/02_Programme/Epic Games/4.10/Engine/Binaries/Win64/
[2016.10.04-21.46.32:418][  0]LogInit: Rocket: 1
[2016.10.04-21.46.32:430][  0]LogInit: Using libcurl 7.41.0
[2016.10.04-21.46.32:430][  0]LogInit:  - built for x86_64-pc-win32
[2016.10.04-21.46.32:430][  0]LogInit:  - supports SSL with WinSSL
[2016.10.04-21.46.32:430][  0]LogInit:  - other features:
[2016.10.04-21.46.32:430][  0]LogInit:      CURL_VERSION_SSL
[2016.10.04-21.46.32:430][  0]LogInit:      CURL_VERSION_IPV6
[2016.10.04-21.46.32:430][  0]LogInit:      CURL_VERSION_ASYNCHDNS
[2016.10.04-21.46.32:430][  0]LogInit:      CURL_VERSION_LARGEFILE
[2016.10.04-21.46.32:430][  0]LogInit:      CURL_VERSION_IDN
[2016.10.04-21.46.32:430][  0]LogInit:  CurlRequestOptions (configurable via config and command line):
[2016.10.04-21.46.32:430][  0]LogInit:  - bVerifyPeer = true  - Libcurl will verify peer certificate
[2016.10.04-21.46.32:430][  0]LogInit:  - bUseHttpProxy = false  - Libcurl will NOT use HTTP proxy
[2016.10.04-21.46.32:430][  0]LogInit:  - bDontReuseConnections = false  - Libcurl will reuse connections
[2016.10.04-21.46.32:430][  0]LogInit:  - CertBundlePath = nullptr  - Libcurl will use whatever was configured at build time.
[2016.10.04-21.46.32:441][  0]LogOnline:Display: STEAM: Loading Steam SDK 1.32
[2016.10.04-21.46.33:215][  0]LogInit: WinSock: version 1.1 (2.2), MaxSocks=32767, MaxUdp=65467
[2016.10.04-21.46.33:258][  0]LogInit: Presizing for 0 objects not considered by GC, pre-allocating 0 bytes.
[2016.10.04-21.46.33:267][  0]LogInit: Object subsystem initialized
[2016.10.04-21.46.33:269][  0]LogInit: Selected Device Profile: [Windows]
[2016.10.04-21.46.33:269][  0]LogInit: Applying CVar settings loaded from the selected device profile: [Windows]
[2016.10.04-21.46.33:273][  0]LogInit: Computer: SOPRANO-PC
[2016.10.04-21.46.33:273][  0]LogInit: User: Soprano
[2016.10.04-21.46.33:273][  0]LogInit: CPU Page size=4096, Cores=4
[2016.10.04-21.46.33:273][  0]LogInit: High frequency timer resolution =2.435917 MHz
[2016.10.04-21.46.33:273][  0]LogMemory: Memory total: Physical=15.9GB (16GB approx)
[2016.10.04-21.46.33:273][  0]LogMemory: Platform Memory Stats for Windows
[2016.10.04-21.46.33:273][  0]LogMemory: Process Physical Memory: 95.75 MB used, 95.75 MB peak
[2016.10.04-21.46.33:273][  0]LogMemory: Process Virtual Memory: 77.32 MB used, 77.32 MB peak
[2016.10.04-21.46.33:273][  0]LogMemory: Physical Memory: 8331.99 MB used, 16277.07 MB total
[2016.10.04-21.46.33:273][  0]LogMemory: Virtual Memory: 471.25 MB used, 8388608.00 MB total
[2016.10.04-21.46.33:336][  0]LogTextLocalizationManager: No translations for ('de-DE') exist, falling back to 'en' for localization and internationalization data.
[2016.10.04-21.46.33:879][  0]LogD3D11RHI: Found D3D11 adapter 0: AMD Radeon HD 5800 Series (Feature Level 11_0)
[2016.10.04-21.46.33:879][  0]LogD3D11RHI: Adapter has 1010MB of dedicated video memory, 0MB of dedicated system memory, and 3840MB of shared system memory, 1 output[s]
[2016.10.04-21.46.33:903][  0]LogD3D11RHI: Found D3D11 adapter 1: Intel(R) HD Graphics Family (Feature Level 10_0)
[2016.10.04-21.46.33:903][  0]LogD3D11RHI: Adapter has 64MB of dedicated video memory, 0MB of dedicated system memory, and 1632MB of shared system memory, 0 output[s]
[2016.10.04-21.46.33:903][  0]LogD3D11RHI: Chosen D3D11 Adapter Id = 0
[2016.10.04-21.46.33:911][  0]LogD3D11RHI: !Direct3DDevice
[2016.10.04-21.46.33:912][  0]LogRHI: Texture pool is 707 MB (70% of 1010 MB)
[2016.10.04-21.46.33:922][  0]LogD3D11RHI: Async texture creation disabled: no driver support
[2016.10.04-21.46.33:933][  0]LogShaderCompilers: Guid format shader working directory is 2 characters bigger than the processId version (C:/Users/Soprano/Desktop/UE-Shooter-FinalBuild/Intermediate/Shaders/WorkingDirectory/9052/).
[2016.10.04-21.46.33:933][  0]LogShaderCompilers: Cleaned the shader compiler working directory 'C:/Users/Soprano/AppData/Local/Temp/UnrealShaderWorkingDir/22CE01FB490F029791C6979B75F3BEBA/'.
[2016.10.04-21.46.33:933][  0]LogShaderCompilers:Display: Using Local Shader Compiler.
[2016.10.04-21.46.35:127][  0]LogTemp:Display: Loaded TP AllDesktopTargetPlatform
[2016.10.04-21.46.35:134][  0]LogTemp:Display: Loaded TP WindowsClientTargetPlatform
[2016.10.04-21.46.35:141][  0]LogTemp:Display: Loaded TP WindowsNoEditorTargetPlatform
[2016.10.04-21.46.35:148][  0]LogTemp:Display: Loaded TP WindowsServerTargetPlatform
[2016.10.04-21.46.35:155][  0]LogTemp:Display: Loaded TP WindowsTargetPlatform
[2016.10.04-21.46.35:159][  0]LogTemp:Display: Loaded TP AndroidTargetPlatform
[2016.10.04-21.46.35:164][  0]LogTemp:Display: Loaded TP Android_ASTCTargetPlatform
[2016.10.04-21.46.35:169][  0]LogTemp:Display: Loaded TP Android_ATCTargetPlatform
[2016.10.04-21.46.35:173][  0]LogTemp:Display: Loaded TP Android_DXTTargetPlatform
[2016.10.04-21.46.35:177][  0]LogTemp:Display: Loaded TP Android_ETC1TargetPlatform
[2016.10.04-21.46.35:182][  0]LogTemp:Display: Loaded TP Android_ETC2TargetPlatform
[2016.10.04-21.46.35:189][  0]LogTemp:Display: Loaded TP Android_MultiTargetPlatform
[2016.10.04-21.46.35:190][  0]LogTemp:Display: Loaded TP Android_PVRTCTargetPlatform
[2016.10.04-21.46.35:191][  0]LogTemp:Display: Loaded TP HTML5TargetPlatform
[2016.10.04-21.46.35:209][  0]LogTemp:Display: Loaded TP IOSTargetPlatform
[2016.10.04-21.46.35:213][  0]LogTemp:Display: Loaded TP LinuxNoEditorTargetPlatform
[2016.10.04-21.46.35:217][  0]LogTemp:Display: Loaded TP LinuxServerTargetPlatform
[2016.10.04-21.46.35:222][  0]LogTemp:Display: Loaded TP LinuxTargetPlatform
[2016.10.04-21.46.35:222][  0]LogTargetPlatformManager:Display: Building Assets For Windows
[2016.10.04-21.46.35:353][  0]LogDerivedDataCache:Display: Max Cache Size: 512 MB
[2016.10.04-21.46.35:402][  0]LogDerivedDataCache: Loaded boot cache 0.05s 42MB C:/Users/Soprano/AppData/Local/UnrealEngine/4.10/DerivedDataCache/Boot.ddc.
[2016.10.04-21.46.35:402][  0]LogDerivedDataCache:Display: Loaded Boot cache: C:/Users/Soprano/AppData/Local/UnrealEngine/4.10/DerivedDataCache/Boot.ddc
[2016.10.04-21.46.35:402][  0]LogDerivedDataCache: FDerivedDataBackendGraph:  Pak pak cache file C:/Users/Soprano/Desktop/UE-Shooter-FinalBuild/DerivedDataCache/DDC.ddp not found, will not use a pak cache.
[2016.10.04-21.46.35:402][  0]LogDerivedDataCache: Unable to find inner node Pak for hierarchical cache Hierarchy.
[2016.10.04-21.46.35:402][  0]LogDerivedDataCache: FDerivedDataBackendGraph:  CompressedPak pak cache file C:/Users/Soprano/Desktop/UE-Shooter-FinalBuild/DerivedDataCache/Compressed.ddp not found, will not use a pak cache.
[2016.10.04-21.46.35:402][  0]LogDerivedDataCache: Unable to find inner node CompressedPak for hierarchical cache Hierarchy.
[2016.10.04-21.46.35:470][  0]LogDerivedDataCache:Display: Pak cache opened for reading ../../../Engine/DerivedDataCache/Compressed.ddp.
[2016.10.04-21.46.35:482][  0]LogDerivedDataCache: Using Local data cache path C:/Users/Soprano/AppData/Local/UnrealEngine/Common/DerivedDataCache: Writable
[2016.10.04-21.46.35:815][  0]LogInit: Selected Device Profile: [Windows]
[2016.10.04-21.46.35:816][  0]LogContentStreaming: Texture pool size is 1000.000000MB
[2016.10.04-21.46.35:843][  0]LogMeshUtilities: No automatic mesh reduction module available
[2016.10.04-21.46.35:843][  0]LogMeshUtilities: No automatic mesh merging module available
[2016.10.04-21.46.36:467][  0]LogWindowsMoviePlayer: Unable to load movie: C:/Users/Soprano/Desktop/UE-Shooter-FinalBuild/Content/Movies/Default_Startup.mp4
[2016.10.04-21.46.36:608][  0]SourceControl: Info Source control is disabled
[2016.10.04-21.46.36:608][  0]SourceControl: Info Source control is disabled
[2016.10.04-21.46.36:625][  0]SourceControl: Info Source control is disabled
[2016.10.04-21.46.36:897][  0]LogObj: 27942 objects as part of root set at end of initial load.
[2016.10.04-21.46.36:897][  0]LogUObjectAllocator: 6046040 out of 0 bytes used by permanent object pool.
[2016.10.04-21.46.36:965][  0]LogEngine: Initializing Engine...
[2016.10.04-21.46.36:970][  0]LogHMD: Can't find Oculus library dev build: is proper Runtime installed? Version: 0.8.0.0
[2016.10.04-21.46.36:971][  0]LogHMD: SteamVR failed to initialize.  Err: 110
[2016.10.04-21.46.37:110][  0]LogInit: XAudio2 using 'Lautsprecher (Realtek High Definition Audio)' : 2 channels at 48 kHz using 32 bits per sample (channel mask 0x3)
[2016.10.04-21.46.37:129][  0]LogInit: FAudioDevice initialized.
[2016.10.04-21.46.37:135][  0]LogInit: Texture streaming: Enabled
[2016.10.04-21.46.37:639][  0]LogNet: Browse: /Temp/Autosaves/Game/Maps/UEDPCMainMenu?Name=Player
[2016.10.04-21.46.37:640][  0]LogLoad: LoadMap: /Temp/Autosaves/Game/Maps/UEDPCMainMenu?Name=Player
[2016.10.04-21.46.37:663][  0]LogParticles: Destroying 0 GPU particle simulations for FXSystem 0x0000000016A6FE20
[2016.10.04-21.46.37:682][  0]LogMemory: Platform Memory Stats for Windows
[2016.10.04-21.46.37:682][  0]LogMemory: Process Physical Memory: 426.43 MB used, 426.43 MB peak
[2016.10.04-21.46.37:683][  0]LogMemory: Process Virtual Memory: 381.88 MB used, 381.89 MB peak
[2016.10.04-21.46.37:683][  0]LogMemory: Physical Memory: 8615.25 MB used, 16277.07 MB total
[2016.10.04-21.46.37:683][  0]LogMemory: Virtual Memory: 973.65 MB used, 8388608.00 MB total
[2016.10.04-21.46.37:683][  0]LogMemory: 
[2016.10.04-21.46.37:683][  0]Allocator Stats for TBB: (not implemented)
[2016.10.04-21.46.37:708][  0]LogAIModule: Creating AISystem for world MainMenu
[2016.10.04-21.46.37:708][  0]LogLinker:Warning: Can't find file '/Game/FirstPersonBP/Blueprints/FirstPersonGameMode'
[2016.10.04-21.46.37:708][  0]LogUObjectGlobals:Warning: Failed to load '/Game/FirstPersonBP/Blueprints/FirstPersonGameMode': Can't find file '/Game/FirstPersonBP/Blueprints/FirstPersonGameMode'
[2016.10.04-21.46.37:708][  0]LogLinker:Warning: Can't find file '/Game/FirstPersonBP/Blueprints/FirstPersonGameMode'
[2016.10.04-21.46.37:708][  0]LogUObjectGlobals:Warning: Failed to load '/Game/FirstPersonBP/Blueprints/FirstPersonGameMode': Can't find file '/Game/FirstPersonBP/Blueprints/FirstPersonGameMode'
[2016.10.04-21.46.37:708][  0]LogUObjectGlobals:Warning: Failed to find object 'Class /Game/FirstPersonBP/Blueprints/FirstPersonGameMode.FirstPersonGameMode_C'
[2016.10.04-21.46.37:708][  0]LogWorld: Game class is 'GameMode'
[2016.10.04-21.46.37:710][  0]LogWorld: Bringing World /Temp/Autosaves/Game/Maps/UEDPCMainMenu.MainMenu up for play (max tick rate 0) at 2016.10.04-23.46.37
[2016.10.04-21.46.37:710][  0]LogWorld: Bringing up level for play took: 0.000589
[2016.10.04-21.46.37:711][  0]LogOnline:Warning: STEAM: Can't start an online game for session (Game) that hasn't been created
[2016.10.04-21.46.37:714][  0]LogInit:Display: Game Engine Initialized.
[2016.10.04-21.46.37:950][  0]LogLoad: Full Startup: 5.88 seconds (BP compile: 0.19 seconds)
[2016.10.04-21.46.37:974][  0]LogOcInput: Can't find Oculus library dev build: is proper Runtime installed? Version: 0.8.0.0
[2016.10.04-21.46.38:106][  2]LogRenderer: Reallocating scene render targets to support 1280x720 (Frame:2).
[2016.10.04-21.46.40:588][130]LogPackageName: SearchForPackageOnDisk took   0.138s to resolve Map_CaptureTheSphere.umap.
[2016.10.04-21.46.40:721][130]LogPackageName: SearchForPackageOnDisk took   0.132s to resolve Map_CaptureTheSphere.umap.
[2016.10.04-21.46.40:721][130]LogNet: Browse: /Game/Maps/Map_CaptureTheSphere?listen
[2016.10.04-21.46.40:721][130]LogLoad: LoadMap: /Game/Maps/Map_CaptureTheSphere?listen
[2016.10.04-21.46.40:735][130]LogParticles: Destroying 0 GPU particle simulations for FXSystem 0x0000000016A6DBC0
[2016.10.04-21.46.40:746][130]LogMemory: Platform Memory Stats for Windows
[2016.10.04-21.46.40:746][130]LogMemory: Process Physical Memory: 438.34 MB used, 453.88 MB peak
[2016.10.04-21.46.40:746][130]LogMemory: Process Virtual Memory: 389.80 MB used, 401.04 MB peak
[2016.10.04-21.46.40:746][130]LogMemory: Physical Memory: 8785.96 MB used, 16277.07 MB total
[2016.10.04-21.46.40:746][130]LogMemory: Virtual Memory: 1012.80 MB used, 8388608.00 MB total
[2016.10.04-21.46.40:746][130]LogMemory: 
[2016.10.04-21.46.40:746][130]Allocator Stats for TBB: (not implemented)
[2016.10.04-21.46.40:963][130]LogClass:Warning: UUserDefinedStructEditorData::RecreateDefaultInstance Cannot parse value. Property: Weapon Projectile String: "BlueprintGeneratedClass'/Game/Blueprints/FirstPersonBP/Blueprints/Projectiles/Rifle/BP_RailgunProjectile.BP_RailgunProjectile_C'"  Struct: /Game/FirstPersonBP/Blueprints/Modes/S_DamageMode.S_DamageMode 
[2016.10.04-21.46.41:041][130]LogClass:Warning: UUserDefinedStructEditorData::RecreateDefaultInstance Cannot parse value. Property: Weapon Projectile String: "BlueprintGeneratedClass'/Game/Blueprints/FirstPersonBP/Blueprints/Projectiles/Rifle/BP_RifleProjectile.BP_RifleProjectile_C'"  Struct: /Game/FirstPersonBP/Blueprints/Modes/S_BaseMode.S_BaseMode 
[2016.10.04-21.46.41:340][130]LogAssetRegistry: FAssetRegistry took 0.0002 seconds to start up
[2016.10.04-21.46.46:811][130]LogAIModule: Creating AISystem for world Map_CaptureTheSphere
[2016.10.04-21.46.46:811][130]LogWorld: Game class is 'GM_MPGameMode_C'
[2016.10.04-21.46.46:812][130]LogNet:Display: SteamNetDriver_0 bound to port 7777
[2016.10.04-21.46.46:812][130]LogNet: GameNetDriver SteamNetDriver_0 IpNetDriver listening on port 7777
[2016.10.04-21.46.46:899][130]LogWorld: Bringing World /Game/Maps/Map_CaptureTheSphere.Map_CaptureTheSphere up for play (max tick rate 0) at 2016.10.04-23.46.46
[2016.10.04-21.46.46:917][130]LogWorld: Bringing up level for play took: 0.104326
[2016.10.04-21.46.46:919][130]LogOnline:Warning: STEAM: Can't start an online session (Game) in state InProgress
[2016.10.04-21.46.46:924][130]LogAnimation:Warning: Playing a Montage (MannequinFPP_Shield_Montage) for the wrong Skeleton (MultiWeapon_Shield_Skeleton) instead of (MannequinFPP_Skeleton).
[2016.10.04-21.46.46:924][130]LogAnimation:Warning: Playing a Montage (MannequinFPP_Shield_Montage) for the wrong Skeleton (MultiWeapon_Shield_Skeleton) instead of (MannequinFPP_Skeleton).
[2016.10.04-21.46.46:924][130]LogAnimation:Warning: Playing a Montage (MannequinFPP_Shield_Montage) for the wrong Skeleton (MultiWeapon_Shield_Skeleton) instead of (MannequinFPP_Skeleton).
[2016.10.04-21.46.46:925][130]LogAnimation:Warning: Playing a Montage (MannequinFPP_Shield_Montage) for the wrong Skeleton (MultiWeapon_Shield_Skeleton) instead of (MannequinFPP_Skeleton).
[2016.10.04-21.46.46:925][130]LogAnimation:Warning: Playing a Montage (MannequinFPP_Shield_Montage) for the wrong Skeleton (MultiWeapon_Shield_Skeleton) instead of (MannequinFPP_Skeleton).
[2016.10.04-21.46.46:925][130]LogAnimation:Warning: Playing a Montage (MannequinFPP_Shield_Montage) for the wrong Skeleton (MultiWeapon_Shield_Skeleton) instead of (MannequinFPP_Skeleton).
[2016.10.04-21.46.46:932][130]LogBlueprintUserMessages: [W_mainHUD_C_0] FirstPersonCharacter
[2016.10.04-21.46.46:932][130]LogScript:Warning: Accessed None 'Widget'
	GI_MPGameInstance_C /Engine/Transient.GameEngine_0:GI_MPGameInstance_C_0
	Function /Game/Blueprints/Multiplayer/GI_MPGameInstance.GI_MPGameInstance_C:HideWidget:000A
[2016.10.04-21.46.46:945][130]LogBlueprintUserMessages: [W_mainHUD_C_0] FirstPersonCharacter
[2016.10.04-21.46.49:220][159]LogBlueprintUserMessages: [W_TeamSelection_C_0] Team1
[2016.10.04-21.46.49:225][159]LogAnimation:Warning: Playing a Montage (MannequinFPP_Shield_Montage) for the wrong Skeleton (MultiWeapon_Shield_Skeleton) instead of (MannequinFPP_Skeleton).
[2016.10.04-21.46.49:225][159]LogAnimation:Warning: Playing a Montage (MannequinFPP_Shield_Montage) for the wrong Skeleton (MultiWeapon_Shield_Skeleton) instead of (MannequinFPP_Skeleton).
[2016.10.04-21.46.49:225][159]LogAnimation:Warning: Playing a Montage (MannequinFPP_Shield_Montage) for the wrong Skeleton (MultiWeapon_Shield_Skeleton) instead of (MannequinFPP_Skeleton).
[2016.10.04-21.46.49:226][159]LogAnimation:Warning: Playing a Montage (MannequinFPP_Shield_Montage) for the wrong Skeleton (MultiWeapon_Shield_Skeleton) instead of (MannequinFPP_Skeleton).
[2016.10.04-21.46.49:226][159]LogAnimation:Warning: Playing a Montage (MannequinFPP_Shield_Montage) for the wrong Skeleton (MultiWeapon_Shield_Skeleton) instead of (MannequinFPP_Skeleton).
[2016.10.04-21.46.49:226][159]LogAnimation:Warning: Playing a Montage (MannequinFPP_Shield_Montage) for the wrong Skeleton (MultiWeapon_Shield_Skeleton) instead of (MannequinFPP_Skeleton).
[2016.10.04-21.46.49:231][159]LogBlueprintUserMessages: [W_mainHUD_C_0] FirstPersonCharacter1
[2016.10.04-21.46.55:821][310]LogBlueprintUserMessages: [CP_CentralPoint_C_2] player entered
[2016.10.04-21.46.55:821][310]LogBlueprintUserMessages: [CP_CentralPoint_C_2] Player0Team1
[2016.10.04-21.46.55:821][310]LogBlueprintUserMessages: [CP_CentralPoint_C_2] 0.0
[2016.10.04-21.46.55:822][310]LogBlueprintUserMessages: [CP_CentralPoint_C_2] 0.01571
[2016.10.04-21.46.55:867][311]LogBlueprintUserMessages: [CP_CentralPoint_C_2] 0.030799
[2016.10.04-21.46.55:912][312]LogBlueprintUserMessages: [CP_CentralPoint_C_2] 0.045938
[2016.10.04-21.46.55:954][313]LogBlueprintUserMessages: [CP_CentralPoint_C_2] 0.059827
[2016.10.04-21.46.55:996][314]LogBlueprintUserMessages: [CP_CentralPoint_C_2] 0.073906
[2016.10.04-21.46.56:051][315]LogBlueprintUserMessages: [CP_CentralPoint_C_2] 0.092216
[2016.10.04-21.46.56:103][316]LogBlueprintUserMessages: [CP_CentralPoint_C_2] 0.109717
[2016.10.04-21.46.56:160][317]LogBlueprintUserMessages: [CP_CentralPoint_C_2] 0.128684
[2016.10.04-21.46.56:216][318]LogBlueprintUserMessages: [CP_CentralPoint_C_2] 0.147424
[2016.10.04-21.46.56:271][319]LogBlueprintUserMessages: [CP_CentralPoint_C_2] 0.16543
[2016.10.04-21.46.56:321][320]LogBlueprintUserMessages: [CP_CentralPoint_C_2] 0.182245
[2016.10.04-21.46.56:376][321]LogBlueprintUserMessages: [CP_CentralPoint_C_2] 0.200302
[2016.10.04-21.46.56:428][322]LogBlueprintUserMessages: [CP_CentralPoint_C_2] 0.217785
[2016.10.04-21.46.56:540][323]LogBlueprintUserMessages: [CP_CentralPoint_C_2] 0.254823
[2016.10.04-21.46.56:565][324]LogBlueprintUserMessages: [CP_CentralPoint_C_2] 0.263575
[2016.10.04-21.46.56:596][325]LogBlueprintUserMessages: [CP_CentralPoint_C_2] 0.27416
[2016.10.04-21.46.56:650][326]LogBlueprintUserMessages: [CP_CentralPoint_C_2] 0.292069
[2016.10.04-21.46.56:704][327]LogBlueprintUserMessages: [CP_CentralPoint_C_2] 0.310032
[2016.10.04-21.46.56:760][328]LogBlueprintUserMessages: [CP_CentralPoint_C_2] 0.328742
[2016.10.04-21.46.56:814][329]LogBlueprintUserMessages: [CP_CentralPoint_C_2] 0.346747
[2016.10.04-21.46.56:864][330]LogBlueprintUserMessages: [CP_CentralPoint_C_2] 0.363462
[2016.10.04-21.46.56:920][331]LogBlueprintUserMessages: [CP_CentralPoint_C_2] 0.382028
[2016.10.04-21.46.56:972][332]LogBlueprintUserMessages: [CP_CentralPoint_C_2] 0.399316
[2016.10.04-21.46.57:023][333]LogBlueprintUserMessages: [CP_CentralPoint_C_2] 0.416534
[2016.10.04-21.46.57:075][334]LogBlueprintUserMessages: [CP_CentralPoint_C_2] 0.433697
[2016.10.04-21.46.57:127][335]LogBlueprintUserMessages: [CP_CentralPoint_C_2] 0.450989
[2016.10.04-21.46.57:179][336]LogBlueprintUserMessages: [CP_CentralPoint_C_2] 0.468313
[2016.10.04-21.46.57:232][337]LogBlueprintUserMessages: [CP_CentralPoint_C_2] 0.486095
[2016.10.04-21.46.57:284][338]LogBlueprintUserMessages: [CP_CentralPoint_C_2] 0.503393
[2016.10.04-21.46.57:336][339]LogBlueprintUserMessages: [CP_CentralPoint_C_2] 0.520647
[2016.10.04-21.46.57:388][340]LogBlueprintUserMessages: [CP_CentralPoint_C_2] 0.537883
[2016.10.04-21.46.57:439][341]LogBlueprintUserMessages: [CP_CentralPoint_C_2] 0.555072
[2016.10.04-21.46.57:491][342]LogBlueprintUserMessages: [CP_CentralPoint_C_2] 0.572254
[2016.10.04-21.46.57:543][343]LogBlueprintUserMessages: [CP_CentralPoint_C_2] 0.589547
[2016.10.04-21.46.57:601][344]LogBlueprintUserMessages: [CP_CentralPoint_C_2] 0.609204
[2016.10.04-21.46.57:647][345]LogBlueprintUserMessages: [CP_CentralPoint_C_2] 0.624444
[2016.10.04-21.46.57:698][346]LogBlueprintUserMessages: [CP_CentralPoint_C_2] 0.641504
[2016.10.04-21.46.57:750][347]LogBlueprintUserMessages: [CP_CentralPoint_C_2] 0.658734
[2016.10.04-21.46.57:802][348]LogBlueprintUserMessages: [CP_CentralPoint_C_2] 0.675928
[2016.10.04-21.46.57:853][349]LogBlueprintUserMessages: [CP_CentralPoint_C_2] 0.693133
[2016.10.04-21.46.57:907][350]LogBlueprintUserMessages: [CP_CentralPoint_C_2] 0.71094
[2016.10.04-21.46.57:958][351]LogBlueprintUserMessages: [CP_CentralPoint_C_2] 0.728037
[2016.10.04-21.46.58:009][352]LogBlueprintUserMessages: [CP_CentralPoint_C_2] 0.745194
[2016.10.04-21.46.58:061][353]LogBlueprintUserMessages: [CP_CentralPoint_C_2] 0.762368
[2016.10.04-21.46.58:113][354]LogBlueprintUserMessages: [CP_CentralPoint_C_2] 0.779558
[2016.10.04-21.46.58:164][355]LogBlueprintUserMessages: [CP_CentralPoint_C_2] 0.796872
[2016.10.04-21.46.58:216][356]LogBlueprintUserMessages: [CP_CentralPoint_C_2] 0.814025
[2016.10.04-21.46.58:270][357]LogBlueprintUserMessages: [CP_CentralPoint_C_2] 0.8321
[2016.10.04-21.46.58:323][358]LogBlueprintUserMessages: [CP_CentralPoint_C_2] 0.849634
[2016.10.04-21.46.58:375][359]LogBlueprintUserMessages: [CP_CentralPoint_C_2] 0.866949
[2016.10.04-21.46.58:427][360]LogBlueprintUserMessages: [CP_CentralPoint_C_2] 0.884321
[2016.10.04-21.46.58:480][361]LogBlueprintUserMessages: [CP_CentralPoint_C_2] 0.901785
[2016.10.04-21.46.58:532][362]LogBlueprintUserMessages: [CP_CentralPoint_C_2] 0.919206
[2016.10.04-21.46.58:586][363]LogBlueprintUserMessages: [CP_CentralPoint_C_2] 0.937344
[2016.10.04-21.46.58:651][364]LogBlueprintUserMessages: [CP_CentralPoint_C_2] 0.958993
[2016.10.04-21.46.58:691][365]LogBlueprintUserMessages: [CP_CentralPoint_C_2] 0.972302
[2016.10.04-21.46.58:729][366]LogBlueprintUserMessages: [CP_CentralPoint_C_2] 0.985153
[2016.10.04-21.46.58:766][367]LogBlueprintUserMessages: [CP_CentralPoint_C_2] 0.997489
[2016.10.04-21.46.58:801][368]LogBlueprintUserMessages: [CP_CentralPoint_C_2] 1.0
[2016.10.04-21.47.01:821][457]LogBlueprintUserMessages: [CP_CentralPoint_C_2] Team Blue Capturing: 5
[2016.10.04-21.47.04:809][569]LogBlueprintUserMessages: [CP_CentralPoint_C_2] Team Blue Capturing: 10
[2016.10.04-21.47.07:826][675]LogBlueprintUserMessages: [CP_CentralPoint_C_2] Team Blue Capturing: 15
[2016.10.04-21.47.10:070][767]LogBlueprintUserMessages: [CP_CentralPoint_C_2] player left point
[2016.10.04-21.47.13:787][947]LogBlueprintUserMessages: [MannequinFPP_AnimBP_C_1] false
[2016.10.04-21.47.16:395][107]LogBlueprintUserMessages: [MannequinFPP_AnimBP_C_1] true
[2016.10.04-21.47.27:154][766]LogEngine: All Windows Closed
[2016.10.04-21.47.27:154][766]LogWindows: FPlatformMisc::RequestExit(0)
[2016.10.04-21.47.27:982][767]LogNet: World NetDriver shutdown SteamNetDriver_0 [GameNetDriver]
[2016.10.04-21.47.27:982][767]LogNet: DestroyNamedNetDriver SteamNetDriver_0 [GameNetDriver]
[2016.10.04-21.47.27:982][767]LogExit: GameNetDriver SteamNetDriver_0 shut down
[2016.10.04-21.47.27:988][767]LogExit: Preparing to exit.
[2016.10.04-21.47.28:263][767]LogExit: Game engine shut down
[2016.10.04-21.47.28:267][767]LogParticles: Destroying 0 GPU particle simulations for FXSystem 0x0000000038D2B740
[2016.10.04-21.47.28:598][767]LogExit: Object subsystem successfully closed.
[2016.10.04-21.47.28:617][767]LogD3D11RHI: Shutdown
[2016.10.04-21.47.28:617][767]LogD3D11RHI: CleanupD3DDevice
[2016.10.04-21.47.30:062][767]LogD3D11RHI: ~FD3D11DynamicRHI
[2016.10.04-21.47.30:075][767]LogModuleManager: Shutting down and abandoning module AndroidDeviceDetection (119)
[2016.10.04-21.47.30:728][767]LogModuleManager: Shutting down and abandoning module AssetRegistry (118)
[2016.10.04-21.47.30:728][767]LogModuleManager: Shutting down and abandoning module AutomationController (117)
[2016.10.04-21.47.30:728][767]LogModuleManager: Shutting down and abandoning module AutomationWorker (116)
[2016.10.04-21.47.30:728][767]LogModuleManager: Shutting down and abandoning module CharacterAI (115)
[2016.10.04-21.47.30:728][767]LogModuleManager: Shutting down and abandoning module AITestSuite (114)
[2016.10.04-21.47.30:728][767]LogModuleManager: Shutting down and abandoning module GameplayDebugger (113)
[2016.10.04-21.47.30:728][767]LogModuleManager: Shutting down and abandoning module AIModule (112)
[2016.10.04-21.47.30:728][767]LogModuleManager: Shutting down and abandoning module MovieSceneCapture (111)
[2016.10.04-21.47.30:728][767]LogModuleManager: Shutting down and abandoning module GameLiveStreaming (110)
[2016.10.04-21.47.30:728][767]LogModuleManager: Shutting down and abandoning module StreamingPauseRendering (109)
[2016.10.04-21.47.30:728][767]LogModuleManager: Shutting down and abandoning module ProfilerService (108)
[2016.10.04-21.47.30:923][767]LogModuleManager: Shutting down and abandoning module TaskGraph (107)
[2016.10.04-21.47.30:923][767]LogModuleManager: Shutting down and abandoning module SlateRemote (106)
[2016.10.04-21.47.30:923][767]LogModuleManager: Shutting down and abandoning module SteamVRController (105)
[2016.10.04-21.47.30:923][767]LogModuleManager: Shutting down and abandoning module SteamVR (104)
[2016.10.04-21.47.30:923][767]LogModuleManager: Shutting down and abandoning module ProceduralMeshComponent (103)
[2016.10.04-21.47.30:923][767]LogModuleManager: Shutting down and abandoning module OculusLibrary (102)
[2016.10.04-21.47.30:923][767]LogModuleManager: Shutting down and abandoning module OculusInput (101)
[2016.10.04-21.47.30:923][767]LogModuleManager: Shutting down and abandoning module LeapMotionController (100)
[2016.10.04-21.47.30:934][767]LogModuleManager: Shutting down and abandoning module CustomMeshComponent (99)
[2016.10.04-21.47.30:934][767]LogModuleManager: Shutting down and abandoning module CableComponent (98)
[2016.10.04-21.47.30:934][767]LogModuleManager: Shutting down and abandoning module ArchVisCharacter (97)
[2016.10.04-21.47.30:934][767]LogModuleManager: Shutting down and abandoning module HTML5Networking (96)
[2016.10.04-21.47.30:934][767]LogModuleManager: Shutting down and abandoning module DesktopPlatform (95)
[2016.10.04-21.47.30:934][767]LogModuleManager: Shutting down and abandoning module DirectoryWatcher (94)
[2016.10.04-21.47.30:934][767]LogModuleManager: Shutting down and abandoning module HotReload (93)
[2016.10.04-21.47.30:934][767]LogModuleManager: Shutting down and abandoning module VisualStudioSourceCodeAccess (92)
[2016.10.04-21.47.30:934][767]LogModuleManager: Shutting down and abandoning module UObjectPlugin (91)
[2016.10.04-21.47.30:934][767]LogModuleManager: Shutting down and abandoning module SubversionSourceControl (90)
[2016.10.04-21.47.30:934][767]LogModuleManager: Shutting down and abandoning module SourceControl (89)
[2016.10.04-21.47.30:934][767]LogModuleManager: Shutting down and abandoning module PerforceSourceControl (88)
[2016.10.04-21.47.30:934][767]LogModuleManager: Shutting down and abandoning module UdpMessaging (87)
[2016.10.04-21.47.30:934][767]LogModuleManager: Shutting down and abandoning module LightPropagationVolumeRuntime (86)
[2016.10.04-21.47.30:934][767]LogModuleManager: Shutting down and abandoning module Paper2D (85)
[2016.10.04-21.47.30:934][767]LogModuleManager: Shutting down and abandoning module WindowsMoviePlayer (84)
[2016.10.04-21.47.30:940][767]LogModuleManager: Shutting down and abandoning module Media (83)
[2016.10.04-21.47.30:940][767]LogModuleManager: Shutting down and abandoning module WmfMedia (82)
[2016.10.04-21.47.30:940][767]LogModuleManager: Shutting down and abandoning module OnlineBlueprintSupport (81)
[2016.10.04-21.47.30:940][767]LogModuleManager: Shutting down and abandoning module GameplayTasksEditor (80)
[2016.10.04-21.47.30:940][767]LogModuleManager: Shutting down and abandoning module PropertyEditor (79)
[2016.10.04-21.47.30:940][767]LogModuleManager: Shutting down and abandoning module BehaviorTreeEditor (78)
[2016.10.04-21.47.30:940][767]LogModuleManager: Shutting down and abandoning module FunctionalTesting (77)
[2016.10.04-21.47.30:940][767]LogModuleManager: Shutting down and abandoning module CollisionAnalyzer (76)
[2016.10.04-21.47.30:940][767]LogModuleManager: Shutting down and abandoning module WorkspaceMenuStructure (75)
[2016.10.04-21.47.30:940][767]LogModuleManager: Shutting down and abandoning module MessageLog (74)
[2016.10.04-21.47.30:940][767]LogModuleManager: Shutting down and abandoning module Sequencer (73)
[2016.10.04-21.47.30:940][767]LogModuleManager: Shutting down and abandoning module AssetTools (72)
[2016.10.04-21.47.30:940][767]LogModuleManager: Shutting down and abandoning module UMGEditor (71)
[2016.10.04-21.47.30:940][767]LogModuleManager: Shutting down and abandoning module UMG (70)
[2016.10.04-21.47.30:940][767]LogModuleManager: Shutting down and abandoning module Slate (69)
[2016.10.04-21.47.30:940][767]LogModuleManager: Shutting down and abandoning module EditorStyle (68)
[2016.10.04-21.47.30:942][767]LogModuleManager: Shutting down and abandoning module SessionServices (67)
[2016.10.04-21.47.30:942][767]LogModuleManager: Shutting down and abandoning module SourceCodeAccess (66)
[2016.10.04-21.47.30:942][767]LogModuleManager: Shutting down and abandoning module HeadMountedDisplay (65)
[2016.10.04-21.47.30:942][767]LogModuleManager: Shutting down and abandoning module XAudio2 (64)
[2016.10.04-21.47.30:942][767]LogModuleManager: Shutting down and abandoning module Networking (63)
[2016.10.04-21.47.30:942][767]LogModuleManager: Shutting down and abandoning module Core (62)
[2016.10.04-21.47.30:942][767]LogModuleManager: Shutting down and abandoning module KismetCompiler (61)
[2016.10.04-21.47.30:942][767]LogModuleManager: Shutting down and abandoning module PhysXFormats (60)
[2016.10.04-21.47.30:942][767]LogModuleManager: Shutting down and abandoning module MeshUtilities (59)
[2016.10.04-21.47.30:942][767]LogModuleManager: Shutting down and abandoning module DerivedDataCache (58)
[2016.10.04-21.47.30:988][767]LogDerivedDataCache: Shutdown
[2016.10.04-21.47.30:988][767]LogModuleManager: Shutting down and abandoning module ShaderFormatOpenGL (57)
[2016.10.04-21.47.30:988][767]LogModuleManager: Shutting down and abandoning module ShaderFormatD3D (56)
[2016.10.04-21.47.30:988][767]LogModuleManager: Shutting down and abandoning module MetalShaderFormat (55)
[2016.10.04-21.47.30:988][767]LogModuleManager: Shutting down and abandoning module TextureFormatUncompressed (54)
[2016.10.04-21.47.30:988][767]LogModuleManager: Shutting down and abandoning module TextureFormatPVR (53)
[2016.10.04-21.47.30:988][767]LogModuleManager: Shutting down and abandoning module TextureFormatIntelISPCTexComp (52)
[2016.10.04-21.47.30:988][767]LogModuleManager: Shutting down and abandoning module TextureFormatDXT (51)
[2016.10.04-21.47.30:988][767]LogModuleManager: Shutting down and abandoning module ImageWrapper (50)
[2016.10.04-21.47.30:988][767]LogModuleManager: Shutting down and abandoning module TextureFormatASTC (49)
[2016.10.04-21.47.30:988][767]LogModuleManager: Shutting down and abandoning module TextureFormatAndroid (48)
[2016.10.04-21.47.30:988][767]LogModuleManager: Shutting down and abandoning module AudioFormatOpus (47)
[2016.10.04-21.47.30:988][767]LogModuleManager: Shutting down and abandoning module AudioFormatOgg (46)
[2016.10.04-21.47.30:988][767]LogModuleManager: Shutting down and abandoning module AudioFormatADPCM (45)
[2016.10.04-21.47.30:988][767]LogModuleManager: Shutting down and abandoning module LinuxTargetPlatform (44)
[2016.10.04-21.47.30:988][767]LogModuleManager: Shutting down and abandoning module LinuxServerTargetPlatform (43)
[2016.10.04-21.47.30:988][767]LogModuleManager: Shutting down and abandoning module LinuxNoEditorTargetPlatform (42)
[2016.10.04-21.47.30:988][767]LogModuleManager: Shutting down and abandoning module Messaging (41)
[2016.10.04-21.47.30:988][767]LogModuleManager: Shutting down and abandoning module IOSTargetPlatform (40)
[2016.10.04-21.47.30:988][767]LogModuleManager: Shutting down and abandoning module HTML5TargetPlatform (39)
[2016.10.04-21.47.30:988][767]LogModuleManager: Shutting down and abandoning module Android_PVRTCTargetPlatform (38)
[2016.10.04-21.47.30:988][767]LogModuleManager: Shutting down and abandoning module Android_MultiTargetPlatform (37)
[2016.10.04-21.47.30:988][767]LogModuleManager: Shutting down and abandoning module Android_ETC2TargetPlatform (36)
[2016.10.04-21.47.30:988][767]LogModuleManager: Shutting down and abandoning module Android_ETC1TargetPlatform (35)
[2016.10.04-21.47.30:988][767]LogModuleManager: Shutting down and abandoning module Android_DXTTargetPlatform (34)
[2016.10.04-21.47.30:988][767]LogModuleManager: Shutting down and abandoning module Android_ATCTargetPlatform (33)
[2016.10.04-21.47.30:988][767]LogModuleManager: Shutting down and abandoning module Android_ASTCTargetPlatform (32)
[2016.10.04-21.47.30:988][767]LogModuleManager: Shutting down and abandoning module AndroidTargetPlatform (31)
[2016.10.04-21.47.30:988][767]LogModuleManager: Shutting down and abandoning module WindowsTargetPlatform (30)
[2016.10.04-21.47.30:988][767]LogModuleManager: Shutting down and abandoning module WindowsServerTargetPlatform (29)
[2016.10.04-21.47.30:988][767]LogModuleManager: Shutting down and abandoning module WindowsNoEditorTargetPlatform (28)
[2016.10.04-21.47.30:988][767]LogModuleManager: Shutting down and abandoning module WindowsClientTargetPlatform (27)
[2016.10.04-21.47.30:988][767]LogModuleManager: Shutting down and abandoning module AllDesktopTargetPlatform (26)
[2016.10.04-21.47.30:988][767]LogModuleManager: Shutting down and abandoning module TargetPlatform (25)
[2016.10.04-21.47.30:988][767]LogModuleManager: Shutting down and abandoning module InputCore (24)
[2016.10.04-21.47.30:988][767]LogModuleManager: Shutting down and abandoning module Settings (23)
[2016.10.04-21.47.30:988][767]LogModuleManager: Shutting down and abandoning module OnlineSubsystem (19)
[2016.10.04-21.47.30:988][767]LogOnline:Display: STEAM: OnlineSubsystemSteam::Shutdown()
[2016.10.04-21.47.31:034][767]LogOnline:Display: Unloading online subsystem: STEAM
[2016.10.04-21.47.31:034][767]LogOnline:Display: STEAM: OnlineSubsystemSteam::Shutdown()
[2016.10.04-21.47.31:034][767]LogModuleManager: Shutting down and abandoning module HTTP (18)
[2016.10.04-21.47.31:034][767]LogModuleManager: Shutting down and abandoning module XMPP (17)
[2016.10.04-21.47.31:034][767]LogModuleManager: Shutting down and abandoning module OculusRift (16)
[2016.10.04-21.47.31:034][767]LogModuleManager: Shutting down and abandoning module ExampleDeviceProfileSelector (15)
[2016.10.04-21.47.31:034][767]LogModuleManager: Shutting down and abandoning module TextureCompressor (14)
[2016.10.04-21.47.31:034][767]LogModuleManager: Shutting down and abandoning module ShaderCore (13)
[2016.10.04-21.47.31:034][767]LogModuleManager: Shutting down and abandoning module Landscape (12)
[2016.10.04-21.47.31:034][767]LogModuleManager: Shutting down and abandoning module SlateRHIRenderer (11)
[2016.10.04-21.47.31:034][767]LogModuleManager: Shutting down and abandoning module OpenGLDrv (10)
[2016.10.04-21.47.31:035][767]LogModuleManager: Shutting down and abandoning module D3D11RHI (9)
[2016.10.04-21.47.31:035][767]LogModuleManager: Shutting down and abandoning module AnimGraphRuntime (8)
[2016.10.04-21.47.31:035][767]LogModuleManager: Shutting down and abandoning module Renderer (7)
[2016.10.04-21.47.31:035][767]LogModuleManager: Shutting down and abandoning module Engine (6)
[2016.10.04-21.47.31:035][767]LogModuleManager: Shutting down and abandoning module CoreUObject (5)
[2016.10.04-21.47.31:035][767]LogModuleManager: Shutting down and abandoning module NetworkFile (4)
[2016.10.04-21.47.31:035][767]LogModuleManager: Shutting down and abandoning module StreamingFile (3)
[2016.10.04-21.47.31:035][767]LogModuleManager: Shutting down and abandoning module SandboxFile (2)
[2016.10.04-21.47.31:035][767]LogModuleManager: Shutting down and abandoning module PakFile (1)
[2016.10.04-21.47.31:039][767]LogExit: Exiting.
[2016.10.04-21.47.31:041][767]Log file closed, 10/04/16 23:47:31
