[2016.10.04-21.50.53:943][  0]Log file open, 10/04/16 23:50:53
[2016.10.04-21.50.53:943][  0]LogInit:Display: Running engine for game: Hypergunner
[2016.10.04-21.50.53:943][  0]LogPlatformFile: Not using cached read wrapper
[2016.10.04-21.50.53:943][  0]LogInit:Display: RandInit(-1954395583) SRandInit(-1954395581).
[2016.10.04-21.50.53:943][  0]LogTaskGraph: Started task graph with 4 named threads and 7 total threads.
[2016.10.04-21.50.53:943][  0]LogStats: Stats thread started at 0.381178
[2016.10.04-21.50.53:943][  0]LogInit: Version: 4.10.4-2872498+++depot+UE4-Releases+4.10
[2016.10.04-21.50.53:943][  0]LogInit: API Version: 2758231
[2016.10.04-21.50.53:943][  0]LogInit: Compiled (64-bit): Feb 18 2016 15:47:04
[2016.10.04-21.50.53:943][  0]LogInit: Compiled with Visual C++: 19.00.23026.00
[2016.10.04-21.50.53:943][  0]LogInit: Build Configuration: Development
[2016.10.04-21.50.53:943][  0]LogInit: Branch Name: ++depot+UE4-Releases+4.10
[2016.10.04-21.50.53:943][  0]LogInit: Command line:  /Temp/Autosaves/Game/Maps/UEDPCMainMenu -game -PIEVIACONSOLE -ResX=1280 -ResY=720  -Multiprocess 
[2016.10.04-21.50.53:943][  0]LogInit: Base directory: D:/02_Programme/Epic Games/4.10/Engine/Binaries/Win64/
[2016.10.04-21.50.53:943][  0]LogInit: Rocket: 1
[2016.10.04-21.50.54:093][  0]LogInit: Using libcurl 7.41.0
[2016.10.04-21.50.54:093][  0]LogInit:  - built for x86_64-pc-win32
[2016.10.04-21.50.54:093][  0]LogInit:  - supports SSL with WinSSL
[2016.10.04-21.50.54:093][  0]LogInit:  - other features:
[2016.10.04-21.50.54:093][  0]LogInit:      CURL_VERSION_SSL
[2016.10.04-21.50.54:093][  0]LogInit:      CURL_VERSION_IPV6
[2016.10.04-21.50.54:093][  0]LogInit:      CURL_VERSION_ASYNCHDNS
[2016.10.04-21.50.54:093][  0]LogInit:      CURL_VERSION_LARGEFILE
[2016.10.04-21.50.54:093][  0]LogInit:      CURL_VERSION_IDN
[2016.10.04-21.50.54:093][  0]LogInit:  CurlRequestOptions (configurable via config and command line):
[2016.10.04-21.50.54:093][  0]LogInit:  - bVerifyPeer = true  - Libcurl will verify peer certificate
[2016.10.04-21.50.54:093][  0]LogInit:  - bUseHttpProxy = false  - Libcurl will NOT use HTTP proxy
[2016.10.04-21.50.54:093][  0]LogInit:  - bDontReuseConnections = false  - Libcurl will reuse connections
[2016.10.04-21.50.54:093][  0]LogInit:  - CertBundlePath = nullptr  - Libcurl will use whatever was configured at build time.
[2016.10.04-21.50.54:370][  0]LogOnline:Display: STEAM: Loading Steam SDK 1.32
[2016.10.04-21.50.55:359][  0]LogInit: WinSock: version 1.1 (2.2), MaxSocks=32767, MaxUdp=65467
[2016.10.04-21.50.55:553][  0]LogInit: Presizing for 0 objects not considered by GC, pre-allocating 0 bytes.
[2016.10.04-21.50.55:563][  0]LogInit: Object subsystem initialized
[2016.10.04-21.50.55:564][  0]LogInit: Selected Device Profile: [Windows]
[2016.10.04-21.50.55:564][  0]LogInit: Applying CVar settings loaded from the selected device profile: [Windows]
[2016.10.04-21.50.55:568][  0]LogInit: Computer: SOPRANO-PC
[2016.10.04-21.50.55:568][  0]LogInit: User: Soprano
[2016.10.04-21.50.55:568][  0]LogInit: CPU Page size=4096, Cores=4
[2016.10.04-21.50.55:568][  0]LogInit: High frequency timer resolution =2.435917 MHz
[2016.10.04-21.50.55:568][  0]LogMemory: Memory total: Physical=15.9GB (16GB approx)
[2016.10.04-21.50.55:568][  0]LogMemory: Platform Memory Stats for Windows
[2016.10.04-21.50.55:568][  0]LogMemory: Process Physical Memory: 95.28 MB used, 95.28 MB peak
[2016.10.04-21.50.55:568][  0]LogMemory: Process Virtual Memory: 78.95 MB used, 78.95 MB peak
[2016.10.04-21.50.55:568][  0]LogMemory: Physical Memory: 9500.39 MB used, 16277.07 MB total
[2016.10.04-21.50.55:568][  0]LogMemory: Virtual Memory: 473.19 MB used, 8388608.00 MB total
[2016.10.04-21.50.55:675][  0]LogTextLocalizationManager: No translations for ('de-DE') exist, falling back to 'en' for localization and internationalization data.
[2016.10.04-21.50.56:317][  0]LogD3D11RHI: Found D3D11 adapter 0: AMD Radeon HD 5800 Series (Feature Level 11_0)
[2016.10.04-21.50.56:317][  0]LogD3D11RHI: Adapter has 1010MB of dedicated video memory, 0MB of dedicated system memory, and 3840MB of shared system memory, 1 output[s]
[2016.10.04-21.50.56:340][  0]LogD3D11RHI: Found D3D11 adapter 1: Intel(R) HD Graphics Family (Feature Level 10_0)
[2016.10.04-21.50.56:340][  0]LogD3D11RHI: Adapter has 64MB of dedicated video memory, 0MB of dedicated system memory, and 1632MB of shared system memory, 0 output[s]
[2016.10.04-21.50.56:340][  0]LogD3D11RHI: Chosen D3D11 Adapter Id = 0
[2016.10.04-21.50.56:348][  0]LogD3D11RHI: !Direct3DDevice
[2016.10.04-21.50.56:349][  0]LogRHI: Texture pool is 707 MB (70% of 1010 MB)
[2016.10.04-21.50.56:361][  0]LogD3D11RHI: Async texture creation disabled: no driver support
[2016.10.04-21.50.56:371][  0]LogShaderCompilers: Guid format shader working directory is 2 characters bigger than the processId version (C:/Users/Soprano/Desktop/UE-Shooter-FinalBuild/Intermediate/Shaders/WorkingDirectory/9744/).
[2016.10.04-21.50.56:372][  0]LogShaderCompilers: Cleaned the shader compiler working directory 'C:/Users/Soprano/AppData/Local/Temp/UnrealShaderWorkingDir/87D613BF4506855A57B3B7B3962212DA/'.
[2016.10.04-21.50.56:372][  0]LogShaderCompilers:Display: Using Local Shader Compiler.
[2016.10.04-21.50.57:673][  0]LogTemp:Display: Loaded TP AllDesktopTargetPlatform
[2016.10.04-21.50.57:680][  0]LogTemp:Display: Loaded TP WindowsClientTargetPlatform
[2016.10.04-21.50.57:688][  0]LogTemp:Display: Loaded TP WindowsNoEditorTargetPlatform
[2016.10.04-21.50.57:695][  0]LogTemp:Display: Loaded TP WindowsServerTargetPlatform
[2016.10.04-21.50.57:703][  0]LogTemp:Display: Loaded TP WindowsTargetPlatform
[2016.10.04-21.50.57:708][  0]LogTemp:Display: Loaded TP AndroidTargetPlatform
[2016.10.04-21.50.57:713][  0]LogTemp:Display: Loaded TP Android_ASTCTargetPlatform
[2016.10.04-21.50.57:717][  0]LogTemp:Display: Loaded TP Android_ATCTargetPlatform
[2016.10.04-21.50.57:722][  0]LogTemp:Display: Loaded TP Android_DXTTargetPlatform
[2016.10.04-21.50.57:727][  0]LogTemp:Display: Loaded TP Android_ETC1TargetPlatform
[2016.10.04-21.50.57:732][  0]LogTemp:Display: Loaded TP Android_ETC2TargetPlatform
[2016.10.04-21.50.57:743][  0]LogTemp:Display: Loaded TP Android_MultiTargetPlatform
[2016.10.04-21.50.57:743][  0]LogTemp:Display: Loaded TP Android_PVRTCTargetPlatform
[2016.10.04-21.50.57:745][  0]LogTemp:Display: Loaded TP HTML5TargetPlatform
[2016.10.04-21.50.57:766][  0]LogTemp:Display: Loaded TP IOSTargetPlatform
[2016.10.04-21.50.57:770][  0]LogTemp:Display: Loaded TP LinuxNoEditorTargetPlatform
[2016.10.04-21.50.57:775][  0]LogTemp:Display: Loaded TP LinuxServerTargetPlatform
[2016.10.04-21.50.57:780][  0]LogTemp:Display: Loaded TP LinuxTargetPlatform
[2016.10.04-21.50.57:780][  0]LogTargetPlatformManager:Display: Building Assets For Windows
[2016.10.04-21.50.57:930][  0]LogDerivedDataCache:Display: Max Cache Size: 512 MB
[2016.10.04-21.50.57:983][  0]LogDerivedDataCache: Loaded boot cache 0.05s 42MB C:/Users/Soprano/AppData/Local/UnrealEngine/4.10/DerivedDataCache/Boot.ddc.
[2016.10.04-21.50.57:983][  0]LogDerivedDataCache:Display: Loaded Boot cache: C:/Users/Soprano/AppData/Local/UnrealEngine/4.10/DerivedDataCache/Boot.ddc
[2016.10.04-21.50.57:983][  0]LogDerivedDataCache: FDerivedDataBackendGraph:  Pak pak cache file C:/Users/Soprano/Desktop/UE-Shooter-FinalBuild/DerivedDataCache/DDC.ddp not found, will not use a pak cache.
[2016.10.04-21.50.57:983][  0]LogDerivedDataCache: Unable to find inner node Pak for hierarchical cache Hierarchy.
[2016.10.04-21.50.57:983][  0]LogDerivedDataCache: FDerivedDataBackendGraph:  CompressedPak pak cache file C:/Users/Soprano/Desktop/UE-Shooter-FinalBuild/DerivedDataCache/Compressed.ddp not found, will not use a pak cache.
[2016.10.04-21.50.57:983][  0]LogDerivedDataCache: Unable to find inner node CompressedPak for hierarchical cache Hierarchy.
[2016.10.04-21.50.58:061][  0]LogDerivedDataCache:Display: Pak cache opened for reading ../../../Engine/DerivedDataCache/Compressed.ddp.
[2016.10.04-21.50.58:073][  0]LogDerivedDataCache: Using Local data cache path C:/Users/Soprano/AppData/Local/UnrealEngine/Common/DerivedDataCache: Writable
[2016.10.04-21.50.58:458][  0]LogInit: Selected Device Profile: [Windows]
[2016.10.04-21.50.58:458][  0]LogContentStreaming: Texture pool size is 1000.000000MB
[2016.10.04-21.50.58:488][  0]LogMeshUtilities: No automatic mesh reduction module available
[2016.10.04-21.50.58:488][  0]LogMeshUtilities: No automatic mesh merging module available
[2016.10.04-21.50.59:189][  0]LogWindowsMoviePlayer: Unable to load movie: C:/Users/Soprano/Desktop/UE-Shooter-FinalBuild/Content/Movies/Default_Startup.mp4
[2016.10.04-21.50.59:390][  0]SourceControl: Info Source control is disabled
[2016.10.04-21.50.59:390][  0]SourceControl: Info Source control is disabled
[2016.10.04-21.50.59:438][  0]SourceControl: Info Source control is disabled
[2016.10.04-21.50.59:774][  0]LogObj: 27942 objects as part of root set at end of initial load.
[2016.10.04-21.50.59:774][  0]LogUObjectAllocator: 6046040 out of 0 bytes used by permanent object pool.
[2016.10.04-21.50.59:867][  0]LogEngine: Initializing Engine...
[2016.10.04-21.50.59:872][  0]LogHMD: Can't find Oculus library dev build: is proper Runtime installed? Version: 0.8.0.0
[2016.10.04-21.50.59:873][  0]LogHMD: SteamVR failed to initialize.  Err: 110
[2016.10.04-21.51.00:031][  0]LogInit: XAudio2 using 'Lautsprecher (Realtek High Definition Audio)' : 2 channels at 48 kHz using 32 bits per sample (channel mask 0x3)
[2016.10.04-21.51.00:050][  0]LogInit: FAudioDevice initialized.
[2016.10.04-21.51.00:057][  0]LogInit: Texture streaming: Enabled
[2016.10.04-21.51.00:664][  0]LogNet: Browse: /Temp/Autosaves/Game/Maps/UEDPCMainMenu?Name=Player
[2016.10.04-21.51.00:664][  0]LogLoad: LoadMap: /Temp/Autosaves/Game/Maps/UEDPCMainMenu?Name=Player
[2016.10.04-21.51.00:693][  0]LogParticles: Destroying 0 GPU particle simulations for FXSystem 0x0000000016F63E20
[2016.10.04-21.51.00:715][  0]LogMemory: Platform Memory Stats for Windows
[2016.10.04-21.51.00:715][  0]LogMemory: Process Physical Memory: 423.85 MB used, 423.85 MB peak
[2016.10.04-21.51.00:715][  0]LogMemory: Process Virtual Memory: 378.52 MB used, 382.92 MB peak
[2016.10.04-21.51.00:715][  0]LogMemory: Physical Memory: 9969.46 MB used, 16277.07 MB total
[2016.10.04-21.51.00:715][  0]LogMemory: Virtual Memory: 986.41 MB used, 8388608.00 MB total
[2016.10.04-21.51.00:715][  0]LogMemory: 
[2016.10.04-21.51.00:715][  0]Allocator Stats for TBB: (not implemented)
[2016.10.04-21.51.00:742][  0]LogAIModule: Creating AISystem for world MainMenu
[2016.10.04-21.51.00:742][  0]LogLinker:Warning: Can't find file '/Game/FirstPersonBP/Blueprints/FirstPersonGameMode'
[2016.10.04-21.51.00:742][  0]LogUObjectGlobals:Warning: Failed to load '/Game/FirstPersonBP/Blueprints/FirstPersonGameMode': Can't find file '/Game/FirstPersonBP/Blueprints/FirstPersonGameMode'
[2016.10.04-21.51.00:743][  0]LogLinker:Warning: Can't find file '/Game/FirstPersonBP/Blueprints/FirstPersonGameMode'
[2016.10.04-21.51.00:743][  0]LogUObjectGlobals:Warning: Failed to load '/Game/FirstPersonBP/Blueprints/FirstPersonGameMode': Can't find file '/Game/FirstPersonBP/Blueprints/FirstPersonGameMode'
[2016.10.04-21.51.00:743][  0]LogUObjectGlobals:Warning: Failed to find object 'Class /Game/FirstPersonBP/Blueprints/FirstPersonGameMode.FirstPersonGameMode_C'
[2016.10.04-21.51.00:743][  0]LogWorld: Game class is 'GameMode'
[2016.10.04-21.51.00:745][  0]LogWorld: Bringing World /Temp/Autosaves/Game/Maps/UEDPCMainMenu.MainMenu up for play (max tick rate 0) at 2016.10.04-23.51.00
[2016.10.04-21.51.00:745][  0]LogWorld: Bringing up level for play took: 0.000623
[2016.10.04-21.51.00:746][  0]LogOnline:Warning: STEAM: Can't start an online game for session (Game) that hasn't been created
[2016.10.04-21.51.00:749][  0]LogInit:Display: Game Engine Initialized.
[2016.10.04-21.51.00:982][  0]LogLoad: Full Startup: 8.67 seconds (BP compile: 0.21 seconds)
[2016.10.04-21.51.01:007][  0]LogOcInput: Can't find Oculus library dev build: is proper Runtime installed? Version: 0.8.0.0
[2016.10.04-21.51.01:140][  2]LogRenderer: Reallocating scene render targets to support 1280x720 (Frame:2).
[2016.10.04-21.51.25:970][459]LogPackageName: SearchForPackageOnDisk took   0.152s to resolve Map_CaptureTheSphere.umap.
[2016.10.04-21.51.26:107][459]LogPackageName: SearchForPackageOnDisk took   0.137s to resolve Map_CaptureTheSphere.umap.
[2016.10.04-21.51.26:107][459]LogNet: Browse: /Game/Maps/Map_CaptureTheSphere?listen
[2016.10.04-21.51.26:107][459]LogLoad: LoadMap: /Game/Maps/Map_CaptureTheSphere?listen
[2016.10.04-21.51.26:121][459]LogParticles: Destroying 0 GPU particle simulations for FXSystem 0x0000000016F61BC0
[2016.10.04-21.51.26:132][459]LogMemory: Platform Memory Stats for Windows
[2016.10.04-21.51.26:132][459]LogMemory: Process Physical Memory: 437.30 MB used, 453.63 MB peak
[2016.10.04-21.51.26:132][459]LogMemory: Process Virtual Memory: 387.32 MB used, 398.60 MB peak
[2016.10.04-21.51.26:132][459]LogMemory: Physical Memory: 10727.34 MB used, 16277.07 MB total
[2016.10.04-21.51.26:132][459]LogMemory: Virtual Memory: 1031.78 MB used, 8388608.00 MB total
[2016.10.04-21.51.26:132][459]LogMemory: 
[2016.10.04-21.51.26:132][459]Allocator Stats for TBB: (not implemented)
[2016.10.04-21.51.26:349][459]LogClass:Warning: UUserDefinedStructEditorData::RecreateDefaultInstance Cannot parse value. Property: Weapon Projectile String: "BlueprintGeneratedClass'/Game/Blueprints/FirstPersonBP/Blueprints/Projectiles/Rifle/BP_RailgunProjectile.BP_RailgunProjectile_C'"  Struct: /Game/FirstPersonBP/Blueprints/Modes/S_DamageMode.S_DamageMode 
[2016.10.04-21.51.26:426][459]LogClass:Warning: UUserDefinedStructEditorData::RecreateDefaultInstance Cannot parse value. Property: Weapon Projectile String: "BlueprintGeneratedClass'/Game/Blueprints/FirstPersonBP/Blueprints/Projectiles/Rifle/BP_RifleProjectile.BP_RifleProjectile_C'"  Struct: /Game/FirstPersonBP/Blueprints/Modes/S_BaseMode.S_BaseMode 
[2016.10.04-21.51.26:713][459]LogAssetRegistry: FAssetRegistry took 0.0002 seconds to start up
[2016.10.04-21.51.32:233][459]LogAIModule: Creating AISystem for world Map_CaptureTheSphere
[2016.10.04-21.51.32:233][459]LogWorld: Game class is 'GM_MPGameMode_C'
[2016.10.04-21.51.32:234][459]LogNet:Display: SteamNetDriver_0 bound to port 7777
[2016.10.04-21.51.32:234][459]LogNet: GameNetDriver SteamNetDriver_0 IpNetDriver listening on port 7777
[2016.10.04-21.51.32:298][459]LogWorld: Bringing World /Game/Maps/Map_CaptureTheSphere.Map_CaptureTheSphere up for play (max tick rate 0) at 2016.10.04-23.51.32
[2016.10.04-21.51.32:305][459]LogWorld: Bringing up level for play took: 0.069234
[2016.10.04-21.51.32:307][459]LogOnline:Warning: STEAM: Can't start an online session (Game) in state InProgress
[2016.10.04-21.51.32:313][459]LogAnimation:Warning: Playing a Montage (MannequinFPP_Shield_Montage) for the wrong Skeleton (MultiWeapon_Shield_Skeleton) instead of (MannequinFPP_Skeleton).
[2016.10.04-21.51.32:313][459]LogAnimation:Warning: Playing a Montage (MannequinFPP_Shield_Montage) for the wrong Skeleton (MultiWeapon_Shield_Skeleton) instead of (MannequinFPP_Skeleton).
[2016.10.04-21.51.32:313][459]LogAnimation:Warning: Playing a Montage (MannequinFPP_Shield_Montage) for the wrong Skeleton (MultiWeapon_Shield_Skeleton) instead of (MannequinFPP_Skeleton).
[2016.10.04-21.51.32:314][459]LogAnimation:Warning: Playing a Montage (MannequinFPP_Shield_Montage) for the wrong Skeleton (MultiWeapon_Shield_Skeleton) instead of (MannequinFPP_Skeleton).
[2016.10.04-21.51.32:314][459]LogAnimation:Warning: Playing a Montage (MannequinFPP_Shield_Montage) for the wrong Skeleton (MultiWeapon_Shield_Skeleton) instead of (MannequinFPP_Skeleton).
[2016.10.04-21.51.32:314][459]LogAnimation:Warning: Playing a Montage (MannequinFPP_Shield_Montage) for the wrong Skeleton (MultiWeapon_Shield_Skeleton) instead of (MannequinFPP_Skeleton).
[2016.10.04-21.51.32:321][459]LogBlueprintUserMessages: [W_mainHUD_C_0] FirstPersonCharacter
[2016.10.04-21.51.32:321][459]LogScript:Warning: Accessed None 'Widget'
	GI_MPGameInstance_C /Engine/Transient.GameEngine_0:GI_MPGameInstance_C_0
	Function /Game/Blueprints/Multiplayer/GI_MPGameInstance.GI_MPGameInstance_C:HideWidget:000A
[2016.10.04-21.51.32:334][459]LogBlueprintUserMessages: [W_mainHUD_C_0] FirstPersonCharacter
[2016.10.04-21.51.34:176][472]LogBlueprintUserMessages: [W_TeamSelection_C_0] Team0
[2016.10.04-21.51.34:181][472]LogAnimation:Warning: Playing a Montage (MannequinFPP_Shield_Montage) for the wrong Skeleton (MultiWeapon_Shield_Skeleton) instead of (MannequinFPP_Skeleton).
[2016.10.04-21.51.34:181][472]LogAnimation:Warning: Playing a Montage (MannequinFPP_Shield_Montage) for the wrong Skeleton (MultiWeapon_Shield_Skeleton) instead of (MannequinFPP_Skeleton).
[2016.10.04-21.51.34:181][472]LogAnimation:Warning: Playing a Montage (MannequinFPP_Shield_Montage) for the wrong Skeleton (MultiWeapon_Shield_Skeleton) instead of (MannequinFPP_Skeleton).
[2016.10.04-21.51.34:181][472]LogAnimation:Warning: Playing a Montage (MannequinFPP_Shield_Montage) for the wrong Skeleton (MultiWeapon_Shield_Skeleton) instead of (MannequinFPP_Skeleton).
[2016.10.04-21.51.34:181][472]LogAnimation:Warning: Playing a Montage (MannequinFPP_Shield_Montage) for the wrong Skeleton (MultiWeapon_Shield_Skeleton) instead of (MannequinFPP_Skeleton).
[2016.10.04-21.51.34:181][472]LogAnimation:Warning: Playing a Montage (MannequinFPP_Shield_Montage) for the wrong Skeleton (MultiWeapon_Shield_Skeleton) instead of (MannequinFPP_Skeleton).
[2016.10.04-21.51.34:187][472]LogBlueprintUserMessages: [W_mainHUD_C_0] FirstPersonCharacter1
[2016.10.04-21.51.40:592][603]LogBlueprintUserMessages: [CP_CentralPoint_C_2] player entered
[2016.10.04-21.51.40:592][603]LogBlueprintUserMessages: [CP_CentralPoint_C_2] Player0Team0
[2016.10.04-21.51.40:592][603]LogBlueprintUserMessages: [CP_CentralPoint_C_2] 0.0
[2016.10.04-21.51.40:592][603]LogBlueprintUserMessages: [CP_CentralPoint_C_2] 0.011242
[2016.10.04-21.51.40:631][604]LogBlueprintUserMessages: [CP_CentralPoint_C_2] 0.024275
[2016.10.04-21.51.40:668][605]LogBlueprintUserMessages: [CP_CentralPoint_C_2] 0.036413
[2016.10.04-21.51.40:707][606]LogBlueprintUserMessages: [CP_CentralPoint_C_2] 0.049731
[2016.10.04-21.51.40:769][607]LogBlueprintUserMessages: [CP_CentralPoint_C_2] 0.07037
[2016.10.04-21.51.40:813][608]LogBlueprintUserMessages: [CP_CentralPoint_C_2] 0.084857
[2016.10.04-21.51.40:920][609]LogBlueprintUserMessages: [CP_CentralPoint_C_2] 0.120523
[2016.10.04-21.51.40:942][610]LogBlueprintUserMessages: [CP_CentralPoint_C_2] 0.127861
[2016.10.04-21.51.40:983][611]LogBlueprintUserMessages: [CP_CentralPoint_C_2] 0.141637
[2016.10.04-21.51.41:034][612]LogBlueprintUserMessages: [CP_CentralPoint_C_2] 0.158614
[2016.10.04-21.51.41:084][613]LogBlueprintUserMessages: [CP_CentralPoint_C_2] 0.175495
[2016.10.04-21.51.41:139][614]LogBlueprintUserMessages: [CP_CentralPoint_C_2] 0.193802
[2016.10.04-21.51.41:196][615]LogBlueprintUserMessages: [CP_CentralPoint_C_2] 0.212526
[2016.10.04-21.51.41:256][616]LogBlueprintUserMessages: [CP_CentralPoint_C_2] 0.232741
[2016.10.04-21.51.41:309][617]LogBlueprintUserMessages: [CP_CentralPoint_C_2] 0.25035
[2016.10.04-21.51.41:357][618]LogBlueprintUserMessages: [CP_CentralPoint_C_2] 0.26633
[2016.10.04-21.51.41:416][619]LogBlueprintUserMessages: [CP_CentralPoint_C_2] 0.286009
[2016.10.04-21.51.41:461][620]LogBlueprintUserMessages: [CP_CentralPoint_C_2] 0.301121
[2016.10.04-21.51.41:519][621]LogBlueprintUserMessages: [CP_CentralPoint_C_2] 0.320389
[2016.10.04-21.51.41:568][622]LogBlueprintUserMessages: [CP_CentralPoint_C_2] 0.336918
[2016.10.04-21.51.41:620][623]LogBlueprintUserMessages: [CP_CentralPoint_C_2] 0.353982
[2016.10.04-21.51.41:671][624]LogBlueprintUserMessages: [CP_CentralPoint_C_2] 0.37094
[2016.10.04-21.51.41:724][625]LogBlueprintUserMessages: [CP_CentralPoint_C_2] 0.388739
[2016.10.04-21.51.41:772][626]LogBlueprintUserMessages: [CP_CentralPoint_C_2] 0.404814
[2016.10.04-21.51.41:827][627]LogBlueprintUserMessages: [CP_CentralPoint_C_2] 0.422902
[2016.10.04-21.51.41:878][628]LogBlueprintUserMessages: [CP_CentralPoint_C_2] 0.440117
[2016.10.04-21.51.41:940][629]LogBlueprintUserMessages: [CP_CentralPoint_C_2] 0.460715
[2016.10.04-21.51.41:984][630]LogBlueprintUserMessages: [CP_CentralPoint_C_2] 0.475246
[2016.10.04-21.51.42:035][631]LogBlueprintUserMessages: [CP_CentralPoint_C_2] 0.492329
[2016.10.04-21.51.42:086][632]LogBlueprintUserMessages: [CP_CentralPoint_C_2] 0.509242
[2016.10.04-21.51.42:139][633]LogBlueprintUserMessages: [CP_CentralPoint_C_2] 0.527059
[2016.10.04-21.51.42:190][634]LogBlueprintUserMessages: [CP_CentralPoint_C_2] 0.543984
[2016.10.04-21.51.42:242][635]LogBlueprintUserMessages: [CP_CentralPoint_C_2] 0.56155
[2016.10.04-21.51.42:294][636]LogBlueprintUserMessages: [CP_CentralPoint_C_2] 0.578779
[2016.10.04-21.51.42:346][637]LogBlueprintUserMessages: [CP_CentralPoint_C_2] 0.596181
[2016.10.04-21.51.42:397][638]LogBlueprintUserMessages: [CP_CentralPoint_C_2] 0.613167
[2016.10.04-21.51.42:448][639]LogBlueprintUserMessages: [CP_CentralPoint_C_2] 0.63015
[2016.10.04-21.51.42:509][640]LogBlueprintUserMessages: [CP_CentralPoint_C_2] 0.650416
[2016.10.04-21.51.42:555][641]LogBlueprintUserMessages: [CP_CentralPoint_C_2] 0.665655
[2016.10.04-21.51.42:605][642]LogBlueprintUserMessages: [CP_CentralPoint_C_2] 0.682385
[2016.10.04-21.51.42:655][643]LogBlueprintUserMessages: [CP_CentralPoint_C_2] 0.699208
[2016.10.04-21.51.42:706][644]LogBlueprintUserMessages: [CP_CentralPoint_C_2] 0.716033
[2016.10.04-21.51.42:757][645]LogBlueprintUserMessages: [CP_CentralPoint_C_2] 0.733017
[2016.10.04-21.51.42:811][646]LogBlueprintUserMessages: [CP_CentralPoint_C_2] 0.751101
[2016.10.04-21.51.42:863][647]LogBlueprintUserMessages: [CP_CentralPoint_C_2] 0.768348
[2016.10.04-21.51.42:916][648]LogBlueprintUserMessages: [CP_CentralPoint_C_2] 0.786156
[2016.10.04-21.51.42:976][649]LogBlueprintUserMessages: [CP_CentralPoint_C_2] 0.806026
[2016.10.04-21.51.43:019][650]LogBlueprintUserMessages: [CP_CentralPoint_C_2] 0.820366
[2016.10.04-21.51.43:069][651]LogBlueprintUserMessages: [CP_CentralPoint_C_2] 0.837265
[2016.10.04-21.51.43:121][652]LogBlueprintUserMessages: [CP_CentralPoint_C_2] 0.854405
[2016.10.04-21.51.43:171][653]LogBlueprintUserMessages: [CP_CentralPoint_C_2] 0.871198
[2016.10.04-21.51.43:227][654]LogBlueprintUserMessages: [CP_CentralPoint_C_2] 0.889709
[2016.10.04-21.51.43:278][655]LogBlueprintUserMessages: [CP_CentralPoint_C_2] 0.906674
[2016.10.04-21.51.43:329][656]LogBlueprintUserMessages: [CP_CentralPoint_C_2] 0.923722
[2016.10.04-21.51.43:380][657]LogBlueprintUserMessages: [CP_CentralPoint_C_2] 0.940622
[2016.10.04-21.51.43:430][658]LogBlueprintUserMessages: [CP_CentralPoint_C_2] 0.957566
[2016.10.04-21.51.43:484][659]LogBlueprintUserMessages: [CP_CentralPoint_C_2] 0.975439
[2016.10.04-21.51.43:535][660]LogBlueprintUserMessages: [CP_CentralPoint_C_2] 0.992408
[2016.10.04-21.51.43:588][661]LogBlueprintUserMessages: [CP_CentralPoint_C_2] 1.0
[2016.10.04-21.51.46:600][728]LogBlueprintUserMessages: [CP_CentralPoint_C_2] Team Red capturing: 5
[2016.10.04-21.51.49:622][811]LogBlueprintUserMessages: [CP_CentralPoint_C_2] Team Red capturing: 10
[2016.10.04-21.51.50:131][822]LogEngine: All Windows Closed
[2016.10.04-21.51.50:131][822]LogWindows: FPlatformMisc::RequestExit(0)
[2016.10.04-21.51.50:876][823]LogNet: World NetDriver shutdown SteamNetDriver_0 [GameNetDriver]
[2016.10.04-21.51.50:876][823]LogNet: DestroyNamedNetDriver SteamNetDriver_0 [GameNetDriver]
[2016.10.04-21.51.50:876][823]LogExit: GameNetDriver SteamNetDriver_0 shut down
[2016.10.04-21.51.50:882][823]LogExit: Preparing to exit.
[2016.10.04-21.51.51:146][823]LogExit: Game engine shut down
[2016.10.04-21.51.51:150][823]LogParticles: Destroying 0 GPU particle simulations for FXSystem 0x0000000035622C00
[2016.10.04-21.51.51:486][823]LogExit: Object subsystem successfully closed.
[2016.10.04-21.51.51:504][823]LogD3D11RHI: Shutdown
[2016.10.04-21.51.51:504][823]LogD3D11RHI: CleanupD3DDevice
[2016.10.04-21.51.52:175][823]LogD3D11RHI: ~FD3D11DynamicRHI
[2016.10.04-21.51.52:188][823]LogModuleManager: Shutting down and abandoning module AssetRegistry (119)
[2016.10.04-21.51.52:188][823]LogModuleManager: Shutting down and abandoning module AndroidDeviceDetection (118)
[2016.10.04-21.51.53:005][823]LogModuleManager: Shutting down and abandoning module AutomationController (117)
[2016.10.04-21.51.53:005][823]LogModuleManager: Shutting down and abandoning module AutomationWorker (116)
[2016.10.04-21.51.53:005][823]LogModuleManager: Shutting down and abandoning module CharacterAI (115)
[2016.10.04-21.51.53:005][823]LogModuleManager: Shutting down and abandoning module AITestSuite (114)
[2016.10.04-21.51.53:005][823]LogModuleManager: Shutting down and abandoning module GameplayDebugger (113)
[2016.10.04-21.51.53:005][823]LogModuleManager: Shutting down and abandoning module AIModule (112)
[2016.10.04-21.51.53:005][823]LogModuleManager: Shutting down and abandoning module MovieSceneCapture (111)
[2016.10.04-21.51.53:005][823]LogModuleManager: Shutting down and abandoning module GameLiveStreaming (110)
[2016.10.04-21.51.53:005][823]LogModuleManager: Shutting down and abandoning module StreamingPauseRendering (109)
[2016.10.04-21.51.53:005][823]LogModuleManager: Shutting down and abandoning module ProfilerService (108)
[2016.10.04-21.51.53:066][823]LogModuleManager: Shutting down and abandoning module TaskGraph (107)
[2016.10.04-21.51.53:066][823]LogModuleManager: Shutting down and abandoning module SlateRemote (106)
[2016.10.04-21.51.53:066][823]LogModuleManager: Shutting down and abandoning module SteamVRController (105)
[2016.10.04-21.51.53:066][823]LogModuleManager: Shutting down and abandoning module SteamVR (104)
[2016.10.04-21.51.53:066][823]LogModuleManager: Shutting down and abandoning module ProceduralMeshComponent (103)
[2016.10.04-21.51.53:066][823]LogModuleManager: Shutting down and abandoning module OculusLibrary (102)
[2016.10.04-21.51.53:066][823]LogModuleManager: Shutting down and abandoning module OculusInput (101)
[2016.10.04-21.51.53:066][823]LogModuleManager: Shutting down and abandoning module LeapMotionController (100)
[2016.10.04-21.51.53:078][823]LogModuleManager: Shutting down and abandoning module CustomMeshComponent (99)
[2016.10.04-21.51.53:078][823]LogModuleManager: Shutting down and abandoning module CableComponent (98)
[2016.10.04-21.51.53:078][823]LogModuleManager: Shutting down and abandoning module ArchVisCharacter (97)
[2016.10.04-21.51.53:078][823]LogModuleManager: Shutting down and abandoning module HTML5Networking (96)
[2016.10.04-21.51.53:078][823]LogModuleManager: Shutting down and abandoning module DesktopPlatform (95)
[2016.10.04-21.51.53:078][823]LogModuleManager: Shutting down and abandoning module DirectoryWatcher (94)
[2016.10.04-21.51.53:078][823]LogModuleManager: Shutting down and abandoning module HotReload (93)
[2016.10.04-21.51.53:078][823]LogModuleManager: Shutting down and abandoning module VisualStudioSourceCodeAccess (92)
[2016.10.04-21.51.53:078][823]LogModuleManager: Shutting down and abandoning module UObjectPlugin (91)
[2016.10.04-21.51.53:078][823]LogModuleManager: Shutting down and abandoning module SubversionSourceControl (90)
[2016.10.04-21.51.53:078][823]LogModuleManager: Shutting down and abandoning module SourceControl (89)
[2016.10.04-21.51.53:078][823]LogModuleManager: Shutting down and abandoning module PerforceSourceControl (88)
[2016.10.04-21.51.53:078][823]LogModuleManager: Shutting down and abandoning module UdpMessaging (87)
[2016.10.04-21.51.53:078][823]LogModuleManager: Shutting down and abandoning module LightPropagationVolumeRuntime (86)
[2016.10.04-21.51.53:078][823]LogModuleManager: Shutting down and abandoning module Paper2D (85)
[2016.10.04-21.51.53:078][823]LogModuleManager: Shutting down and abandoning module WindowsMoviePlayer (84)
[2016.10.04-21.51.53:084][823]LogModuleManager: Shutting down and abandoning module Media (83)
[2016.10.04-21.51.53:084][823]LogModuleManager: Shutting down and abandoning module WmfMedia (82)
[2016.10.04-21.51.53:084][823]LogModuleManager: Shutting down and abandoning module OnlineBlueprintSupport (81)
[2016.10.04-21.51.53:084][823]LogModuleManager: Shutting down and abandoning module GameplayTasksEditor (80)
[2016.10.04-21.51.53:084][823]LogModuleManager: Shutting down and abandoning module PropertyEditor (79)
[2016.10.04-21.51.53:084][823]LogModuleManager: Shutting down and abandoning module BehaviorTreeEditor (78)
[2016.10.04-21.51.53:084][823]LogModuleManager: Shutting down and abandoning module FunctionalTesting (77)
[2016.10.04-21.51.53:084][823]LogModuleManager: Shutting down and abandoning module CollisionAnalyzer (76)
[2016.10.04-21.51.53:084][823]LogModuleManager: Shutting down and abandoning module WorkspaceMenuStructure (75)
[2016.10.04-21.51.53:084][823]LogModuleManager: Shutting down and abandoning module MessageLog (74)
[2016.10.04-21.51.53:084][823]LogModuleManager: Shutting down and abandoning module Sequencer (73)
[2016.10.04-21.51.53:084][823]LogModuleManager: Shutting down and abandoning module AssetTools (72)
[2016.10.04-21.51.53:084][823]LogModuleManager: Shutting down and abandoning module UMGEditor (71)
[2016.10.04-21.51.53:084][823]LogModuleManager: Shutting down and abandoning module UMG (70)
[2016.10.04-21.51.53:084][823]LogModuleManager: Shutting down and abandoning module Slate (69)
[2016.10.04-21.51.53:084][823]LogModuleManager: Shutting down and abandoning module EditorStyle (68)
[2016.10.04-21.51.53:086][823]LogModuleManager: Shutting down and abandoning module SessionServices (67)
[2016.10.04-21.51.53:086][823]LogModuleManager: Shutting down and abandoning module SourceCodeAccess (66)
[2016.10.04-21.51.53:086][823]LogModuleManager: Shutting down and abandoning module HeadMountedDisplay (65)
[2016.10.04-21.51.53:086][823]LogModuleManager: Shutting down and abandoning module XAudio2 (64)
[2016.10.04-21.51.53:086][823]LogModuleManager: Shutting down and abandoning module Networking (63)
[2016.10.04-21.51.53:086][823]LogModuleManager: Shutting down and abandoning module Core (62)
[2016.10.04-21.51.53:086][823]LogModuleManager: Shutting down and abandoning module KismetCompiler (61)
[2016.10.04-21.51.53:086][823]LogModuleManager: Shutting down and abandoning module PhysXFormats (60)
[2016.10.04-21.51.53:086][823]LogModuleManager: Shutting down and abandoning module MeshUtilities (59)
[2016.10.04-21.51.53:086][823]LogModuleManager: Shutting down and abandoning module DerivedDataCache (58)
[2016.10.04-21.51.53:247][823]LogDerivedDataCache: Shutdown
[2016.10.04-21.51.53:247][823]LogModuleManager: Shutting down and abandoning module ShaderFormatOpenGL (57)
[2016.10.04-21.51.53:247][823]LogModuleManager: Shutting down and abandoning module ShaderFormatD3D (56)
[2016.10.04-21.51.53:247][823]LogModuleManager: Shutting down and abandoning module MetalShaderFormat (55)
[2016.10.04-21.51.53:247][823]LogModuleManager: Shutting down and abandoning module TextureFormatUncompressed (54)
[2016.10.04-21.51.53:248][823]LogModuleManager: Shutting down and abandoning module TextureFormatPVR (53)
[2016.10.04-21.51.53:248][823]LogModuleManager: Shutting down and abandoning module TextureFormatIntelISPCTexComp (52)
[2016.10.04-21.51.53:248][823]LogModuleManager: Shutting down and abandoning module TextureFormatDXT (51)
[2016.10.04-21.51.53:248][823]LogModuleManager: Shutting down and abandoning module ImageWrapper (50)
[2016.10.04-21.51.53:248][823]LogModuleManager: Shutting down and abandoning module TextureFormatASTC (49)
[2016.10.04-21.51.53:248][823]LogModuleManager: Shutting down and abandoning module TextureFormatAndroid (48)
[2016.10.04-21.51.53:248][823]LogModuleManager: Shutting down and abandoning module AudioFormatOpus (47)
[2016.10.04-21.51.53:248][823]LogModuleManager: Shutting down and abandoning module AudioFormatOgg (46)
[2016.10.04-21.51.53:248][823]LogModuleManager: Shutting down and abandoning module AudioFormatADPCM (45)
[2016.10.04-21.51.53:248][823]LogModuleManager: Shutting down and abandoning module LinuxTargetPlatform (44)
[2016.10.04-21.51.53:248][823]LogModuleManager: Shutting down and abandoning module LinuxServerTargetPlatform (43)
[2016.10.04-21.51.53:248][823]LogModuleManager: Shutting down and abandoning module LinuxNoEditorTargetPlatform (42)
[2016.10.04-21.51.53:248][823]LogModuleManager: Shutting down and abandoning module Messaging (41)
[2016.10.04-21.51.53:248][823]LogModuleManager: Shutting down and abandoning module IOSTargetPlatform (40)
[2016.10.04-21.51.53:248][823]LogModuleManager: Shutting down and abandoning module HTML5TargetPlatform (39)
[2016.10.04-21.51.53:248][823]LogModuleManager: Shutting down and abandoning module Android_PVRTCTargetPlatform (38)
[2016.10.04-21.51.53:248][823]LogModuleManager: Shutting down and abandoning module Android_MultiTargetPlatform (37)
[2016.10.04-21.51.53:248][823]LogModuleManager: Shutting down and abandoning module Android_ETC2TargetPlatform (36)
[2016.10.04-21.51.53:248][823]LogModuleManager: Shutting down and abandoning module Android_ETC1TargetPlatform (35)
[2016.10.04-21.51.53:248][823]LogModuleManager: Shutting down and abandoning module Android_DXTTargetPlatform (34)
[2016.10.04-21.51.53:248][823]LogModuleManager: Shutting down and abandoning module Android_ATCTargetPlatform (33)
[2016.10.04-21.51.53:248][823]LogModuleManager: Shutting down and abandoning module Android_ASTCTargetPlatform (32)
[2016.10.04-21.51.53:248][823]LogModuleManager: Shutting down and abandoning module AndroidTargetPlatform (31)
[2016.10.04-21.51.53:248][823]LogModuleManager: Shutting down and abandoning module WindowsTargetPlatform (30)
[2016.10.04-21.51.53:248][823]LogModuleManager: Shutting down and abandoning module WindowsServerTargetPlatform (29)
[2016.10.04-21.51.53:248][823]LogModuleManager: Shutting down and abandoning module WindowsNoEditorTargetPlatform (28)
[2016.10.04-21.51.53:248][823]LogModuleManager: Shutting down and abandoning module WindowsClientTargetPlatform (27)
[2016.10.04-21.51.53:248][823]LogModuleManager: Shutting down and abandoning module AllDesktopTargetPlatform (26)
[2016.10.04-21.51.53:248][823]LogModuleManager: Shutting down and abandoning module TargetPlatform (25)
[2016.10.04-21.51.53:248][823]LogModuleManager: Shutting down and abandoning module InputCore (24)
[2016.10.04-21.51.53:248][823]LogModuleManager: Shutting down and abandoning module Settings (23)
[2016.10.04-21.51.53:248][823]LogModuleManager: Shutting down and abandoning module OnlineSubsystem (19)
[2016.10.04-21.51.53:248][823]LogOnline:Display: STEAM: OnlineSubsystemSteam::Shutdown()
[2016.10.04-21.51.53:273][823]LogOnline:Display: Unloading online subsystem: STEAM
[2016.10.04-21.51.53:273][823]LogOnline:Display: STEAM: OnlineSubsystemSteam::Shutdown()
[2016.10.04-21.51.53:273][823]LogModuleManager: Shutting down and abandoning module HTTP (18)
[2016.10.04-21.51.53:273][823]LogModuleManager: Shutting down and abandoning module XMPP (17)
[2016.10.04-21.51.53:273][823]LogModuleManager: Shutting down and abandoning module OculusRift (16)
[2016.10.04-21.51.53:273][823]LogModuleManager: Shutting down and abandoning module ExampleDeviceProfileSelector (15)
[2016.10.04-21.51.53:273][823]LogModuleManager: Shutting down and abandoning module TextureCompressor (14)
[2016.10.04-21.51.53:273][823]LogModuleManager: Shutting down and abandoning module ShaderCore (13)
[2016.10.04-21.51.53:273][823]LogModuleManager: Shutting down and abandoning module Landscape (12)
[2016.10.04-21.51.53:273][823]LogModuleManager: Shutting down and abandoning module SlateRHIRenderer (11)
[2016.10.04-21.51.53:273][823]LogModuleManager: Shutting down and abandoning module OpenGLDrv (10)
[2016.10.04-21.51.53:273][823]LogModuleManager: Shutting down and abandoning module D3D11RHI (9)
[2016.10.04-21.51.53:273][823]LogModuleManager: Shutting down and abandoning module AnimGraphRuntime (8)
[2016.10.04-21.51.53:273][823]LogModuleManager: Shutting down and abandoning module Renderer (7)
[2016.10.04-21.51.53:273][823]LogModuleManager: Shutting down and abandoning module Engine (6)
[2016.10.04-21.51.53:273][823]LogModuleManager: Shutting down and abandoning module CoreUObject (5)
[2016.10.04-21.51.53:273][823]LogModuleManager: Shutting down and abandoning module NetworkFile (4)
[2016.10.04-21.51.53:273][823]LogModuleManager: Shutting down and abandoning module StreamingFile (3)
[2016.10.04-21.51.53:274][823]LogModuleManager: Shutting down and abandoning module SandboxFile (2)
[2016.10.04-21.51.53:274][823]LogModuleManager: Shutting down and abandoning module PakFile (1)
[2016.10.04-21.51.53:275][823]LogExit: Exiting.
[2016.10.04-21.51.53:276][823]Log file closed, 10/04/16 23:51:53
