[2016.10.04-21.48.48:624][  0]Log file open, 10/04/16 23:48:48
[2016.10.04-21.48.48:624][  0]LogInit:Display: Running engine for game: Hypergunner
[2016.10.04-21.48.48:624][  0]LogPlatformFile: Not using cached read wrapper
[2016.10.04-21.48.48:624][  0]LogInit:Display: RandInit(2037917912) SRandInit(2037917913).
[2016.10.04-21.48.48:624][  0]LogTaskGraph: Started task graph with 4 named threads and 7 total threads.
[2016.10.04-21.48.48:624][  0]LogStats: Stats thread started at 0.092078
[2016.10.04-21.48.48:624][  0]LogInit: Version: 4.10.4-2872498+++depot+UE4-Releases+4.10
[2016.10.04-21.48.48:624][  0]LogInit: API Version: 2758231
[2016.10.04-21.48.48:624][  0]LogInit: Compiled (64-bit): Feb 18 2016 15:47:04
[2016.10.04-21.48.48:624][  0]LogInit: Compiled with Visual C++: 19.00.23026.00
[2016.10.04-21.48.48:624][  0]LogInit: Build Configuration: Development
[2016.10.04-21.48.48:624][  0]LogInit: Branch Name: ++depot+UE4-Releases+4.10
[2016.10.04-21.48.48:624][  0]LogInit: Command line:  /Temp/Autosaves/Game/Maps/UEDPCMainMenu -game -PIEVIACONSOLE -ResX=1280 -ResY=720  -Multiprocess 
[2016.10.04-21.48.48:624][  0]LogInit: Base directory: D:/02_Programme/Epic Games/4.10/Engine/Binaries/Win64/
[2016.10.04-21.48.48:624][  0]LogInit: Rocket: 1
[2016.10.04-21.48.48:635][  0]LogInit: Using libcurl 7.41.0
[2016.10.04-21.48.48:635][  0]LogInit:  - built for x86_64-pc-win32
[2016.10.04-21.48.48:635][  0]LogInit:  - supports SSL with WinSSL
[2016.10.04-21.48.48:635][  0]LogInit:  - other features:
[2016.10.04-21.48.48:635][  0]LogInit:      CURL_VERSION_SSL
[2016.10.04-21.48.48:635][  0]LogInit:      CURL_VERSION_IPV6
[2016.10.04-21.48.48:635][  0]LogInit:      CURL_VERSION_ASYNCHDNS
[2016.10.04-21.48.48:635][  0]LogInit:      CURL_VERSION_LARGEFILE
[2016.10.04-21.48.48:635][  0]LogInit:      CURL_VERSION_IDN
[2016.10.04-21.48.48:635][  0]LogInit:  CurlRequestOptions (configurable via config and command line):
[2016.10.04-21.48.48:635][  0]LogInit:  - bVerifyPeer = true  - Libcurl will verify peer certificate
[2016.10.04-21.48.48:635][  0]LogInit:  - bUseHttpProxy = false  - Libcurl will NOT use HTTP proxy
[2016.10.04-21.48.48:635][  0]LogInit:  - bDontReuseConnections = false  - Libcurl will reuse connections
[2016.10.04-21.48.48:635][  0]LogInit:  - CertBundlePath = nullptr  - Libcurl will use whatever was configured at build time.
[2016.10.04-21.48.48:644][  0]LogOnline:Display: STEAM: Loading Steam SDK 1.32
[2016.10.04-21.48.48:939][  0]LogInit: WinSock: version 1.1 (2.2), MaxSocks=32767, MaxUdp=65467
[2016.10.04-21.48.48:987][  0]LogInit: Presizing for 0 objects not considered by GC, pre-allocating 0 bytes.
[2016.10.04-21.48.48:997][  0]LogInit: Object subsystem initialized
[2016.10.04-21.48.48:998][  0]LogInit: Selected Device Profile: [Windows]
[2016.10.04-21.48.48:998][  0]LogInit: Applying CVar settings loaded from the selected device profile: [Windows]
[2016.10.04-21.48.49:002][  0]LogInit: Computer: SOPRANO-PC
[2016.10.04-21.48.49:002][  0]LogInit: User: Soprano
[2016.10.04-21.48.49:002][  0]LogInit: CPU Page size=4096, Cores=4
[2016.10.04-21.48.49:002][  0]LogInit: High frequency timer resolution =2.435917 MHz
[2016.10.04-21.48.49:002][  0]LogMemory: Memory total: Physical=15.9GB (16GB approx)
[2016.10.04-21.48.49:002][  0]LogMemory: Platform Memory Stats for Windows
[2016.10.04-21.48.49:002][  0]LogMemory: Process Physical Memory: 95.66 MB used, 95.66 MB peak
[2016.10.04-21.48.49:002][  0]LogMemory: Process Virtual Memory: 77.39 MB used, 77.39 MB peak
[2016.10.04-21.48.49:002][  0]LogMemory: Physical Memory: 8779.61 MB used, 16277.07 MB total
[2016.10.04-21.48.49:002][  0]LogMemory: Virtual Memory: 471.25 MB used, 8388608.00 MB total
[2016.10.04-21.48.49:073][  0]LogTextLocalizationManager: No translations for ('de-DE') exist, falling back to 'en' for localization and internationalization data.
[2016.10.04-21.48.49:650][  0]LogD3D11RHI: Found D3D11 adapter 0: AMD Radeon HD 5800 Series (Feature Level 11_0)
[2016.10.04-21.48.49:650][  0]LogD3D11RHI: Adapter has 1010MB of dedicated video memory, 0MB of dedicated system memory, and 3840MB of shared system memory, 1 output[s]
[2016.10.04-21.48.49:676][  0]LogD3D11RHI: Found D3D11 adapter 1: Intel(R) HD Graphics Family (Feature Level 10_0)
[2016.10.04-21.48.49:676][  0]LogD3D11RHI: Adapter has 64MB of dedicated video memory, 0MB of dedicated system memory, and 1632MB of shared system memory, 0 output[s]
[2016.10.04-21.48.49:676][  0]LogD3D11RHI: Chosen D3D11 Adapter Id = 0
[2016.10.04-21.48.49:683][  0]LogD3D11RHI: !Direct3DDevice
[2016.10.04-21.48.49:684][  0]LogRHI: Texture pool is 707 MB (70% of 1010 MB)
[2016.10.04-21.48.49:695][  0]LogD3D11RHI: Async texture creation disabled: no driver support
[2016.10.04-21.48.49:705][  0]LogShaderCompilers: Guid format shader working directory is 2 characters bigger than the processId version (C:/Users/Soprano/Desktop/UE-Shooter-FinalBuild/Intermediate/Shaders/WorkingDirectory/9724/).
[2016.10.04-21.48.49:705][  0]LogShaderCompilers: Cleaned the shader compiler working directory 'C:/Users/Soprano/AppData/Local/Temp/UnrealShaderWorkingDir/3FE3B38147451DABAB42BDAF30D8C138/'.
[2016.10.04-21.48.49:705][  0]LogShaderCompilers:Display: Using Local Shader Compiler.
[2016.10.04-21.48.50:898][  0]LogTemp:Display: Loaded TP AllDesktopTargetPlatform
[2016.10.04-21.48.50:904][  0]LogTemp:Display: Loaded TP WindowsClientTargetPlatform
[2016.10.04-21.48.50:911][  0]LogTemp:Display: Loaded TP WindowsNoEditorTargetPlatform
[2016.10.04-21.48.50:918][  0]LogTemp:Display: Loaded TP WindowsServerTargetPlatform
[2016.10.04-21.48.50:924][  0]LogTemp:Display: Loaded TP WindowsTargetPlatform
[2016.10.04-21.48.50:928][  0]LogTemp:Display: Loaded TP AndroidTargetPlatform
[2016.10.04-21.48.50:932][  0]LogTemp:Display: Loaded TP Android_ASTCTargetPlatform
[2016.10.04-21.48.50:937][  0]LogTemp:Display: Loaded TP Android_ATCTargetPlatform
[2016.10.04-21.48.50:942][  0]LogTemp:Display: Loaded TP Android_DXTTargetPlatform
[2016.10.04-21.48.50:947][  0]LogTemp:Display: Loaded TP Android_ETC1TargetPlatform
[2016.10.04-21.48.50:951][  0]LogTemp:Display: Loaded TP Android_ETC2TargetPlatform
[2016.10.04-21.48.50:960][  0]LogTemp:Display: Loaded TP Android_MultiTargetPlatform
[2016.10.04-21.48.50:960][  0]LogTemp:Display: Loaded TP Android_PVRTCTargetPlatform
[2016.10.04-21.48.50:962][  0]LogTemp:Display: Loaded TP HTML5TargetPlatform
[2016.10.04-21.48.50:980][  0]LogTemp:Display: Loaded TP IOSTargetPlatform
[2016.10.04-21.48.50:984][  0]LogTemp:Display: Loaded TP LinuxNoEditorTargetPlatform
[2016.10.04-21.48.50:988][  0]LogTemp:Display: Loaded TP LinuxServerTargetPlatform
[2016.10.04-21.48.50:993][  0]LogTemp:Display: Loaded TP LinuxTargetPlatform
[2016.10.04-21.48.50:993][  0]LogTargetPlatformManager:Display: Building Assets For Windows
[2016.10.04-21.48.51:121][  0]LogDerivedDataCache:Display: Max Cache Size: 512 MB
[2016.10.04-21.48.51:175][  0]LogDerivedDataCache: Loaded boot cache 0.05s 42MB C:/Users/Soprano/AppData/Local/UnrealEngine/4.10/DerivedDataCache/Boot.ddc.
[2016.10.04-21.48.51:175][  0]LogDerivedDataCache:Display: Loaded Boot cache: C:/Users/Soprano/AppData/Local/UnrealEngine/4.10/DerivedDataCache/Boot.ddc
[2016.10.04-21.48.51:175][  0]LogDerivedDataCache: FDerivedDataBackendGraph:  Pak pak cache file C:/Users/Soprano/Desktop/UE-Shooter-FinalBuild/DerivedDataCache/DDC.ddp not found, will not use a pak cache.
[2016.10.04-21.48.51:175][  0]LogDerivedDataCache: Unable to find inner node Pak for hierarchical cache Hierarchy.
[2016.10.04-21.48.51:175][  0]LogDerivedDataCache: FDerivedDataBackendGraph:  CompressedPak pak cache file C:/Users/Soprano/Desktop/UE-Shooter-FinalBuild/DerivedDataCache/Compressed.ddp not found, will not use a pak cache.
[2016.10.04-21.48.51:175][  0]LogDerivedDataCache: Unable to find inner node CompressedPak for hierarchical cache Hierarchy.
[2016.10.04-21.48.51:245][  0]LogDerivedDataCache:Display: Pak cache opened for reading ../../../Engine/DerivedDataCache/Compressed.ddp.
[2016.10.04-21.48.51:257][  0]LogDerivedDataCache: Using Local data cache path C:/Users/Soprano/AppData/Local/UnrealEngine/Common/DerivedDataCache: Writable
[2016.10.04-21.48.51:596][  0]LogInit: Selected Device Profile: [Windows]
[2016.10.04-21.48.51:596][  0]LogContentStreaming: Texture pool size is 1000.000000MB
[2016.10.04-21.48.51:623][  0]LogMeshUtilities: No automatic mesh reduction module available
[2016.10.04-21.48.51:623][  0]LogMeshUtilities: No automatic mesh merging module available
[2016.10.04-21.48.52:229][  0]LogWindowsMoviePlayer: Unable to load movie: C:/Users/Soprano/Desktop/UE-Shooter-FinalBuild/Content/Movies/Default_Startup.mp4
[2016.10.04-21.48.52:363][  0]SourceControl: Info Source control is disabled
[2016.10.04-21.48.52:363][  0]SourceControl: Info Source control is disabled
[2016.10.04-21.48.52:381][  0]SourceControl: Info Source control is disabled
[2016.10.04-21.48.52:661][  0]LogObj: 27942 objects as part of root set at end of initial load.
[2016.10.04-21.48.52:661][  0]LogUObjectAllocator: 6046040 out of 0 bytes used by permanent object pool.
[2016.10.04-21.48.52:729][  0]LogEngine: Initializing Engine...
[2016.10.04-21.48.52:734][  0]LogHMD: Can't find Oculus library dev build: is proper Runtime installed? Version: 0.8.0.0
[2016.10.04-21.48.52:735][  0]LogHMD: SteamVR failed to initialize.  Err: 110
[2016.10.04-21.48.52:878][  0]LogInit: XAudio2 using 'Lautsprecher (Realtek High Definition Audio)' : 2 channels at 48 kHz using 32 bits per sample (channel mask 0x3)
[2016.10.04-21.48.52:896][  0]LogInit: FAudioDevice initialized.
[2016.10.04-21.48.52:902][  0]LogInit: Texture streaming: Enabled
[2016.10.04-21.48.53:401][  0]LogNet: Browse: /Temp/Autosaves/Game/Maps/UEDPCMainMenu?Name=Player
[2016.10.04-21.48.53:402][  0]LogLoad: LoadMap: /Temp/Autosaves/Game/Maps/UEDPCMainMenu?Name=Player
[2016.10.04-21.48.53:424][  0]LogParticles: Destroying 0 GPU particle simulations for FXSystem 0x000000002609BE20
[2016.10.04-21.48.53:443][  0]LogMemory: Platform Memory Stats for Windows
[2016.10.04-21.48.53:443][  0]LogMemory: Process Physical Memory: 425.55 MB used, 425.55 MB peak
[2016.10.04-21.48.53:443][  0]LogMemory: Process Virtual Memory: 379.82 MB used, 384.25 MB peak
[2016.10.04-21.48.53:443][  0]LogMemory: Physical Memory: 9056.89 MB used, 16277.07 MB total
[2016.10.04-21.48.53:443][  0]LogMemory: Virtual Memory: 987.72 MB used, 8388608.00 MB total
[2016.10.04-21.48.53:443][  0]LogMemory: 
[2016.10.04-21.48.53:443][  0]Allocator Stats for TBB: (not implemented)
[2016.10.04-21.48.53:467][  0]LogAIModule: Creating AISystem for world MainMenu
[2016.10.04-21.48.53:467][  0]LogLinker:Warning: Can't find file '/Game/FirstPersonBP/Blueprints/FirstPersonGameMode'
[2016.10.04-21.48.53:467][  0]LogUObjectGlobals:Warning: Failed to load '/Game/FirstPersonBP/Blueprints/FirstPersonGameMode': Can't find file '/Game/FirstPersonBP/Blueprints/FirstPersonGameMode'
[2016.10.04-21.48.53:468][  0]LogLinker:Warning: Can't find file '/Game/FirstPersonBP/Blueprints/FirstPersonGameMode'
[2016.10.04-21.48.53:468][  0]LogUObjectGlobals:Warning: Failed to load '/Game/FirstPersonBP/Blueprints/FirstPersonGameMode': Can't find file '/Game/FirstPersonBP/Blueprints/FirstPersonGameMode'
[2016.10.04-21.48.53:468][  0]LogUObjectGlobals:Warning: Failed to find object 'Class /Game/FirstPersonBP/Blueprints/FirstPersonGameMode.FirstPersonGameMode_C'
[2016.10.04-21.48.53:468][  0]LogWorld: Game class is 'GameMode'
[2016.10.04-21.48.53:469][  0]LogWorld: Bringing World /Temp/Autosaves/Game/Maps/UEDPCMainMenu.MainMenu up for play (max tick rate 0) at 2016.10.04-23.48.53
[2016.10.04-21.48.53:469][  0]LogWorld: Bringing up level for play took: 0.000578
[2016.10.04-21.48.53:471][  0]LogOnline:Warning: STEAM: Can't start an online game for session (Game) that hasn't been created
[2016.10.04-21.48.53:473][  0]LogInit:Display: Game Engine Initialized.
[2016.10.04-21.48.53:706][  0]LogLoad: Full Startup: 5.42 seconds (BP compile: 0.19 seconds)
[2016.10.04-21.48.53:733][  0]LogOcInput: Can't find Oculus library dev build: is proper Runtime installed? Version: 0.8.0.0
[2016.10.04-21.48.53:862][  2]LogRenderer: Reallocating scene render targets to support 1280x720 (Frame:2).
[2016.10.04-21.48.59:616][342]LogPackageName: SearchForPackageOnDisk took   0.143s to resolve Map_CaptureTheSphere.umap.
[2016.10.04-21.48.59:749][342]LogPackageName: SearchForPackageOnDisk took   0.132s to resolve Map_CaptureTheSphere.umap.
[2016.10.04-21.48.59:749][342]LogNet: Browse: /Game/Maps/Map_CaptureTheSphere?listen
[2016.10.04-21.48.59:749][342]LogLoad: LoadMap: /Game/Maps/Map_CaptureTheSphere?listen
[2016.10.04-21.48.59:762][342]LogParticles: Destroying 0 GPU particle simulations for FXSystem 0x0000000026099BC0
[2016.10.04-21.48.59:773][342]LogMemory: Platform Memory Stats for Windows
[2016.10.04-21.48.59:773][342]LogMemory: Process Physical Memory: 439.13 MB used, 448.39 MB peak
[2016.10.04-21.48.59:773][342]LogMemory: Process Virtual Memory: 388.75 MB used, 399.20 MB peak
[2016.10.04-21.48.59:773][342]LogMemory: Physical Memory: 9060.23 MB used, 16277.07 MB total
[2016.10.04-21.48.59:773][342]LogMemory: Virtual Memory: 1039.84 MB used, 8388608.00 MB total
[2016.10.04-21.48.59:773][342]LogMemory: 
[2016.10.04-21.48.59:773][342]Allocator Stats for TBB: (not implemented)
[2016.10.04-21.48.59:989][342]LogClass:Warning: UUserDefinedStructEditorData::RecreateDefaultInstance Cannot parse value. Property: Weapon Projectile String: "BlueprintGeneratedClass'/Game/Blueprints/FirstPersonBP/Blueprints/Projectiles/Rifle/BP_RailgunProjectile.BP_RailgunProjectile_C'"  Struct: /Game/FirstPersonBP/Blueprints/Modes/S_DamageMode.S_DamageMode 
[2016.10.04-21.49.00:065][342]LogClass:Warning: UUserDefinedStructEditorData::RecreateDefaultInstance Cannot parse value. Property: Weapon Projectile String: "BlueprintGeneratedClass'/Game/Blueprints/FirstPersonBP/Blueprints/Projectiles/Rifle/BP_RifleProjectile.BP_RifleProjectile_C'"  Struct: /Game/FirstPersonBP/Blueprints/Modes/S_BaseMode.S_BaseMode 
[2016.10.04-21.49.00:345][342]LogAssetRegistry: FAssetRegistry took 0.0002 seconds to start up
[2016.10.04-21.49.05:774][342]LogAIModule: Creating AISystem for world Map_CaptureTheSphere
[2016.10.04-21.49.05:774][342]LogWorld: Game class is 'GM_MPGameMode_C'
[2016.10.04-21.49.05:775][342]LogNet:Display: SteamNetDriver_0 bound to port 7777
[2016.10.04-21.49.05:775][342]LogNet: GameNetDriver SteamNetDriver_0 IpNetDriver listening on port 7777
[2016.10.04-21.49.05:855][342]LogWorld: Bringing World /Game/Maps/Map_CaptureTheSphere.Map_CaptureTheSphere up for play (max tick rate 0) at 2016.10.04-23.49.05
[2016.10.04-21.49.05:863][342]LogWorld: Bringing up level for play took: 0.086563
[2016.10.04-21.49.05:864][342]LogOnline:Warning: STEAM: Can't start an online session (Game) in state InProgress
[2016.10.04-21.49.05:871][342]LogAnimation:Warning: Playing a Montage (MannequinFPP_Shield_Montage) for the wrong Skeleton (MultiWeapon_Shield_Skeleton) instead of (MannequinFPP_Skeleton).
[2016.10.04-21.49.05:871][342]LogAnimation:Warning: Playing a Montage (MannequinFPP_Shield_Montage) for the wrong Skeleton (MultiWeapon_Shield_Skeleton) instead of (MannequinFPP_Skeleton).
[2016.10.04-21.49.05:871][342]LogAnimation:Warning: Playing a Montage (MannequinFPP_Shield_Montage) for the wrong Skeleton (MultiWeapon_Shield_Skeleton) instead of (MannequinFPP_Skeleton).
[2016.10.04-21.49.05:871][342]LogAnimation:Warning: Playing a Montage (MannequinFPP_Shield_Montage) for the wrong Skeleton (MultiWeapon_Shield_Skeleton) instead of (MannequinFPP_Skeleton).
[2016.10.04-21.49.05:871][342]LogAnimation:Warning: Playing a Montage (MannequinFPP_Shield_Montage) for the wrong Skeleton (MultiWeapon_Shield_Skeleton) instead of (MannequinFPP_Skeleton).
[2016.10.04-21.49.05:871][342]LogAnimation:Warning: Playing a Montage (MannequinFPP_Shield_Montage) for the wrong Skeleton (MultiWeapon_Shield_Skeleton) instead of (MannequinFPP_Skeleton).
[2016.10.04-21.49.05:878][342]LogBlueprintUserMessages: [W_mainHUD_C_0] FirstPersonCharacter
[2016.10.04-21.49.05:878][342]LogScript:Warning: Accessed None 'Widget'
	GI_MPGameInstance_C /Engine/Transient.GameEngine_0:GI_MPGameInstance_C_0
	Function /Game/Blueprints/Multiplayer/GI_MPGameInstance.GI_MPGameInstance_C:HideWidget:000A
[2016.10.04-21.49.05:891][342]LogBlueprintUserMessages: [W_mainHUD_C_0] FirstPersonCharacter
[2016.10.04-21.49.07:666][362]LogBlueprintUserMessages: [W_TeamSelection_C_0] Team0
[2016.10.04-21.49.07:674][362]LogAnimation:Warning: Playing a Montage (MannequinFPP_Shield_Montage) for the wrong Skeleton (MultiWeapon_Shield_Skeleton) instead of (MannequinFPP_Skeleton).
[2016.10.04-21.49.07:674][362]LogAnimation:Warning: Playing a Montage (MannequinFPP_Shield_Montage) for the wrong Skeleton (MultiWeapon_Shield_Skeleton) instead of (MannequinFPP_Skeleton).
[2016.10.04-21.49.07:674][362]LogAnimation:Warning: Playing a Montage (MannequinFPP_Shield_Montage) for the wrong Skeleton (MultiWeapon_Shield_Skeleton) instead of (MannequinFPP_Skeleton).
[2016.10.04-21.49.07:674][362]LogAnimation:Warning: Playing a Montage (MannequinFPP_Shield_Montage) for the wrong Skeleton (MultiWeapon_Shield_Skeleton) instead of (MannequinFPP_Skeleton).
[2016.10.04-21.49.07:674][362]LogAnimation:Warning: Playing a Montage (MannequinFPP_Shield_Montage) for the wrong Skeleton (MultiWeapon_Shield_Skeleton) instead of (MannequinFPP_Skeleton).
[2016.10.04-21.49.07:674][362]LogAnimation:Warning: Playing a Montage (MannequinFPP_Shield_Montage) for the wrong Skeleton (MultiWeapon_Shield_Skeleton) instead of (MannequinFPP_Skeleton).
[2016.10.04-21.49.07:682][362]LogBlueprintUserMessages: [W_mainHUD_C_0] FirstPersonCharacter1
[2016.10.04-21.49.10:121][408]LogBlueprintUserMessages: [MannequinFPP_AnimBP_C_1] false
[2016.10.04-21.49.12:704][489]LogBlueprintUserMessages: [MannequinFPP_AnimBP_C_1] true
[2016.10.04-21.49.19:782][907]LogBlueprintUserMessages: [FirstPersonCharacter_C_1] BP_RifleProjectile_C
[2016.10.04-21.49.19:782][907]LogBlueprintUserMessages: [MannequinFPP_AnimBP_C_1] false
[2016.10.04-21.49.22:455][ 69]LogBlueprintUserMessages: [MannequinFPP_AnimBP_C_1] true
[2016.10.04-21.49.31:557][528]LogEngine: All Windows Closed
[2016.10.04-21.49.31:557][528]LogWindows: FPlatformMisc::RequestExit(0)
[2016.10.04-21.49.31:739][529]LogNet: World NetDriver shutdown SteamNetDriver_0 [GameNetDriver]
[2016.10.04-21.49.31:739][529]LogNet: DestroyNamedNetDriver SteamNetDriver_0 [GameNetDriver]
[2016.10.04-21.49.31:739][529]LogExit: GameNetDriver SteamNetDriver_0 shut down
[2016.10.04-21.49.31:746][529]LogExit: Preparing to exit.
[2016.10.04-21.49.31:968][529]LogExit: Game engine shut down
[2016.10.04-21.49.31:972][529]LogParticles: Destroying 0 GPU particle simulations for FXSystem 0x000000003AC3ADE0
[2016.10.04-21.49.32:314][529]LogExit: Object subsystem successfully closed.
[2016.10.04-21.49.32:325][529]LogD3D11RHI: Shutdown
[2016.10.04-21.49.32:325][529]LogD3D11RHI: CleanupD3DDevice
[2016.10.04-21.49.32:535][529]LogD3D11RHI: ~FD3D11DynamicRHI
[2016.10.04-21.49.32:548][529]LogModuleManager: Shutting down and abandoning module AssetRegistry (119)
[2016.10.04-21.49.32:548][529]LogModuleManager: Shutting down and abandoning module AndroidDeviceDetection (118)
[2016.10.04-21.49.32:727][529]LogModuleManager: Shutting down and abandoning module AutomationController (117)
[2016.10.04-21.49.32:727][529]LogModuleManager: Shutting down and abandoning module AutomationWorker (116)
[2016.10.04-21.49.32:727][529]LogModuleManager: Shutting down and abandoning module CharacterAI (115)
[2016.10.04-21.49.32:727][529]LogModuleManager: Shutting down and abandoning module AITestSuite (114)
[2016.10.04-21.49.32:727][529]LogModuleManager: Shutting down and abandoning module GameplayDebugger (113)
[2016.10.04-21.49.32:727][529]LogModuleManager: Shutting down and abandoning module AIModule (112)
[2016.10.04-21.49.32:727][529]LogModuleManager: Shutting down and abandoning module MovieSceneCapture (111)
[2016.10.04-21.49.32:727][529]LogModuleManager: Shutting down and abandoning module GameLiveStreaming (110)
[2016.10.04-21.49.32:727][529]LogModuleManager: Shutting down and abandoning module StreamingPauseRendering (109)
[2016.10.04-21.49.32:727][529]LogModuleManager: Shutting down and abandoning module ProfilerService (108)
[2016.10.04-21.49.32:952][529]LogModuleManager: Shutting down and abandoning module TaskGraph (107)
[2016.10.04-21.49.32:952][529]LogModuleManager: Shutting down and abandoning module SlateRemote (106)
[2016.10.04-21.49.32:952][529]LogModuleManager: Shutting down and abandoning module SteamVRController (105)
[2016.10.04-21.49.32:952][529]LogModuleManager: Shutting down and abandoning module SteamVR (104)
[2016.10.04-21.49.32:952][529]LogModuleManager: Shutting down and abandoning module ProceduralMeshComponent (103)
[2016.10.04-21.49.32:952][529]LogModuleManager: Shutting down and abandoning module OculusLibrary (102)
[2016.10.04-21.49.32:952][529]LogModuleManager: Shutting down and abandoning module OculusInput (101)
[2016.10.04-21.49.32:952][529]LogModuleManager: Shutting down and abandoning module LeapMotionController (100)
[2016.10.04-21.49.32:964][529]LogModuleManager: Shutting down and abandoning module CustomMeshComponent (99)
[2016.10.04-21.49.32:964][529]LogModuleManager: Shutting down and abandoning module CableComponent (98)
[2016.10.04-21.49.32:964][529]LogModuleManager: Shutting down and abandoning module ArchVisCharacter (97)
[2016.10.04-21.49.32:964][529]LogModuleManager: Shutting down and abandoning module HTML5Networking (96)
[2016.10.04-21.49.32:964][529]LogModuleManager: Shutting down and abandoning module DesktopPlatform (95)
[2016.10.04-21.49.32:964][529]LogModuleManager: Shutting down and abandoning module DirectoryWatcher (94)
[2016.10.04-21.49.32:964][529]LogModuleManager: Shutting down and abandoning module HotReload (93)
[2016.10.04-21.49.32:964][529]LogModuleManager: Shutting down and abandoning module VisualStudioSourceCodeAccess (92)
[2016.10.04-21.49.32:964][529]LogModuleManager: Shutting down and abandoning module UObjectPlugin (91)
[2016.10.04-21.49.32:964][529]LogModuleManager: Shutting down and abandoning module SubversionSourceControl (90)
[2016.10.04-21.49.32:964][529]LogModuleManager: Shutting down and abandoning module SourceControl (89)
[2016.10.04-21.49.32:964][529]LogModuleManager: Shutting down and abandoning module PerforceSourceControl (88)
[2016.10.04-21.49.32:964][529]LogModuleManager: Shutting down and abandoning module UdpMessaging (87)
[2016.10.04-21.49.32:965][529]LogModuleManager: Shutting down and abandoning module LightPropagationVolumeRuntime (86)
[2016.10.04-21.49.32:965][529]LogModuleManager: Shutting down and abandoning module Paper2D (85)
[2016.10.04-21.49.32:965][529]LogModuleManager: Shutting down and abandoning module WindowsMoviePlayer (84)
[2016.10.04-21.49.32:970][529]LogModuleManager: Shutting down and abandoning module Media (83)
[2016.10.04-21.49.32:970][529]LogModuleManager: Shutting down and abandoning module WmfMedia (82)
[2016.10.04-21.49.32:970][529]LogModuleManager: Shutting down and abandoning module OnlineBlueprintSupport (81)
[2016.10.04-21.49.32:970][529]LogModuleManager: Shutting down and abandoning module GameplayTasksEditor (80)
[2016.10.04-21.49.32:970][529]LogModuleManager: Shutting down and abandoning module PropertyEditor (79)
[2016.10.04-21.49.32:970][529]LogModuleManager: Shutting down and abandoning module BehaviorTreeEditor (78)
[2016.10.04-21.49.32:970][529]LogModuleManager: Shutting down and abandoning module FunctionalTesting (77)
[2016.10.04-21.49.32:970][529]LogModuleManager: Shutting down and abandoning module CollisionAnalyzer (76)
[2016.10.04-21.49.32:970][529]LogModuleManager: Shutting down and abandoning module WorkspaceMenuStructure (75)
[2016.10.04-21.49.32:970][529]LogModuleManager: Shutting down and abandoning module MessageLog (74)
[2016.10.04-21.49.32:970][529]LogModuleManager: Shutting down and abandoning module Sequencer (73)
[2016.10.04-21.49.32:970][529]LogModuleManager: Shutting down and abandoning module AssetTools (72)
[2016.10.04-21.49.32:970][529]LogModuleManager: Shutting down and abandoning module UMGEditor (71)
[2016.10.04-21.49.32:971][529]LogModuleManager: Shutting down and abandoning module UMG (70)
[2016.10.04-21.49.32:971][529]LogModuleManager: Shutting down and abandoning module Slate (69)
[2016.10.04-21.49.32:971][529]LogModuleManager: Shutting down and abandoning module EditorStyle (68)
[2016.10.04-21.49.32:972][529]LogModuleManager: Shutting down and abandoning module SessionServices (67)
[2016.10.04-21.49.32:972][529]LogModuleManager: Shutting down and abandoning module SourceCodeAccess (66)
[2016.10.04-21.49.32:972][529]LogModuleManager: Shutting down and abandoning module HeadMountedDisplay (65)
[2016.10.04-21.49.32:972][529]LogModuleManager: Shutting down and abandoning module XAudio2 (64)
[2016.10.04-21.49.32:972][529]LogModuleManager: Shutting down and abandoning module Networking (63)
[2016.10.04-21.49.32:972][529]LogModuleManager: Shutting down and abandoning module Core (62)
[2016.10.04-21.49.32:972][529]LogModuleManager: Shutting down and abandoning module KismetCompiler (61)
[2016.10.04-21.49.32:972][529]LogModuleManager: Shutting down and abandoning module PhysXFormats (60)
[2016.10.04-21.49.32:972][529]LogModuleManager: Shutting down and abandoning module MeshUtilities (59)
[2016.10.04-21.49.32:972][529]LogModuleManager: Shutting down and abandoning module DerivedDataCache (58)
[2016.10.04-21.49.33:254][529]LogDerivedDataCache: Shutdown
[2016.10.04-21.49.33:254][529]LogModuleManager: Shutting down and abandoning module ShaderFormatOpenGL (57)
[2016.10.04-21.49.33:254][529]LogModuleManager: Shutting down and abandoning module ShaderFormatD3D (56)
[2016.10.04-21.49.33:254][529]LogModuleManager: Shutting down and abandoning module MetalShaderFormat (55)
[2016.10.04-21.49.33:254][529]LogModuleManager: Shutting down and abandoning module TextureFormatUncompressed (54)
[2016.10.04-21.49.33:254][529]LogModuleManager: Shutting down and abandoning module TextureFormatPVR (53)
[2016.10.04-21.49.33:254][529]LogModuleManager: Shutting down and abandoning module TextureFormatIntelISPCTexComp (52)
[2016.10.04-21.49.33:254][529]LogModuleManager: Shutting down and abandoning module TextureFormatDXT (51)
[2016.10.04-21.49.33:254][529]LogModuleManager: Shutting down and abandoning module ImageWrapper (50)
[2016.10.04-21.49.33:254][529]LogModuleManager: Shutting down and abandoning module TextureFormatASTC (49)
[2016.10.04-21.49.33:254][529]LogModuleManager: Shutting down and abandoning module TextureFormatAndroid (48)
[2016.10.04-21.49.33:254][529]LogModuleManager: Shutting down and abandoning module AudioFormatOpus (47)
[2016.10.04-21.49.33:254][529]LogModuleManager: Shutting down and abandoning module AudioFormatOgg (46)
[2016.10.04-21.49.33:254][529]LogModuleManager: Shutting down and abandoning module AudioFormatADPCM (45)
[2016.10.04-21.49.33:254][529]LogModuleManager: Shutting down and abandoning module LinuxTargetPlatform (44)
[2016.10.04-21.49.33:254][529]LogModuleManager: Shutting down and abandoning module LinuxServerTargetPlatform (43)
[2016.10.04-21.49.33:254][529]LogModuleManager: Shutting down and abandoning module LinuxNoEditorTargetPlatform (42)
[2016.10.04-21.49.33:254][529]LogModuleManager: Shutting down and abandoning module Messaging (41)
[2016.10.04-21.49.33:254][529]LogModuleManager: Shutting down and abandoning module IOSTargetPlatform (40)
[2016.10.04-21.49.33:254][529]LogModuleManager: Shutting down and abandoning module HTML5TargetPlatform (39)
[2016.10.04-21.49.33:254][529]LogModuleManager: Shutting down and abandoning module Android_PVRTCTargetPlatform (38)
[2016.10.04-21.49.33:254][529]LogModuleManager: Shutting down and abandoning module Android_MultiTargetPlatform (37)
[2016.10.04-21.49.33:254][529]LogModuleManager: Shutting down and abandoning module Android_ETC2TargetPlatform (36)
[2016.10.04-21.49.33:254][529]LogModuleManager: Shutting down and abandoning module Android_ETC1TargetPlatform (35)
[2016.10.04-21.49.33:254][529]LogModuleManager: Shutting down and abandoning module Android_DXTTargetPlatform (34)
[2016.10.04-21.49.33:254][529]LogModuleManager: Shutting down and abandoning module Android_ATCTargetPlatform (33)
[2016.10.04-21.49.33:254][529]LogModuleManager: Shutting down and abandoning module Android_ASTCTargetPlatform (32)
[2016.10.04-21.49.33:254][529]LogModuleManager: Shutting down and abandoning module AndroidTargetPlatform (31)
[2016.10.04-21.49.33:254][529]LogModuleManager: Shutting down and abandoning module WindowsTargetPlatform (30)
[2016.10.04-21.49.33:254][529]LogModuleManager: Shutting down and abandoning module WindowsServerTargetPlatform (29)
[2016.10.04-21.49.33:254][529]LogModuleManager: Shutting down and abandoning module WindowsNoEditorTargetPlatform (28)
[2016.10.04-21.49.33:254][529]LogModuleManager: Shutting down and abandoning module WindowsClientTargetPlatform (27)
[2016.10.04-21.49.33:254][529]LogModuleManager: Shutting down and abandoning module AllDesktopTargetPlatform (26)
[2016.10.04-21.49.33:254][529]LogModuleManager: Shutting down and abandoning module TargetPlatform (25)
[2016.10.04-21.49.33:254][529]LogModuleManager: Shutting down and abandoning module InputCore (24)
[2016.10.04-21.49.33:254][529]LogModuleManager: Shutting down and abandoning module Settings (23)
[2016.10.04-21.49.33:254][529]LogModuleManager: Shutting down and abandoning module OnlineSubsystem (19)
[2016.10.04-21.49.33:254][529]LogOnline:Display: STEAM: OnlineSubsystemSteam::Shutdown()
[2016.10.04-21.49.33:289][529]LogOnline:Display: Unloading online subsystem: STEAM
[2016.10.04-21.49.33:289][529]LogOnline:Display: STEAM: OnlineSubsystemSteam::Shutdown()
[2016.10.04-21.49.33:289][529]LogModuleManager: Shutting down and abandoning module HTTP (18)
[2016.10.04-21.49.33:289][529]LogModuleManager: Shutting down and abandoning module XMPP (17)
[2016.10.04-21.49.33:289][529]LogModuleManager: Shutting down and abandoning module OculusRift (16)
[2016.10.04-21.49.33:289][529]LogModuleManager: Shutting down and abandoning module ExampleDeviceProfileSelector (15)
[2016.10.04-21.49.33:289][529]LogModuleManager: Shutting down and abandoning module TextureCompressor (14)
[2016.10.04-21.49.33:289][529]LogModuleManager: Shutting down and abandoning module ShaderCore (13)
[2016.10.04-21.49.33:289][529]LogModuleManager: Shutting down and abandoning module Landscape (12)
[2016.10.04-21.49.33:289][529]LogModuleManager: Shutting down and abandoning module SlateRHIRenderer (11)
[2016.10.04-21.49.33:290][529]LogModuleManager: Shutting down and abandoning module OpenGLDrv (10)
[2016.10.04-21.49.33:290][529]LogModuleManager: Shutting down and abandoning module D3D11RHI (9)
[2016.10.04-21.49.33:290][529]LogModuleManager: Shutting down and abandoning module AnimGraphRuntime (8)
[2016.10.04-21.49.33:290][529]LogModuleManager: Shutting down and abandoning module Renderer (7)
[2016.10.04-21.49.33:290][529]LogModuleManager: Shutting down and abandoning module Engine (6)
[2016.10.04-21.49.33:290][529]LogModuleManager: Shutting down and abandoning module CoreUObject (5)
[2016.10.04-21.49.33:290][529]LogModuleManager: Shutting down and abandoning module NetworkFile (4)
[2016.10.04-21.49.33:290][529]LogModuleManager: Shutting down and abandoning module StreamingFile (3)
[2016.10.04-21.49.33:290][529]LogModuleManager: Shutting down and abandoning module SandboxFile (2)
[2016.10.04-21.49.33:290][529]LogModuleManager: Shutting down and abandoning module PakFile (1)
[2016.10.04-21.49.33:291][529]LogExit: Exiting.
[2016.10.04-21.49.33:292][529]Log file closed, 10/04/16 23:49:33
