[2016.10.04-15.27.00:263][  0]Log file open, 10/04/16 17:27:00
[2016.10.04-15.27.00:263][  0]LogInit:Display: Running engine for game: MPShooter
[2016.10.04-15.27.00:263][  0]LogPlatformFile: Not using cached read wrapper
[2016.10.04-15.27.00:263][  0]LogInit:Display: RandInit(105730542) SRandInit(105730543).
[2016.10.04-15.27.00:263][  0]LogTaskGraph: Started task graph with 4 named threads and 7 total threads.
[2016.10.04-15.27.00:263][  0]LogStats: Stats thread started at 0.148877
[2016.10.04-15.27.00:263][  0]LogInit: Version: 4.10.4-2872498+++depot+UE4-Releases+4.10
[2016.10.04-15.27.00:263][  0]LogInit: API Version: 2758231
[2016.10.04-15.27.00:263][  0]LogInit: Compiled (64-bit): Feb 18 2016 15:47:04
[2016.10.04-15.27.00:263][  0]LogInit: Compiled with Visual C++: 19.00.23026.00
[2016.10.04-15.27.00:263][  0]LogInit: Build Configuration: Development
[2016.10.04-15.27.00:263][  0]LogInit: Branch Name: ++depot+UE4-Releases+4.10
[2016.10.04-15.27.00:263][  0]LogInit: Command line:  
[2016.10.04-15.27.00:263][  0]LogInit: Base directory: G:/Program Files/Epic Games/4.10/Engine/Binaries/Win64/
[2016.10.04-15.27.00:263][  0]LogInit: Rocket: 1
[2016.10.04-15.27.00:312][  0]LogInit: Using libcurl 7.41.0
[2016.10.04-15.27.00:312][  0]LogInit:  - built for x86_64-pc-win32
[2016.10.04-15.27.00:312][  0]LogInit:  - supports SSL with WinSSL
[2016.10.04-15.27.00:312][  0]LogInit:  - other features:
[2016.10.04-15.27.00:312][  0]LogInit:      CURL_VERSION_SSL
[2016.10.04-15.27.00:312][  0]LogInit:      CURL_VERSION_IPV6
[2016.10.04-15.27.00:312][  0]LogInit:      CURL_VERSION_ASYNCHDNS
[2016.10.04-15.27.00:312][  0]LogInit:      CURL_VERSION_LARGEFILE
[2016.10.04-15.27.00:312][  0]LogInit:      CURL_VERSION_IDN
[2016.10.04-15.27.00:312][  0]LogInit:  CurlRequestOptions (configurable via config and command line):
[2016.10.04-15.27.00:312][  0]LogInit:  - bVerifyPeer = true  - Libcurl will verify peer certificate
[2016.10.04-15.27.00:312][  0]LogInit:  - bUseHttpProxy = false  - Libcurl will NOT use HTTP proxy
[2016.10.04-15.27.00:312][  0]LogInit:  - bDontReuseConnections = false  - Libcurl will reuse connections
[2016.10.04-15.27.00:312][  0]LogInit:  - CertBundlePath = nullptr  - Libcurl will use whatever was configured at build time.
[2016.10.04-15.27.00:631][  0]LogOnline:Display: STEAM: Loading Steam SDK 1.32
[2016.10.04-15.27.00:646][  0]LogOnline:Warning: STEAM: Steam API disabled!
[2016.10.04-15.27.00:646][  0]LogOnline:Display: STEAM: OnlineSubsystemSteam::Shutdown()
[2016.10.04-15.27.00:702][  0]LogInit: WinSock: version 1.1 (2.2), MaxSocks=32767, MaxUdp=65467
[2016.10.04-15.27.00:706][  0]LogVoice:Warning: Failed to initialize voice interface
[2016.10.04-15.27.00:708][  0]LogInit: Presizing for 0 objects not considered by GC, pre-allocating 0 bytes.
[2016.10.04-15.27.00:713][  0]LogInit: Object subsystem initialized
[2016.10.04-15.27.00:714][  0]LogInit: Selected Device Profile: [Windows]
[2016.10.04-15.27.00:714][  0]LogInit: Applying CVar settings loaded from the selected device profile: [Windows]
[2016.10.04-15.27.00:726][  0]LogInit: Computer: ADRIANSPC
[2016.10.04-15.27.00:726][  0]LogInit: User: Adrian
[2016.10.04-15.27.00:726][  0]LogInit: CPU Page size=4096, Cores=4
[2016.10.04-15.27.00:726][  0]LogInit: High frequency timer resolution =3.312640 MHz
[2016.10.04-15.27.00:726][  0]LogMemory: Memory total: Physical=15.9GB (16GB approx)
[2016.10.04-15.27.00:726][  0]LogMemory: Platform Memory Stats for Windows
[2016.10.04-15.27.00:726][  0]LogMemory: Process Physical Memory: 58.29 MB used, 58.29 MB peak
[2016.10.04-15.27.00:726][  0]LogMemory: Process Virtual Memory: 57.09 MB used, 57.09 MB peak
[2016.10.04-15.27.00:726][  0]LogMemory: Physical Memory: 2618.54 MB used, 16325.39 MB total
[2016.10.04-15.27.00:727][  0]LogMemory: Virtual Memory: 386.91 MB used, 134217728.00 MB total
[2016.10.04-15.27.01:014][  0]LogTextLocalizationManager: No translations for ('de-DE') exist, falling back to 'en' for localization and internationalization data.
[2016.10.04-15.27.02:118][  0]LogD3D11RHI: Found D3D11 adapter 0: NVIDIA GeForce GTX 970 (Feature Level 11_0)
[2016.10.04-15.27.02:118][  0]LogD3D11RHI: Adapter has 4058MB of dedicated video memory, 0MB of dedicated system memory, and 8162MB of shared system memory, 2 output[s]
[2016.10.04-15.27.02:131][  0]LogD3D11RHI: Found D3D11 adapter 1: Microsoft Basic Render Driver (Feature Level 11_0)
[2016.10.04-15.27.02:131][  0]LogD3D11RHI: Adapter has 0MB of dedicated video memory, 0MB of dedicated system memory, and 8162MB of shared system memory, 0 output[s]
[2016.10.04-15.27.02:131][  0]LogD3D11RHI: Chosen D3D11 Adapter Id = 0
[2016.10.04-15.27.02:135][  0]LogD3D11RHI: !Direct3DDevice
[2016.10.04-15.27.02:135][  0]LogRHI: Texture pool is 1361 MB (70% of 1945 MB)
[2016.10.04-15.27.02:640][  0]LogD3D11RHI: Async texture creation enabled
[2016.10.04-15.27.02:695][  0]LogShaderCompilers: Guid format shader working directory is -16 characters bigger than the processId version (C:/Users/Adrian/Desktop/UE4-Shooter_CapturePoint-n-Stuff-master/Intermediate/Shaders/WorkingDirectory/6552/).
[2016.10.04-15.27.02:696][  0]LogShaderCompilers: Cleaned the shader compiler working directory 'C:/Users/Adrian/AppData/Local/Temp/UnrealShaderWorkingDir/C02C1001424B4ADA40D6419A420513D7/'.
[2016.10.04-15.27.02:696][  0]LogShaderCompilers:Display: Using Local Shader Compiler.
[2016.10.04-15.27.04:559][  0]LogTemp:Display: Loaded TP AllDesktopTargetPlatform
[2016.10.04-15.27.04:570][  0]LogTemp:Display: Loaded TP WindowsClientTargetPlatform
[2016.10.04-15.27.04:580][  0]LogTemp:Display: Loaded TP WindowsNoEditorTargetPlatform
[2016.10.04-15.27.04:591][  0]LogTemp:Display: Loaded TP WindowsServerTargetPlatform
[2016.10.04-15.27.04:600][  0]LogTemp:Display: Loaded TP WindowsTargetPlatform
[2016.10.04-15.27.04:610][  0]LogTemp:Display: Loaded TP AndroidTargetPlatform
[2016.10.04-15.27.04:619][  0]LogTemp:Display: Loaded TP Android_ASTCTargetPlatform
[2016.10.04-15.27.04:627][  0]LogTemp:Display: Loaded TP Android_ATCTargetPlatform
[2016.10.04-15.27.04:636][  0]LogTemp:Display: Loaded TP Android_DXTTargetPlatform
[2016.10.04-15.27.04:644][  0]LogTemp:Display: Loaded TP Android_ETC1TargetPlatform
[2016.10.04-15.27.04:652][  0]LogTemp:Display: Loaded TP Android_ETC2TargetPlatform
[2016.10.04-15.27.04:683][  0]LogTemp:Display: Loaded TP Android_MultiTargetPlatform
[2016.10.04-15.27.04:683][  0]LogTemp:Display: Loaded TP Android_PVRTCTargetPlatform
[2016.10.04-15.27.04:689][  0]LogTemp:Display: Loaded TP HTML5TargetPlatform
[2016.10.04-15.27.04:780][  0]LogTemp:Display: Loaded TP IOSTargetPlatform
[2016.10.04-15.27.04:788][  0]LogTemp:Display: Loaded TP LinuxNoEditorTargetPlatform
[2016.10.04-15.27.04:797][  0]LogTemp:Display: Loaded TP LinuxServerTargetPlatform
[2016.10.04-15.27.04:809][  0]LogTemp:Display: Loaded TP LinuxTargetPlatform
[2016.10.04-15.27.04:809][  0]LogTargetPlatformManager:Display: Building Assets For Windows
[2016.10.04-15.27.05:539][  0]LogDerivedDataCache:Display: Max Cache Size: 512 MB
[2016.10.04-15.27.05:770][  0]LogDerivedDataCache: Loaded boot cache 0.23s 42MB C:/Users/Adrian/AppData/Local/UnrealEngine/4.10/DerivedDataCache/Boot.ddc.
[2016.10.04-15.27.05:770][  0]LogDerivedDataCache:Display: Loaded Boot cache: C:/Users/Adrian/AppData/Local/UnrealEngine/4.10/DerivedDataCache/Boot.ddc
[2016.10.04-15.27.05:770][  0]LogDerivedDataCache: FDerivedDataBackendGraph:  Pak pak cache file C:/Users/Adrian/Desktop/UE4-Shooter_CapturePoint-n-Stuff-master/DerivedDataCache/DDC.ddp not found, will not use a pak cache.
[2016.10.04-15.27.05:770][  0]LogDerivedDataCache: Unable to find inner node Pak for hierarchical cache Hierarchy.
[2016.10.04-15.27.05:770][  0]LogDerivedDataCache: FDerivedDataBackendGraph:  CompressedPak pak cache file C:/Users/Adrian/Desktop/UE4-Shooter_CapturePoint-n-Stuff-master/DerivedDataCache/Compressed.ddp not found, will not use a pak cache.
[2016.10.04-15.27.05:770][  0]LogDerivedDataCache: Unable to find inner node CompressedPak for hierarchical cache Hierarchy.
[2016.10.04-15.27.05:889][  0]LogDerivedDataCache:Display: Pak cache opened for reading ../../../Engine/DerivedDataCache/Compressed.ddp.
[2016.10.04-15.27.05:902][  0]LogDerivedDataCache: Using Local data cache path C:/Users/Adrian/AppData/Local/UnrealEngine/Common/DerivedDataCache: Writable
[2016.10.04-15.27.14:117][  0]LogInit: Selected Device Profile: [Windows]
[2016.10.04-15.27.14:290][  0]LogContentStreaming: Texture pool size is 0.000000MB
[2016.10.04-15.27.15:658][  0]LogMeshUtilities: No automatic mesh reduction module available
[2016.10.04-15.27.15:658][  0]LogMeshUtilities: No automatic mesh merging module available
[2016.10.04-15.27.37:577][  0]UdpMessaging: Initializing bridge on interface 0.0.0.0:0 to multicast group 230.0.0.1:6666.
[2016.10.04-15.27.38:092][  0]LogAssetRegistry: FAssetRegistry took 0.0185 seconds to start up
[2016.10.04-15.27.40:508][  0]SourceControl: Info Source control is disabled
[2016.10.04-15.27.40:523][  0]SourceControl: Info Source control is disabled
[2016.10.04-15.27.40:673][  0]SourceControl: Info Source control is disabled
[2016.10.04-15.27.40:731][  0]SourceControl: Info Source control is disabled
[2016.10.04-15.27.42:207][  0]LogObj: 28640 objects as part of root set at end of initial load.
[2016.10.04-15.27.42:207][  0]LogUObjectAllocator: 6315720 out of 0 bytes used by permanent object pool.
[2016.10.04-15.27.42:861][  0]LogEngine: Initializing Engine...
[2016.10.04-15.27.42:876][  0]LogHMD: Can't find Oculus library dev build: is proper Runtime installed? Version: 0.8.0.0
[2016.10.04-15.27.42:909][  0]LogHMD: SteamVR failed to initialize.  Err: 110
[2016.10.04-15.27.43:764][  0]LogAIModule: Creating AISystem for world NewWorld
[2016.10.04-15.27.43:903][  0]LogInit: XAudio2 using 'Blackwidow Audio (High Definition Audio-Gerät)' : 2 channels at 44.1 kHz using 16 bits per sample (channel mask 0x3)
[2016.10.04-15.27.43:920][  0]LogInit: FAudioDevice initialized.
[2016.10.04-15.27.43:941][  0]LogDerivedDataCache: Saved boot cache 0.02s 42MB C:/Users/Adrian/AppData/Local/UnrealEngine/4.10/DerivedDataCache/Boot.ddc.
[2016.10.04-15.27.43:944][  0]LogInit: Texture streaming: Enabled
[2016.10.04-15.27.43:963][  0]LogAnalytics: Creating configured Analytics provider AnalyticsET
[2016.10.04-15.27.43:963][  0]LogAnalytics: [UEEditor.Rocket.Release] APIServer = http://et2.epicgames.com/ET2/. AppVersion = 4.10.4-2872498+++depot+UE4-Releases+4.10
[2016.10.04-15.27.43:963][  0]LogAnalytics: [UEEditor.Rocket.Release] SetUserId 71763c814d7ef57a894b56a0f7b357de|f999ca84414a43d58d3c0a0bd34a9968|07809343-2714-427c-aa04-685ae0e4c549
[2016.10.04-15.27.43:979][  0]LogAnalytics: [UEEditor.Rocket.Release] AnalyticsET::StartSession
[2016.10.04-15.27.44:378][  0]LogInit: Transaction tracking system initialized
[2016.10.04-15.27.45:935][  0]BlueprintLog: New page: Editor Load
[2016.10.04-15.27.54:202][  0]LocalizationService: Info Localization service is disabled
[2016.10.04-15.27.54:865][  0]LogConsoleResponse:Display: 
[2016.10.04-15.27.56:818][  0]LogFileCache: Scanning file cache for directory 'C:/Users/Adrian/Desktop/UE4-Shooter_CapturePoint-n-Stuff-master/Content/' took 0.04s
[2016.10.04-15.27.56:818][  0]LogCook:Display: Done creating registry. It took  0.00s.
[2016.10.04-15.27.58:171][  0]SourceControl: Info Source control is disabled
[2016.10.04-15.27.58:247][  0]Cmd: MAP LOAD FILE="C:/Users/Adrian/Desktop/UE4-Shooter_CapturePoint-n-Stuff-master/Content/Maps/Map_CaptureTheSphere.umap" TEMPLATE=0 SHOWPROGRESS=1 FEATURELEVEL=3
[2016.10.04-15.27.58:262][  0]LightingResults: New page: Lighting Build
[2016.10.04-15.27.58:550][  0]MapCheck: New page: Map Check
[2016.10.04-15.27.58:550][  0]LightingResults: New page: Lighting Build
[2016.10.04-15.27.59:272][  0]LogParticles: Destroying 0 GPU particle simulations for FXSystem 0x000001AFA0222160
[2016.10.04-15.28.02:194][  0]LogClass:Warning: UUserDefinedStructEditorData::RecreateDefaultInstance Cannot parse value. Property: Weapon Projectile String: "BlueprintGeneratedClass'/Game/Blueprints/FirstPersonBP/Blueprints/Projectiles/Rifle/BP_RailgunProjectile.BP_RailgunProjectile_C'"  Struct: /Game/FirstPersonBP/Blueprints/Modes/S_DamageMode.S_DamageMode 
[2016.10.04-15.28.02:196][  0]LogClass:Warning: UUserDefinedStructEditorData::RecreateDefaultInstance Cannot parse value. Property: Weapon Projectile String: "BlueprintGeneratedClass'/Game/Blueprints/FirstPersonBP/Blueprints/Projectiles/Rifle/BP_RifleProjectile.BP_RifleProjectile_C'"  Struct: /Game/FirstPersonBP/Blueprints/Modes/S_BaseMode.S_BaseMode 
[2016.10.04-15.28.10:458][  0]LogAIModule: Creating AISystem for world Map_CaptureTheSphere
[2016.10.04-15.28.10:849][  0]LogEditorServer: Finished looking for orphan Actors (0.000 secs)
[2016.10.04-15.28.10:909][  0]Cmd: MAP CHECKDEP NOCLEARLOG
[2016.10.04-15.28.11:060][  0]MapCheck: Info Map check complete: 0 Error(s), 0 Warning(s), took 151.122ms to complete.
[2016.10.04-15.28.11:060][  0]LogFileHelpers: Loading map 'Map_CaptureTheSphere' took 12.836
[2016.10.04-15.28.12:169][  0]LogCollectionManager: Loaded 0 collections in 0.000954 seconds
[2016.10.04-15.28.12:313][  0]LogFileCache: Scanning file cache for directory 'C:/Users/Adrian/Desktop/UE4-Shooter_CapturePoint-n-Stuff-master/Saved/Collections/' took 0.01s
[2016.10.04-15.28.12:313][  0]LogFileCache: Scanning file cache for directory 'C:/Users/Adrian/Desktop/UE4-Shooter_CapturePoint-n-Stuff-master/Content/Developers/Adrian/Collections/' took 0.01s
[2016.10.04-15.28.12:313][  0]LogFileCache: Scanning file cache for directory 'C:/Users/Adrian/Desktop/UE4-Shooter_CapturePoint-n-Stuff-master/Content/Collections/' took 0.01s
[2016.10.04-15.28.12:313][  0]LogCollectionManager: Rebuilt the GUID cache for 0 collections in 0.000001 seconds
[2016.10.04-15.28.12:331][  0]LogContentBrowser: Native class hierarchy populated in 0.0179 seconds. Added 1895 classes and 340 folders.
[2016.10.04-15.28.12:381][  0]LogContentBrowser: Native class hierarchy updated for 'WidgetCarousel' in 0.0005 seconds. Added 0 classes and 0 folders.
[2016.10.04-15.28.13:694][  0]LogContentBrowser: Native class hierarchy updated for 'AddContentDialog' in 0.0003 seconds. Added 0 classes and 0 folders.
[2016.10.04-15.28.13:776][  0]LogContentBrowser: Native class hierarchy updated for 'SceneOutliner' in 0.0005 seconds. Added 1 classes and 2 folders.
[2016.10.04-15.28.14:862][  0]LogCrashTracker: Crashtracker disabled due to settings.
[2016.10.04-15.28.15:032][  0]LogUObjectGlobals:Warning: Failed to find object 'Class None.'
[2016.10.04-15.28.15:121][  0]LogLoad: Full Startup: 76.14 seconds (BP compile: 3.63 seconds)
[2016.10.04-15.28.15:498][  0]LogOcInput: Can't find Oculus library dev build: is proper Runtime installed? Version: 0.8.0.0
[2016.10.04-15.28.15:811][  0]LogContentStreaming: Texture pool size now 1000 MB
[2016.10.04-15.28.16:273][  0]LogRenderer: Reallocating scene render targets to support 1208x684 (Frame:2).
[2016.10.04-15.28.21:599][ 24]LogAssetRegistry: Asset discovery search completed in 43.5179 seconds
[2016.10.04-15.28.21:630][ 24]LogCollectionManager: Rebuilt the object cache for 0 collections in 0.000001 seconds (found 0 objects)
[2016.10.04-15.28.21:630][ 24]LogCollectionManager: Fixed up redirectors for 0 collections in 0.000052 seconds (updated 0 objects)
[2016.10.04-15.28.33:358][295]MapCheck: New page: Map Check
[2016.10.04-15.28.33:509][295]Cmd: MAP REBUILD ALLVISIBLE
[2016.10.04-15.28.33:519][295]LogEditorServer: Rebuildmap Clear paths rebuilt
[2016.10.04-15.28.36:897][295]LightingResults: New page: Lighting Build - Oct 4, 2016, 7:28:36 PM
[2016.10.04-15.28.43:002][295]LogStaticLightingSystem: Running Lightmass w/ ImmediateImport mode ENABLED
[2016.10.04-15.28.43:002][295]LogStaticLightingSystem: Running Lightmass w/ ImmediateProcess mode ENABLED
[2016.10.04-15.28.43:002][295]LogStaticLightingSystem: Running Lightmass w/ Sorting mode ENABLED
[2016.10.04-15.28.43:002][295]LogStaticLightingSystem: Running Lightmass w/ Mapping paddings ENABLED
[2016.10.04-15.28.43:002][295]LogStaticLightingSystem: Running Lightmass w/ Mapping debug paddings DISABLED
[2016.10.04-15.28.43:248][295]LogEditorBuildUtils: Build time 0:00:09
[2016.10.04-15.29.03:493][268]MapCheck: New page: Map Check
[2016.10.04-15.29.03:505][268]Cmd: MAP REBUILD ALLVISIBLE
[2016.10.04-15.29.03:505][268]LogEditorServer: Rebuildmap Clear paths rebuilt
[2016.10.04-15.29.06:753][268]LightingResults: New page: Lighting Build - Oct 4, 2016, 7:29:06 PM
[2016.10.04-15.29.09:782][268]LogStaticLightingSystem: Running Lightmass w/ ImmediateImport mode ENABLED
[2016.10.04-15.29.09:782][268]LogStaticLightingSystem: Running Lightmass w/ ImmediateProcess mode ENABLED
[2016.10.04-15.29.09:782][268]LogStaticLightingSystem: Running Lightmass w/ Sorting mode ENABLED
[2016.10.04-15.29.09:782][268]LogStaticLightingSystem: Running Lightmass w/ Mapping paddings ENABLED
[2016.10.04-15.29.09:782][268]LogStaticLightingSystem: Running Lightmass w/ Mapping debug paddings DISABLED
[2016.10.04-15.29.09:971][268]LogEditorBuildUtils: Build time 0:00:06
[2016.10.04-15.29.14:919][546]LogWindowsTextInputMethodSystem:Display: IME system now deactivated.
[2016.10.04-15.29.15:173][547]Cmd: QUIT_EDITOR
[2016.10.04-15.29.15:338][547]LogExit: Preparing to exit.
[2016.10.04-15.29.15:843][547]LogExit: Editor shut down
[2016.10.04-15.29.15:843][547]LogExit: Transaction tracking system shut down
[2016.10.04-15.29.15:868][547]LogParticles: Destroying 0 GPU particle simulations for FXSystem 0x000001AFADEFA020
[2016.10.04-15.29.15:870][547]LogParticles: Destroying 0 GPU particle simulations for FXSystem 0x000001AFC37FEAC0
[2016.10.04-15.29.15:870][547]LogParticles: Destroying 0 GPU particle simulations for FXSystem 0x000001AFCB3DDA80
[2016.10.04-15.29.16:268][547]LogExit: Object subsystem successfully closed.
[2016.10.04-15.29.16:377][547]LogD3D11RHI: Shutdown
[2016.10.04-15.29.16:377][547]LogD3D11RHI: CleanupD3DDevice
[2016.10.04-15.29.16:482][547]LogD3D11RHI: ~FD3D11DynamicRHI
[2016.10.04-15.29.16:692][547]LogModuleManager: Shutting down and abandoning module CrashTracker (201)
[2016.10.04-15.29.16:692][547]LogModuleManager: Shutting down and abandoning module SceneOutliner (200)
[2016.10.04-15.29.16:692][547]LogModuleManager: Shutting down and abandoning module SuperSearch (199)
[2016.10.04-15.29.16:692][547]LogModuleManager: Shutting down and abandoning module WidgetCarousel (198)
[2016.10.04-15.29.16:692][547]LogModuleManager: Shutting down and abandoning module AddContentDialog (197)
[2016.10.04-15.29.16:693][547]LogModuleManager: Shutting down and abandoning module EditorWidgets (196)
[2016.10.04-15.29.16:693][547]LogModuleManager: Shutting down and abandoning module CollectionManager (195)
[2016.10.04-15.29.16:693][547]LogModuleManager: Shutting down and abandoning module StatsViewer (194)
[2016.10.04-15.29.16:693][547]LogModuleManager: Shutting down and abandoning module FoliageEdit (193)
[2016.10.04-15.29.16:693][547]LogModuleManager: Shutting down and abandoning module LandscapeEditor (192)
[2016.10.04-15.29.16:704][547]LogModuleManager: Shutting down and abandoning module ActorPickerMode (191)
[2016.10.04-15.29.16:704][547]LogModuleManager: Shutting down and abandoning module GeometryMode (190)
[2016.10.04-15.29.16:704][547]LogModuleManager: Shutting down and abandoning module TextureAlignMode (189)
[2016.10.04-15.29.16:704][547]LogModuleManager: Shutting down and abandoning module BspMode (188)
[2016.10.04-15.29.16:704][547]LogModuleManager: Shutting down and abandoning module PlacementMode (187)
[2016.10.04-15.29.16:704][547]LogModuleManager: Shutting down and abandoning module AutomationWorker (186)
[2016.10.04-15.29.16:704][547]LogModuleManager: Shutting down and abandoning module CharacterAI (185)
[2016.10.04-15.29.16:704][547]LogModuleManager: Shutting down and abandoning module SmartSnapping (184)
[2016.10.04-15.29.16:704][547]LogModuleManager: Shutting down and abandoning module ViewportSnapping (183)
[2016.10.04-15.29.16:704][547]LogModuleManager: Shutting down and abandoning module LogVisualizer (182)
[2016.10.04-15.29.16:704][547]LogModuleManager: Shutting down and abandoning module GameProjectGeneration (181)
[2016.10.04-15.29.16:720][547]LogModuleManager: Shutting down and abandoning module IntroTutorials (180)
[2016.10.04-15.29.16:720][547]LogModuleManager: Shutting down and abandoning module EditorLiveStreaming (179)
[2016.10.04-15.29.16:720][547]LogModuleManager: Shutting down and abandoning module IOSPlatformEditor (178)
[2016.10.04-15.29.16:720][547]LogModuleManager: Shutting down and abandoning module HTML5PlatformEditor (177)
[2016.10.04-15.29.16:720][547]LogModuleManager: Shutting down and abandoning module AndroidDeviceDetection (176)
[2016.10.04-15.29.17:443][547]LogModuleManager: Shutting down and abandoning module AndroidPlatformEditor (175)
[2016.10.04-15.29.17:443][547]LogModuleManager: Shutting down and abandoning module IOSRuntimeSettings (174)
[2016.10.04-15.29.17:443][547]LogModuleManager: Shutting down and abandoning module AndroidRuntimeSettings (173)
[2016.10.04-15.29.17:443][547]LogModuleManager: Shutting down and abandoning module MergeActors (172)
[2016.10.04-15.29.17:443][547]LogModuleManager: Shutting down and abandoning module SizeMap (171)
[2016.10.04-15.29.17:443][547]LogModuleManager: Shutting down and abandoning module TreeMap (170)
[2016.10.04-15.29.17:443][547]LogModuleManager: Shutting down and abandoning module ReferenceViewer (169)
[2016.10.04-15.29.17:443][547]LogModuleManager: Shutting down and abandoning module LocalizationService (168)
[2016.10.04-15.29.17:443][547]LogModuleManager: Shutting down and abandoning module LocalizationDashboard (167)
[2016.10.04-15.29.17:455][547]LogModuleManager: Shutting down and abandoning module HardwareTargeting (166)
[2016.10.04-15.29.17:456][547]LogModuleManager: Shutting down and abandoning module DeviceProfileEditor (165)
[2016.10.04-15.29.17:456][547]LogModuleManager: Shutting down and abandoning module UndoHistory (164)
[2016.10.04-15.29.17:456][547]LogModuleManager: Shutting down and abandoning module GameplayTagsEditor (163)
[2016.10.04-15.29.17:456][547]LogModuleManager: Shutting down and abandoning module UserFeedback (162)
[2016.10.04-15.29.17:456][547]LogModuleManager: Shutting down and abandoning module XmlParser (161)
[2016.10.04-15.29.17:456][547]LogModuleManager: Shutting down and abandoning module Blutility (160)
[2016.10.04-15.29.17:456][547]LogModuleManager: Shutting down and abandoning module ProjectTargetPlatformEditor (159)
[2016.10.04-15.29.17:456][547]LogModuleManager: Shutting down and abandoning module ProjectSettingsViewer (158)
[2016.10.04-15.29.17:456][547]LogModuleManager: Shutting down and abandoning module InputBindingEditor (157)
[2016.10.04-15.29.17:456][547]LogModuleManager: Shutting down and abandoning module EditorSettingsViewer (156)
[2016.10.04-15.29.17:456][547]LogModuleManager: Shutting down and abandoning module SettingsEditor (155)
[2016.10.04-15.29.17:456][547]LogModuleManager: Shutting down and abandoning module ProjectLauncher (154)
[2016.10.04-15.29.17:459][547]LogModuleManager: Shutting down and abandoning module SessionFrontend (153)
[2016.10.04-15.29.17:459][547]LogModuleManager: Shutting down and abandoning module ProfilerClient (152)
[2016.10.04-15.29.17:459][547]LogModuleManager: Shutting down and abandoning module TargetDeviceServices (151)
[2016.10.04-15.29.17:459][547]LogModuleManager: Shutting down and abandoning module DeviceManager (150)
[2016.10.04-15.29.17:459][547]LogModuleManager: Shutting down and abandoning module AutomationController (149)
[2016.10.04-15.29.17:459][547]LogModuleManager: Shutting down and abandoning module AutomationWindow (148)
[2016.10.04-15.29.17:469][547]LogModuleManager: Shutting down and abandoning module Layers (147)
[2016.10.04-15.29.17:483][547]LogModuleManager: Shutting down and abandoning module ComponentVisualizers (146)
[2016.10.04-15.29.17:483][547]LogModuleManager: Shutting down and abandoning module DetailCustomizations (145)
[2016.10.04-15.29.17:484][547]LogModuleManager: Shutting down and abandoning module PackagesDialog (144)
[2016.10.04-15.29.17:484][547]LogModuleManager: Shutting down and abandoning module Persona (143)
[2016.10.04-15.29.17:498][547]LogModuleManager: Shutting down and abandoning module Kismet (142)
[2016.10.04-15.29.17:498][547]LogModuleManager: Shutting down and abandoning module GraphEditor (141)
[2016.10.04-15.29.17:521][547]LogModuleManager: Shutting down and abandoning module ClassViewer (140)
[2016.10.04-15.29.17:521][547]LogModuleManager: Shutting down and abandoning module Toolbox (139)
[2016.10.04-15.29.17:521][547]LogModuleManager: Shutting down and abandoning module ModuleUI (138)
[2016.10.04-15.29.17:521][547]LogModuleManager: Shutting down and abandoning module MovieSceneTools (137)
[2016.10.04-15.29.17:521][547]LogModuleManager: Shutting down and abandoning module OutputLog (136)
[2016.10.04-15.29.17:521][547]LogModuleManager: Shutting down and abandoning module GammaUI (135)
[2016.10.04-15.29.17:521][547]LogModuleManager: Shutting down and abandoning module Documentation (134)
[2016.10.04-15.29.17:521][547]LogModuleManager: Shutting down and abandoning module GameLiveStreaming (133)
[2016.10.04-15.29.17:521][547]LogModuleManager: Shutting down and abandoning module StreamingPauseRendering (132)
[2016.10.04-15.29.17:521][547]LogModuleManager: Shutting down and abandoning module AnalyticsET (131)
[2016.10.04-15.29.17:521][547]LogModuleManager: Shutting down and abandoning module Analytics (130)
[2016.10.04-15.29.17:521][547]LogModuleManager: Shutting down and abandoning module AITestSuite (129)
[2016.10.04-15.29.17:521][547]LogModuleManager: Shutting down and abandoning module GameplayDebugger (128)
[2016.10.04-15.29.17:522][547]LogModuleManager: Shutting down and abandoning module AIModule (127)
[2016.10.04-15.29.17:522][547]LogModuleManager: Shutting down and abandoning module ProfilerService (126)
[2016.10.04-15.29.17:668][547]LogModuleManager: Shutting down and abandoning module TaskGraph (125)
[2016.10.04-15.29.17:680][547]LogModuleManager: Shutting down and abandoning module SlateRemote (124)
[2016.10.04-15.29.17:680][547]LogModuleManager: Shutting down and abandoning module SteamVRController (123)
[2016.10.04-15.29.17:680][547]LogModuleManager: Shutting down and abandoning module SteamVR (122)
[2016.10.04-15.29.17:680][547]LogModuleManager: Shutting down and abandoning module ProceduralMeshComponent (121)
[2016.10.04-15.29.17:680][547]LogModuleManager: Shutting down and abandoning module OculusLibrary (120)
[2016.10.04-15.29.17:680][547]LogModuleManager: Shutting down and abandoning module OculusInput (119)
[2016.10.04-15.29.17:680][547]LogModuleManager: Shutting down and abandoning module LeapMotionController (118)
[2016.10.04-15.29.17:694][547]LogModuleManager: Shutting down and abandoning module CustomMeshComponent (117)
[2016.10.04-15.29.17:694][547]LogModuleManager: Shutting down and abandoning module CableComponent (116)
[2016.10.04-15.29.17:694][547]LogModuleManager: Shutting down and abandoning module ArchVisCharacter (115)
[2016.10.04-15.29.17:694][547]LogModuleManager: Shutting down and abandoning module MessagingDebugger (114)
[2016.10.04-15.29.17:704][547]LogModuleManager: Shutting down and abandoning module MediaPlayerEditor (113)
[2016.10.04-15.29.17:719][547]LogModuleManager: Shutting down and abandoning module HTML5Networking (112)
[2016.10.04-15.29.17:719][547]LogModuleManager: Shutting down and abandoning module SpeedTreeImporter (111)
[2016.10.04-15.29.17:719][547]LogModuleManager: Shutting down and abandoning module PluginBrowser (110)
[2016.10.04-15.29.17:727][547]LogModuleManager: Shutting down and abandoning module EpicSurvey (109)
[2016.10.04-15.29.17:727][547]LogModuleManager: Shutting down and abandoning module DesktopPlatform (108)
[2016.10.04-15.29.17:727][547]LogModuleManager: Shutting down and abandoning module VisualStudioSourceCodeAccess (107)
[2016.10.04-15.29.17:727][547]LogModuleManager: Shutting down and abandoning module UObjectPlugin (106)
[2016.10.04-15.29.17:727][547]LogModuleManager: Shutting down and abandoning module SubversionSourceControl (105)
[2016.10.04-15.29.17:727][547]LogModuleManager: Shutting down and abandoning module PerforceSourceControl (104)
[2016.10.04-15.29.17:741][547]LogModuleManager: Shutting down and abandoning module SourceControl (103)
[2016.10.04-15.29.17:751][547]LogModuleManager: Shutting down and abandoning module GitSourceControl (102)
[2016.10.04-15.29.17:751][547]LogModuleManager: Shutting down and abandoning module LightPropagationVolumeEditor (101)
[2016.10.04-15.29.17:751][547]LogModuleManager: Shutting down and abandoning module PaperTiledImporter (100)
[2016.10.04-15.29.17:751][547]LogModuleManager: Shutting down and abandoning module PaperSpriteSheetImporter (99)
[2016.10.04-15.29.17:751][547]LogModuleManager: Shutting down and abandoning module MeshPaint (98)
[2016.10.04-15.29.17:751][547]LogModuleManager: Shutting down and abandoning module SlateReflector (97)
[2016.10.04-15.29.17:760][547]LogModuleManager: Shutting down and abandoning module HotReload (96)
[2016.10.04-15.29.17:760][547]LogModuleManager: Shutting down and abandoning module MainFrame (95)
[2016.10.04-15.29.17:760][547]LogModuleManager: Shutting down and abandoning module LevelEditor (94)
[2016.10.04-15.29.17:772][547]LogModuleManager: Shutting down and abandoning module DirectoryWatcher (93)
[2016.10.04-15.29.17:773][547]LogModuleManager: Shutting down and abandoning module AssetRegistry (92)
[2016.10.04-15.29.17:915][547]LogModuleManager: Shutting down and abandoning module ContentBrowser (91)
[2016.10.04-15.29.17:915][547]LogModuleManager: Shutting down and abandoning module Paper2DEditor (90)
[2016.10.04-15.29.17:921][547]LogModuleManager: Shutting down and abandoning module UdpMessaging (89)
[2016.10.04-15.29.18:022][547]LogModuleManager: Shutting down and abandoning module LightPropagationVolumeRuntime (88)
[2016.10.04-15.29.18:022][547]LogModuleManager: Shutting down and abandoning module Paper2D (87)
[2016.10.04-15.29.18:022][547]LogModuleManager: Shutting down and abandoning module WindowsMoviePlayer (86)
[2016.10.04-15.29.18:027][547]LogModuleManager: Shutting down and abandoning module Media (85)
[2016.10.04-15.29.18:027][547]LogModuleManager: Shutting down and abandoning module WmfMedia (84)
[2016.10.04-15.29.18:027][547]LogModuleManager: Shutting down and abandoning module OnlineBlueprintSupport (83)
[2016.10.04-15.29.18:027][547]LogModuleManager: Shutting down and abandoning module GameplayTasksEditor (82)
[2016.10.04-15.29.18:027][547]LogModuleManager: Shutting down and abandoning module PropertyEditor (81)
[2016.10.04-15.29.18:027][547]LogModuleManager: Shutting down and abandoning module BehaviorTreeEditor (80)
[2016.10.04-15.29.18:046][547]LogModuleManager: Shutting down and abandoning module FunctionalTesting (79)
[2016.10.04-15.29.18:046][547]LogModuleManager: Shutting down and abandoning module CollisionAnalyzer (78)
[2016.10.04-15.29.18:046][547]LogModuleManager: Shutting down and abandoning module WorkspaceMenuStructure (77)
[2016.10.04-15.29.18:046][547]LogModuleManager: Shutting down and abandoning module MessageLog (76)
[2016.10.04-15.29.18:046][547]LogModuleManager: Shutting down and abandoning module Sequencer (75)
[2016.10.04-15.29.18:058][547]LogModuleManager: Shutting down and abandoning module AssetTools (74)
[2016.10.04-15.29.18:081][547]LogModuleManager: Shutting down and abandoning module UMGEditor (73)
[2016.10.04-15.29.18:095][547]LogModuleManager: Shutting down and abandoning module UMG (72)
[2016.10.04-15.29.18:118][547]LogModuleManager: Shutting down and abandoning module Slate (71)
[2016.10.04-15.29.18:118][547]LogModuleManager: Shutting down and abandoning module EditorStyle (70)
[2016.10.04-15.29.18:119][547]LogModuleManager: Shutting down and abandoning module SessionServices (69)
[2016.10.04-15.29.18:119][547]LogModuleManager: Shutting down and abandoning module SourceCodeAccess (68)
[2016.10.04-15.29.18:119][547]LogModuleManager: Shutting down and abandoning module HeadMountedDisplay (67)
[2016.10.04-15.29.18:119][547]LogModuleManager: Shutting down and abandoning module XAudio2 (66)
[2016.10.04-15.29.18:119][547]LogModuleManager: Shutting down and abandoning module Networking (65)
[2016.10.04-15.29.18:119][547]LogModuleManager: Shutting down and abandoning module Core (64)
[2016.10.04-15.29.18:119][547]LogModuleManager: Shutting down and abandoning module KismetCompiler (63)
[2016.10.04-15.29.18:119][547]LogModuleManager: Shutting down and abandoning module PhysXFormats (62)
[2016.10.04-15.29.18:119][547]LogModuleManager: Shutting down and abandoning module MeshUtilities (61)
[2016.10.04-15.29.18:130][547]LogModuleManager: Shutting down and abandoning module DerivedDataCache (60)
[2016.10.04-15.29.18:133][547]LogDerivedDataCache: Shutdown
[2016.10.04-15.29.18:133][547]LogModuleManager: Shutting down and abandoning module ShaderFormatOpenGL (59)
[2016.10.04-15.29.18:133][547]LogModuleManager: Shutting down and abandoning module ShaderFormatD3D (58)
[2016.10.04-15.29.18:133][547]LogModuleManager: Shutting down and abandoning module MetalShaderFormat (57)
[2016.10.04-15.29.18:133][547]LogModuleManager: Shutting down and abandoning module TextureFormatUncompressed (56)
[2016.10.04-15.29.18:133][547]LogModuleManager: Shutting down and abandoning module TextureFormatPVR (55)
[2016.10.04-15.29.18:133][547]LogModuleManager: Shutting down and abandoning module TextureFormatIntelISPCTexComp (54)
[2016.10.04-15.29.18:133][547]LogModuleManager: Shutting down and abandoning module TextureFormatDXT (53)
[2016.10.04-15.29.18:133][547]LogModuleManager: Shutting down and abandoning module ImageWrapper (52)
[2016.10.04-15.29.18:133][547]LogModuleManager: Shutting down and abandoning module TextureFormatASTC (51)
[2016.10.04-15.29.18:133][547]LogModuleManager: Shutting down and abandoning module TextureFormatAndroid (50)
[2016.10.04-15.29.18:133][547]LogModuleManager: Shutting down and abandoning module AudioFormatOpus (49)
[2016.10.04-15.29.18:133][547]LogModuleManager: Shutting down and abandoning module AudioFormatOgg (48)
[2016.10.04-15.29.18:133][547]LogModuleManager: Shutting down and abandoning module AudioFormatADPCM (47)
[2016.10.04-15.29.18:133][547]LogModuleManager: Shutting down and abandoning module LinuxTargetPlatform (46)
[2016.10.04-15.29.18:133][547]LogModuleManager: Shutting down and abandoning module LinuxServerTargetPlatform (45)
[2016.10.04-15.29.18:133][547]LogModuleManager: Shutting down and abandoning module LinuxNoEditorTargetPlatform (44)
[2016.10.04-15.29.18:133][547]LogModuleManager: Shutting down and abandoning module Messaging (43)
[2016.10.04-15.29.18:133][547]LogModuleManager: Shutting down and abandoning module IOSTargetPlatform (42)
[2016.10.04-15.29.18:133][547]LogModuleManager: Shutting down and abandoning module HTML5TargetPlatform (41)
[2016.10.04-15.29.18:133][547]LogModuleManager: Shutting down and abandoning module Android_PVRTCTargetPlatform (40)
[2016.10.04-15.29.18:133][547]LogModuleManager: Shutting down and abandoning module Android_MultiTargetPlatform (39)
[2016.10.04-15.29.18:133][547]LogModuleManager: Shutting down and abandoning module Android_ETC2TargetPlatform (38)
[2016.10.04-15.29.18:133][547]LogModuleManager: Shutting down and abandoning module Android_ETC1TargetPlatform (37)
[2016.10.04-15.29.18:133][547]LogModuleManager: Shutting down and abandoning module Android_DXTTargetPlatform (36)
[2016.10.04-15.29.18:133][547]LogModuleManager: Shutting down and abandoning module Android_ATCTargetPlatform (35)
[2016.10.04-15.29.18:133][547]LogModuleManager: Shutting down and abandoning module Android_ASTCTargetPlatform (34)
[2016.10.04-15.29.18:133][547]LogModuleManager: Shutting down and abandoning module AndroidTargetPlatform (33)
[2016.10.04-15.29.18:133][547]LogModuleManager: Shutting down and abandoning module WindowsTargetPlatform (32)
[2016.10.04-15.29.18:133][547]LogModuleManager: Shutting down and abandoning module WindowsServerTargetPlatform (31)
[2016.10.04-15.29.18:133][547]LogModuleManager: Shutting down and abandoning module WindowsNoEditorTargetPlatform (30)
[2016.10.04-15.29.18:133][547]LogModuleManager: Shutting down and abandoning module WindowsClientTargetPlatform (29)
[2016.10.04-15.29.18:133][547]LogModuleManager: Shutting down and abandoning module AllDesktopTargetPlatform (28)
[2016.10.04-15.29.18:133][547]LogModuleManager: Shutting down and abandoning module TargetPlatform (27)
[2016.10.04-15.29.18:133][547]LogModuleManager: Shutting down and abandoning module InputCore (26)
[2016.10.04-15.29.18:133][547]LogModuleManager: Shutting down and abandoning module Settings (25)
[2016.10.04-15.29.18:133][547]LogModuleManager: Shutting down and abandoning module Voice (23)
[2016.10.04-15.29.18:146][547]LogModuleManager: Shutting down and abandoning module OnlineSubsystem (19)
[2016.10.04-15.29.18:146][547]LogOnline:Display: NULL: FOnlineSubsystemNull::Shutdown()
[2016.10.04-15.29.18:146][547]LogOnline:Display: Unloading online subsystem: STEAM
[2016.10.04-15.29.18:172][547]LogOnline:Display: Unloading online subsystem: Null
[2016.10.04-15.29.18:172][547]LogModuleManager: Shutting down and abandoning module HTTP (18)
[2016.10.04-15.29.20:175][547]LogModuleManager: Shutting down and abandoning module XMPP (17)
[2016.10.04-15.29.20:191][547]LogModuleManager: Shutting down and abandoning module OculusRift (16)
[2016.10.04-15.29.20:206][547]LogModuleManager: Shutting down and abandoning module ExampleDeviceProfileSelector (15)
[2016.10.04-15.29.20:206][547]LogModuleManager: Shutting down and abandoning module TextureCompressor (14)
[2016.10.04-15.29.20:207][547]LogModuleManager: Shutting down and abandoning module ShaderCore (13)
[2016.10.04-15.29.20:207][547]LogModuleManager: Shutting down and abandoning module Landscape (12)
[2016.10.04-15.29.20:207][547]LogModuleManager: Shutting down and abandoning module SlateRHIRenderer (11)
[2016.10.04-15.29.20:207][547]LogModuleManager: Shutting down and abandoning module OpenGLDrv (10)
[2016.10.04-15.29.20:218][547]LogModuleManager: Shutting down and abandoning module D3D11RHI (9)
[2016.10.04-15.29.20:218][547]LogModuleManager: Shutting down and abandoning module AnimGraphRuntime (8)
[2016.10.04-15.29.20:218][547]LogModuleManager: Shutting down and abandoning module Renderer (7)
[2016.10.04-15.29.20:218][547]LogModuleManager: Shutting down and abandoning module Engine (6)
[2016.10.04-15.29.20:219][547]LogModuleManager: Shutting down and abandoning module CoreUObject (5)
[2016.10.04-15.29.20:219][547]LogModuleManager: Shutting down and abandoning module NetworkFile (4)
[2016.10.04-15.29.20:219][547]LogModuleManager: Shutting down and abandoning module StreamingFile (3)
[2016.10.04-15.29.20:219][547]LogModuleManager: Shutting down and abandoning module SandboxFile (2)
[2016.10.04-15.29.20:219][547]LogModuleManager: Shutting down and abandoning module PakFile (1)
[2016.10.04-15.29.20:220][547]LogExit: Exiting.
[2016.10.04-15.29.20:221][547]Log file closed, 10/04/16 17:29:20
