[2016.04.22-15.42.40:639][  0]Log file open, 04/22/16 17:42:40
[2016.04.22-15.42.40:639][  0]LogInit:Display: Running engine for game: Networking
[2016.04.22-15.42.40:639][  0]LogPlatformFile: Not using cached read wrapper
[2016.04.22-15.42.40:639][  0]LogInit:Display: RandInit(-2072761885) SRandInit(-2072761883).
[2016.04.22-15.42.40:639][  0]LogTaskGraph: Started task graph with 4 named threads and 5 total threads.
[2016.04.22-15.42.40:639][  0]LogStats: Stats thread started at 0.069867
[2016.04.22-15.42.40:639][  0]LogInit: Version: 4.10.4-2872498+++depot+UE4-Releases+4.10
[2016.04.22-15.42.40:639][  0]LogInit: API Version: 2758231
[2016.04.22-15.42.40:639][  0]LogInit: Compiled (64-bit): Feb 18 2016 15:47:04
[2016.04.22-15.42.40:639][  0]LogInit: Compiled with Visual C++: 19.00.23026.00
[2016.04.22-15.42.40:639][  0]LogInit: Build Configuration: Development
[2016.04.22-15.42.40:639][  0]LogInit: Branch Name: ++depot+UE4-Releases+4.10
[2016.04.22-15.42.40:639][  0]LogInit: Command line:  
[2016.04.22-15.42.40:639][  0]LogInit: Base directory: C:/Program Files (x86)/Epic Games/4.10/Engine/Binaries/Win64/
[2016.04.22-15.42.40:639][  0]LogInit: Rocket: 1
[2016.04.22-15.42.40:648][  0]LogInit: Using libcurl 7.41.0
[2016.04.22-15.42.40:648][  0]LogInit:  - built for x86_64-pc-win32
[2016.04.22-15.42.40:648][  0]LogInit:  - supports SSL with WinSSL
[2016.04.22-15.42.40:648][  0]LogInit:  - other features:
[2016.04.22-15.42.40:648][  0]LogInit:      CURL_VERSION_SSL
[2016.04.22-15.42.40:648][  0]LogInit:      CURL_VERSION_IPV6
[2016.04.22-15.42.40:648][  0]LogInit:      CURL_VERSION_ASYNCHDNS
[2016.04.22-15.42.40:648][  0]LogInit:      CURL_VERSION_LARGEFILE
[2016.04.22-15.42.40:648][  0]LogInit:      CURL_VERSION_IDN
[2016.04.22-15.42.40:649][  0]LogInit:  CurlRequestOptions (configurable via config and command line):
[2016.04.22-15.42.40:649][  0]LogInit:  - bVerifyPeer = true  - Libcurl will verify peer certificate
[2016.04.22-15.42.40:649][  0]LogInit:  - bUseHttpProxy = false  - Libcurl will NOT use HTTP proxy
[2016.04.22-15.42.40:649][  0]LogInit:  - bDontReuseConnections = false  - Libcurl will reuse connections
[2016.04.22-15.42.40:649][  0]LogInit:  - CertBundlePath = nullptr  - Libcurl will use whatever was configured at build time.
[2016.04.22-15.42.40:656][  0]LogOnline:Display: STEAM: Loading Steam SDK 1.32
[2016.04.22-15.42.40:657][  0]LogOnline:Warning: STEAM: Steam API disabled!
[2016.04.22-15.42.40:657][  0]LogOnline:Display: STEAM: OnlineSubsystemSteam::Shutdown()
[2016.04.22-15.42.40:676][  0]LogInit: WinSock: version 1.1 (2.2), MaxSocks=32767, MaxUdp=65467
[2016.04.22-15.42.40:683][  0]LogVoice:Warning: Failed to initialize voice interface
[2016.04.22-15.42.40:689][  0]LogInit: Presizing for 0 objects not considered by GC, pre-allocating 0 bytes.
[2016.04.22-15.42.40:700][  0]LogInit: Object subsystem initialized
[2016.04.22-15.42.40:704][  0]LogInit: Selected Device Profile: [Windows]
[2016.04.22-15.42.40:704][  0]LogInit: Applying CVar settings loaded from the selected device profile: [Windows]
[2016.04.22-15.42.40:717][  0]LogInit: Computer: ADRIANSYOGA
[2016.04.22-15.42.40:717][  0]LogInit: User: Adrian
[2016.04.22-15.42.40:717][  0]LogInit: CPU Page size=4096, Cores=2
[2016.04.22-15.42.40:717][  0]LogInit: High frequency timer resolution =2.533200 MHz
[2016.04.22-15.42.40:717][  0]LogMemory: Memory total: Physical=7.9GB (8GB approx)
[2016.04.22-15.42.40:717][  0]LogMemory: Platform Memory Stats for Windows
[2016.04.22-15.42.40:717][  0]LogMemory: Process Physical Memory: 57.35 MB used, 57.35 MB peak
[2016.04.22-15.42.40:717][  0]LogMemory: Process Virtual Memory: 55.91 MB used, 55.91 MB peak
[2016.04.22-15.42.40:717][  0]LogMemory: Physical Memory: 4517.92 MB used, 8112.96 MB total
[2016.04.22-15.42.40:717][  0]LogMemory: Virtual Memory: 386.39 MB used, 134217728.00 MB total
[2016.04.22-15.42.40:775][  0]LogTextLocalizationManager: No translations for ('de-DE') exist, falling back to 'en' for localization and internationalization data.
[2016.04.22-15.42.41:638][  0]LogD3D11RHI: Found D3D11 adapter 0: Intel(R) HD Graphics Family (Feature Level 11_0)
[2016.04.22-15.42.41:638][  0]LogD3D11RHI: Adapter has 112MB of dedicated video memory, 0MB of dedicated system memory, and 4056MB of shared system memory, 1 output[s]
[2016.04.22-15.42.41:641][  0]LogD3D11RHI: Found D3D11 adapter 1: Microsoft Basic Render Driver (Feature Level 11_0)
[2016.04.22-15.42.41:641][  0]LogD3D11RHI: Adapter has 0MB of dedicated video memory, 0MB of dedicated system memory, and 4056MB of shared system memory, 0 output[s]
[2016.04.22-15.42.41:641][  0]LogD3D11RHI: Chosen D3D11 Adapter Id = 0
[2016.04.22-15.42.41:647][  0]LogD3D11RHI: !Direct3DDevice
[2016.04.22-15.42.41:647][  0]LogRHI: Texture pool is 1361 MB (70% of 1945 MB)
[2016.04.22-15.42.41:655][  0]LogD3D11RHI: Async texture creation enabled
[2016.04.22-15.42.41:662][  0]LogShaderCompilers: Guid format shader working directory is -11 characters bigger than the processId version (../../../../../../Users/Adrian/Documents/GitHub/UE-Shooter/Intermediate/Shaders/WorkingDirectory/6136/).
[2016.04.22-15.42.41:662][  0]LogShaderCompilers: Cleaned the shader compiler working directory 'C:/Users/Adrian/AppData/Local/Temp/UnrealShaderWorkingDir/E0CB5C8D4FABE56E1C15869E5129CB48/'.
[2016.04.22-15.42.41:662][  0]LogShaderCompilers:Display: Using Local Shader Compiler.
[2016.04.22-15.42.42:952][  0]LogTemp:Display: Loaded TP AllDesktopTargetPlatform
[2016.04.22-15.42.42:958][  0]LogTemp:Display: Loaded TP WindowsClientTargetPlatform
[2016.04.22-15.42.42:964][  0]LogTemp:Display: Loaded TP WindowsNoEditorTargetPlatform
[2016.04.22-15.42.42:971][  0]LogTemp:Display: Loaded TP WindowsServerTargetPlatform
[2016.04.22-15.42.42:977][  0]LogTemp:Display: Loaded TP WindowsTargetPlatform
[2016.04.22-15.42.42:981][  0]LogTemp:Display: Loaded TP AndroidTargetPlatform
[2016.04.22-15.42.42:986][  0]LogTemp:Display: Loaded TP Android_ASTCTargetPlatform
[2016.04.22-15.42.42:990][  0]LogTemp:Display: Loaded TP Android_ATCTargetPlatform
[2016.04.22-15.42.42:995][  0]LogTemp:Display: Loaded TP Android_DXTTargetPlatform
[2016.04.22-15.42.42:999][  0]LogTemp:Display: Loaded TP Android_ETC1TargetPlatform
[2016.04.22-15.42.43:003][  0]LogTemp:Display: Loaded TP Android_ETC2TargetPlatform
[2016.04.22-15.42.43:013][  0]LogTemp:Display: Loaded TP Android_MultiTargetPlatform
[2016.04.22-15.42.43:013][  0]LogTemp:Display: Loaded TP Android_PVRTCTargetPlatform
[2016.04.22-15.42.43:014][  0]LogTemp:Display: Loaded TP HTML5TargetPlatform
[2016.04.22-15.42.43:034][  0]LogTemp:Display: Loaded TP IOSTargetPlatform
[2016.04.22-15.42.43:038][  0]LogTemp:Display: Loaded TP LinuxNoEditorTargetPlatform
[2016.04.22-15.42.43:043][  0]LogTemp:Display: Loaded TP LinuxServerTargetPlatform
[2016.04.22-15.42.43:048][  0]LogTemp:Display: Loaded TP LinuxTargetPlatform
[2016.04.22-15.42.43:048][  0]LogTargetPlatformManager:Display: Building Assets For Windows
[2016.04.22-15.42.43:161][  0]LogDerivedDataCache:Display: Max Cache Size: 512 MB
[2016.04.22-15.42.43:229][  0]LogDerivedDataCache: Loaded boot cache 0.07s 41MB C:/Users/Adrian/AppData/Local/UnrealEngine/4.10/DerivedDataCache/Boot.ddc.
[2016.04.22-15.42.43:229][  0]LogDerivedDataCache:Display: Loaded Boot cache: C:/Users/Adrian/AppData/Local/UnrealEngine/4.10/DerivedDataCache/Boot.ddc
[2016.04.22-15.42.43:229][  0]LogDerivedDataCache: FDerivedDataBackendGraph:  Pak pak cache file ../../../../../../Users/Adrian/Documents/GitHub/UE-Shooter/DerivedDataCache/DDC.ddp not found, will not use a pak cache.
[2016.04.22-15.42.43:229][  0]LogDerivedDataCache: Unable to find inner node Pak for hierarchical cache Hierarchy.
[2016.04.22-15.42.43:229][  0]LogDerivedDataCache: FDerivedDataBackendGraph:  CompressedPak pak cache file ../../../../../../Users/Adrian/Documents/GitHub/UE-Shooter/DerivedDataCache/Compressed.ddp not found, will not use a pak cache.
[2016.04.22-15.42.43:229][  0]LogDerivedDataCache: Unable to find inner node CompressedPak for hierarchical cache Hierarchy.
[2016.04.22-15.42.43:323][  0]LogDerivedDataCache:Display: Pak cache opened for reading ../../../Engine/DerivedDataCache/Compressed.ddp.
[2016.04.22-15.42.43:335][  0]LogDerivedDataCache: Using Local data cache path C:/Users/Adrian/AppData/Local/UnrealEngine/Common/DerivedDataCache: Writable
[2016.04.22-15.42.43:605][  0]LogInit: Selected Device Profile: [Windows]
[2016.04.22-15.42.43:609][  0]LogContentStreaming: Texture pool size is 0.000000MB
[2016.04.22-15.42.43:781][  0]LogMeshUtilities: No automatic mesh reduction module available
[2016.04.22-15.42.43:781][  0]LogMeshUtilities: No automatic mesh merging module available
[2016.04.22-15.42.45:384][  0]UdpMessaging: Initializing bridge on interface 0.0.0.0:0 to multicast group 230.0.0.1:6666.
[2016.04.22-15.42.45:498][  0]LogAssetRegistry: FAssetRegistry took 0.0113 seconds to start up
[2016.04.22-15.42.45:769][  0]SourceControl: Info Source control is disabled
[2016.04.22-15.42.45:770][  0]SourceControl: Info Source control is disabled
[2016.04.22-15.42.45:794][  0]SourceControl: Info Source control is disabled
[2016.04.22-15.42.45:815][  0]SourceControl: Info Source control is disabled
[2016.04.22-15.42.46:216][  0]LogObj: 28640 objects as part of root set at end of initial load.
[2016.04.22-15.42.46:216][  0]LogUObjectAllocator: 6315720 out of 0 bytes used by permanent object pool.
[2016.04.22-15.42.46:301][  0]LogEngine: Initializing Engine...
[2016.04.22-15.42.46:305][  0]LogHMD: Can't find Oculus library dev build: is proper Runtime installed? Version: 0.8.0.0
[2016.04.22-15.42.46:306][  0]LogHMD: SteamVR failed to initialize.  Err: 110
[2016.04.22-15.42.46:467][  0]LogAIModule: Creating AISystem for world NewWorld
[2016.04.22-15.42.46:472][  0]LogInit: XAudio2 using 'Lautsprecher (Realtek High Definition Audio)' : 2 channels at 48 kHz using 32 bits per sample (channel mask 0x3)
[2016.04.22-15.42.46:489][  0]LogInit: FAudioDevice initialized.
[2016.04.22-15.42.46:515][  0]LogDerivedDataCache: Saved boot cache 0.03s 41MB C:/Users/Adrian/AppData/Local/UnrealEngine/4.10/DerivedDataCache/Boot.ddc.
[2016.04.22-15.42.46:518][  0]LogInit: Texture streaming: Enabled
[2016.04.22-15.42.46:525][  0]LogAnalytics: Creating configured Analytics provider AnalyticsET
[2016.04.22-15.42.46:525][  0]LogAnalytics: [UEEditor.Rocket.Release] APIServer = http://et2.epicgames.com/ET2/. AppVersion = 4.10.4-2872498+++depot+UE4-Releases+4.10
[2016.04.22-15.42.46:525][  0]LogAnalytics: [UEEditor.Rocket.Release] SetUserId 65474aa1416add5df47169876d9b6292|f999ca84414a43d58d3c0a0bd34a9968|8ba67a57-80de-46c8-87a5-554529f8a209
[2016.04.22-15.42.46:525][  0]LogAnalytics: [UEEditor.Rocket.Release] AnalyticsET::StartSession
[2016.04.22-15.42.46:535][  0]LogInit: Transaction tracking system initialized
[2016.04.22-15.42.46:567][  0]BlueprintLog: New page: Editor Load
[2016.04.22-15.42.46:669][  0]LocalizationService: Info Localization service is disabled
[2016.04.22-15.42.46:863][  0]LogConsoleResponse:Display: 
[2016.04.22-15.42.47:034][  0]LogCook:Display: Done creating registry. It took  0.00s.
[2016.04.22-15.42.47:146][  0]LogFileCache: Scanning file cache for directory 'C:/Users/Adrian/Documents/GitHub/UE-Shooter/Content/' took 0.01s
[2016.04.22-15.42.47:146][  0]SourceControl: Info Source control is disabled
[2016.04.22-15.42.47:146][  0]Cmd: MAP LOAD FILE="../../../../../../Users/Adrian/Documents/GitHub/UE-Shooter/Content/FirstPersonBP/Maps/FirstPersonExampleMap.umap" TEMPLATE=0 SHOWPROGRESS=1 FEATURELEVEL=3
[2016.04.22-15.42.47:147][  0]LightingResults: New page: Lighting Build
[2016.04.22-15.42.47:152][  0]MapCheck: New page: Map Check
[2016.04.22-15.42.47:152][  0]LightingResults: New page: Lighting Build
[2016.04.22-15.42.47:180][  0]LogParticles: Destroying 0 GPU particle simulations for FXSystem 0x0000026DED47B6A0
[2016.04.22-15.42.47:363][  0]LogLinker:Warning: Asset '../../../../../../Users/Adrian/Documents/GitHub/UE-Shooter/Content/FirstPerson/Meshes/FirstPersonProjectileMesh.uasset' has been saved with empty engine version. The asset will be loaded but may be incompatible.
[2016.04.22-15.42.47:862][  0]LogAIModule: Creating AISystem for world FirstPersonExampleMap
[2016.04.22-15.42.47:875][  0]LogEditorServer: Finished looking for orphan Actors (0.000 secs)
[2016.04.22-15.42.47:876][  0]Cmd: MAP CHECKDEP NOCLEARLOG
[2016.04.22-15.42.47:965][  0]MapCheck: Info Map check complete: 0 Error(s), 0 Warning(s), took 88.295ms to complete.
[2016.04.22-15.42.47:965][  0]LogFileHelpers: Loading map 'FirstPersonExampleMap' took 0.819
[2016.04.22-15.42.48:112][  0]LogCollectionManager: Loaded 0 collections in 0.002637 seconds
[2016.04.22-15.42.48:154][  0]LogFileCache: Scanning file cache for directory 'C:/Users/Adrian/Documents/GitHub/UE-Shooter/Saved/Collections/' took 0.01s
[2016.04.22-15.42.48:154][  0]LogFileCache: Scanning file cache for directory 'C:/Users/Adrian/Documents/GitHub/UE-Shooter/Content/Developers/Adrian/Collections/' took 0.01s
[2016.04.22-15.42.48:154][  0]LogFileCache: Scanning file cache for directory 'C:/Users/Adrian/Documents/GitHub/UE-Shooter/Content/Collections/' took 0.01s
[2016.04.22-15.42.48:154][  0]LogCollectionManager: Rebuilt the GUID cache for 0 collections in 0.000002 seconds
[2016.04.22-15.42.48:164][  0]LogContentBrowser: Native class hierarchy populated in 0.0101 seconds. Added 1895 classes and 340 folders.
[2016.04.22-15.42.48:171][  0]LogContentBrowser: Native class hierarchy updated for 'WidgetCarousel' in 0.0004 seconds. Added 0 classes and 0 folders.
[2016.04.22-15.42.48:236][  0]LogContentBrowser: Native class hierarchy updated for 'AddContentDialog' in 0.0005 seconds. Added 0 classes and 0 folders.
[2016.04.22-15.42.48:241][  0]LogContentBrowser: Native class hierarchy updated for 'SceneOutliner' in 0.0005 seconds. Added 1 classes and 2 folders.
[2016.04.22-15.42.48:268][  0]LogCrashTracker: Crashtracker disabled due to settings.
[2016.04.22-15.42.48:273][  0]LogUObjectGlobals:Warning: Failed to find object 'Class None.'
[2016.04.22-15.42.48:297][  0]LogLoad: Full Startup: 8.16 seconds (BP compile: 0.15 seconds)
[2016.04.22-15.42.48:307][  0]LogWindowsTextInputMethodSystem:Display: IME system now deactivated.
[2016.04.22-15.42.48:307][  0]LogWindowsTextInputMethodSystem:Display: IME system now deactivated.
[2016.04.22-15.42.48:311][  0]LogOcInput: Can't find Oculus library dev build: is proper Runtime installed? Version: 0.8.0.0
[2016.04.22-15.42.48:367][  0]LogContentStreaming: Texture pool size now 1000 MB
[2016.04.22-15.42.48:554][  0]LogRenderer: Reallocating scene render targets to support 804x340 (Frame:2).
[2016.04.22-15.42.49:744][  9]LogAssetRegistry: Asset discovery search completed in 4.2580 seconds
[2016.04.22-15.42.49:744][  9]LogCollectionManager: Rebuilt the object cache for 0 collections in 0.000001 seconds (found 0 objects)
[2016.04.22-15.42.49:744][  9]LogCollectionManager: Fixed up redirectors for 0 collections in 0.000028 seconds (updated 0 objects)
[2016.04.22-15.43.40:332][767]SourceControl: Info On branch Debug
[2016.04.22-15.43.40:332][767]SourceControl: Info Untracked files:
[2016.04.22-15.43.40:332][767]SourceControl: Info   (use "git add <file>..." to include in what will be committed)
[2016.04.22-15.43.40:332][767]SourceControl: Info 	Intermediate/
[2016.04.22-15.43.40:332][767]SourceControl: Info 	Saved/
[2016.04.22-15.43.40:332][767]SourceControl: Info nothing added to commit but untracked files present (use "git add" to track)
[2016.04.22-15.43.52:788][ 72]LogWindowsTextInputMethodSystem:Display: IME system now deactivated.
[2016.04.22-15.43.52:788][ 72]LogWindowsTextInputMethodSystem:Display: IME system now deactivated.
[2016.04.22-15.43.53:053][ 73]Cmd: QUIT_EDITOR
[2016.04.22-15.43.53:278][ 73]LogExit: Preparing to exit.
[2016.04.22-15.43.53:543][ 73]LogExit: Editor shut down
[2016.04.22-15.43.53:544][ 73]LogExit: Transaction tracking system shut down
[2016.04.22-15.43.53:547][ 73]LogParticles: Destroying 0 GPU particle simulations for FXSystem 0x0000026DDE1CFC40
[2016.04.22-15.43.53:548][ 73]LogParticles: Destroying 0 GPU particle simulations for FXSystem 0x0000026DF4715A80
[2016.04.22-15.43.53:764][ 73]LogExit: Object subsystem successfully closed.
[2016.04.22-15.43.53:783][ 73]LogD3D11RHI: Shutdown
[2016.04.22-15.43.53:783][ 73]LogD3D11RHI: CleanupD3DDevice
[2016.04.22-15.43.53:976][ 73]LogD3D11RHI: ~FD3D11DynamicRHI
[2016.04.22-15.43.54:003][ 73]LogModuleManager: Shutting down and abandoning module CrashTracker (201)
[2016.04.22-15.43.54:003][ 73]LogModuleManager: Shutting down and abandoning module SceneOutliner (200)
[2016.04.22-15.43.54:003][ 73]LogModuleManager: Shutting down and abandoning module SuperSearch (199)
[2016.04.22-15.43.54:003][ 73]LogModuleManager: Shutting down and abandoning module WidgetCarousel (198)
[2016.04.22-15.43.54:003][ 73]LogModuleManager: Shutting down and abandoning module AddContentDialog (197)
[2016.04.22-15.43.54:005][ 73]LogModuleManager: Shutting down and abandoning module EditorWidgets (196)
[2016.04.22-15.43.54:005][ 73]LogModuleManager: Shutting down and abandoning module CollectionManager (195)
[2016.04.22-15.43.54:005][ 73]LogModuleManager: Shutting down and abandoning module StatsViewer (194)
[2016.04.22-15.43.54:005][ 73]LogModuleManager: Shutting down and abandoning module FoliageEdit (193)
[2016.04.22-15.43.54:005][ 73]LogModuleManager: Shutting down and abandoning module LandscapeEditor (192)
[2016.04.22-15.43.54:005][ 73]LogModuleManager: Shutting down and abandoning module ActorPickerMode (191)
[2016.04.22-15.43.54:005][ 73]LogModuleManager: Shutting down and abandoning module GeometryMode (190)
[2016.04.22-15.43.54:005][ 73]LogModuleManager: Shutting down and abandoning module TextureAlignMode (189)
[2016.04.22-15.43.54:005][ 73]LogModuleManager: Shutting down and abandoning module BspMode (188)
[2016.04.22-15.43.54:005][ 73]LogModuleManager: Shutting down and abandoning module PlacementMode (187)
[2016.04.22-15.43.54:005][ 73]LogModuleManager: Shutting down and abandoning module AutomationWorker (186)
[2016.04.22-15.43.54:005][ 73]LogModuleManager: Shutting down and abandoning module CharacterAI (185)
[2016.04.22-15.43.54:005][ 73]LogModuleManager: Shutting down and abandoning module SmartSnapping (184)
[2016.04.22-15.43.54:005][ 73]LogModuleManager: Shutting down and abandoning module ViewportSnapping (183)
[2016.04.22-15.43.54:005][ 73]LogModuleManager: Shutting down and abandoning module LogVisualizer (182)
[2016.04.22-15.43.54:006][ 73]LogModuleManager: Shutting down and abandoning module GameProjectGeneration (181)
[2016.04.22-15.43.54:006][ 73]LogModuleManager: Shutting down and abandoning module IntroTutorials (180)
[2016.04.22-15.43.54:006][ 73]LogModuleManager: Shutting down and abandoning module EditorLiveStreaming (179)
[2016.04.22-15.43.54:006][ 73]LogModuleManager: Shutting down and abandoning module IOSPlatformEditor (178)
[2016.04.22-15.43.54:006][ 73]LogModuleManager: Shutting down and abandoning module HTML5PlatformEditor (177)
[2016.04.22-15.43.54:006][ 73]LogModuleManager: Shutting down and abandoning module AndroidDeviceDetection (176)
[2016.04.22-15.43.54:770][ 73]LogModuleManager: Shutting down and abandoning module AndroidPlatformEditor (175)
[2016.04.22-15.43.54:770][ 73]LogModuleManager: Shutting down and abandoning module IOSRuntimeSettings (174)
[2016.04.22-15.43.54:770][ 73]LogModuleManager: Shutting down and abandoning module AndroidRuntimeSettings (173)
[2016.04.22-15.43.54:770][ 73]LogModuleManager: Shutting down and abandoning module MergeActors (172)
[2016.04.22-15.43.54:770][ 73]LogModuleManager: Shutting down and abandoning module SizeMap (171)
[2016.04.22-15.43.54:770][ 73]LogModuleManager: Shutting down and abandoning module TreeMap (170)
[2016.04.22-15.43.54:770][ 73]LogModuleManager: Shutting down and abandoning module ReferenceViewer (169)
[2016.04.22-15.43.54:771][ 73]LogModuleManager: Shutting down and abandoning module LocalizationService (168)
[2016.04.22-15.43.54:771][ 73]LogModuleManager: Shutting down and abandoning module LocalizationDashboard (167)
[2016.04.22-15.43.54:771][ 73]LogModuleManager: Shutting down and abandoning module HardwareTargeting (166)
[2016.04.22-15.43.54:771][ 73]LogModuleManager: Shutting down and abandoning module DeviceProfileEditor (165)
[2016.04.22-15.43.54:771][ 73]LogModuleManager: Shutting down and abandoning module UndoHistory (164)
[2016.04.22-15.43.54:771][ 73]LogModuleManager: Shutting down and abandoning module GameplayTagsEditor (163)
[2016.04.22-15.43.54:771][ 73]LogModuleManager: Shutting down and abandoning module UserFeedback (162)
[2016.04.22-15.43.54:771][ 73]LogModuleManager: Shutting down and abandoning module XmlParser (161)
[2016.04.22-15.43.54:771][ 73]LogModuleManager: Shutting down and abandoning module Blutility (160)
[2016.04.22-15.43.54:771][ 73]LogModuleManager: Shutting down and abandoning module ProjectTargetPlatformEditor (159)
[2016.04.22-15.43.54:771][ 73]LogModuleManager: Shutting down and abandoning module ProjectSettingsViewer (158)
[2016.04.22-15.43.54:771][ 73]LogModuleManager: Shutting down and abandoning module InputBindingEditor (157)
[2016.04.22-15.43.54:771][ 73]LogModuleManager: Shutting down and abandoning module EditorSettingsViewer (156)
[2016.04.22-15.43.54:771][ 73]LogModuleManager: Shutting down and abandoning module SettingsEditor (155)
[2016.04.22-15.43.54:771][ 73]LogModuleManager: Shutting down and abandoning module ProjectLauncher (154)
[2016.04.22-15.43.54:771][ 73]LogModuleManager: Shutting down and abandoning module SessionFrontend (153)
[2016.04.22-15.43.54:772][ 73]LogModuleManager: Shutting down and abandoning module ProfilerClient (152)
[2016.04.22-15.43.54:773][ 73]LogModuleManager: Shutting down and abandoning module TargetDeviceServices (151)
[2016.04.22-15.43.54:773][ 73]LogModuleManager: Shutting down and abandoning module DeviceManager (150)
[2016.04.22-15.43.54:773][ 73]LogModuleManager: Shutting down and abandoning module AutomationController (149)
[2016.04.22-15.43.54:773][ 73]LogModuleManager: Shutting down and abandoning module AutomationWindow (148)
[2016.04.22-15.43.54:773][ 73]LogModuleManager: Shutting down and abandoning module Layers (147)
[2016.04.22-15.43.54:773][ 73]LogModuleManager: Shutting down and abandoning module ComponentVisualizers (146)
[2016.04.22-15.43.54:773][ 73]LogModuleManager: Shutting down and abandoning module DetailCustomizations (145)
[2016.04.22-15.43.54:773][ 73]LogModuleManager: Shutting down and abandoning module PackagesDialog (144)
[2016.04.22-15.43.54:773][ 73]LogModuleManager: Shutting down and abandoning module Persona (143)
[2016.04.22-15.43.54:773][ 73]LogModuleManager: Shutting down and abandoning module Kismet (142)
[2016.04.22-15.43.54:773][ 73]LogModuleManager: Shutting down and abandoning module GraphEditor (141)
[2016.04.22-15.43.54:774][ 73]LogModuleManager: Shutting down and abandoning module ClassViewer (140)
[2016.04.22-15.43.54:774][ 73]LogModuleManager: Shutting down and abandoning module Toolbox (139)
[2016.04.22-15.43.54:774][ 73]LogModuleManager: Shutting down and abandoning module ModuleUI (138)
[2016.04.22-15.43.54:774][ 73]LogModuleManager: Shutting down and abandoning module MovieSceneTools (137)
[2016.04.22-15.43.54:774][ 73]LogModuleManager: Shutting down and abandoning module OutputLog (136)
[2016.04.22-15.43.54:774][ 73]LogModuleManager: Shutting down and abandoning module GammaUI (135)
[2016.04.22-15.43.54:774][ 73]LogModuleManager: Shutting down and abandoning module Documentation (134)
[2016.04.22-15.43.54:774][ 73]LogModuleManager: Shutting down and abandoning module GameLiveStreaming (133)
[2016.04.22-15.43.54:774][ 73]LogModuleManager: Shutting down and abandoning module StreamingPauseRendering (132)
[2016.04.22-15.43.54:774][ 73]LogModuleManager: Shutting down and abandoning module AnalyticsET (131)
[2016.04.22-15.43.54:774][ 73]LogModuleManager: Shutting down and abandoning module Analytics (130)
[2016.04.22-15.43.54:774][ 73]LogModuleManager: Shutting down and abandoning module AITestSuite (129)
[2016.04.22-15.43.54:774][ 73]LogModuleManager: Shutting down and abandoning module GameplayDebugger (128)
[2016.04.22-15.43.54:774][ 73]LogModuleManager: Shutting down and abandoning module AIModule (127)
[2016.04.22-15.43.54:774][ 73]LogModuleManager: Shutting down and abandoning module ProfilerService (126)
[2016.04.22-15.43.54:820][ 73]LogModuleManager: Shutting down and abandoning module TaskGraph (125)
[2016.04.22-15.43.54:820][ 73]LogModuleManager: Shutting down and abandoning module SlateRemote (124)
[2016.04.22-15.43.54:820][ 73]LogModuleManager: Shutting down and abandoning module SteamVRController (123)
[2016.04.22-15.43.54:820][ 73]LogModuleManager: Shutting down and abandoning module SteamVR (122)
[2016.04.22-15.43.54:820][ 73]LogModuleManager: Shutting down and abandoning module ProceduralMeshComponent (121)
[2016.04.22-15.43.54:820][ 73]LogModuleManager: Shutting down and abandoning module OculusLibrary (120)
[2016.04.22-15.43.54:820][ 73]LogModuleManager: Shutting down and abandoning module OculusInput (119)
[2016.04.22-15.43.54:820][ 73]LogModuleManager: Shutting down and abandoning module LeapMotionController (118)
[2016.04.22-15.43.54:855][ 73]LogModuleManager: Shutting down and abandoning module CustomMeshComponent (117)
[2016.04.22-15.43.54:855][ 73]LogModuleManager: Shutting down and abandoning module CableComponent (116)
[2016.04.22-15.43.54:855][ 73]LogModuleManager: Shutting down and abandoning module ArchVisCharacter (115)
[2016.04.22-15.43.54:855][ 73]LogModuleManager: Shutting down and abandoning module MessagingDebugger (114)
[2016.04.22-15.43.54:855][ 73]LogModuleManager: Shutting down and abandoning module MediaPlayerEditor (113)
[2016.04.22-15.43.54:855][ 73]LogModuleManager: Shutting down and abandoning module HTML5Networking (112)
[2016.04.22-15.43.54:855][ 73]LogModuleManager: Shutting down and abandoning module SpeedTreeImporter (111)
[2016.04.22-15.43.54:855][ 73]LogModuleManager: Shutting down and abandoning module PluginBrowser (110)
[2016.04.22-15.43.54:855][ 73]LogModuleManager: Shutting down and abandoning module EpicSurvey (109)
[2016.04.22-15.43.54:855][ 73]LogModuleManager: Shutting down and abandoning module DesktopPlatform (108)
[2016.04.22-15.43.54:855][ 73]LogModuleManager: Shutting down and abandoning module VisualStudioSourceCodeAccess (107)
[2016.04.22-15.43.54:855][ 73]LogModuleManager: Shutting down and abandoning module UObjectPlugin (106)
[2016.04.22-15.43.54:855][ 73]LogModuleManager: Shutting down and abandoning module SubversionSourceControl (105)
[2016.04.22-15.43.54:856][ 73]LogModuleManager: Shutting down and abandoning module PerforceSourceControl (104)
[2016.04.22-15.43.54:856][ 73]LogModuleManager: Shutting down and abandoning module SourceControl (103)
[2016.04.22-15.43.54:856][ 73]LogModuleManager: Shutting down and abandoning module GitSourceControl (102)
[2016.04.22-15.43.54:856][ 73]LogModuleManager: Shutting down and abandoning module LightPropagationVolumeEditor (101)
[2016.04.22-15.43.54:856][ 73]LogModuleManager: Shutting down and abandoning module PaperTiledImporter (100)
[2016.04.22-15.43.54:856][ 73]LogModuleManager: Shutting down and abandoning module PaperSpriteSheetImporter (99)
[2016.04.22-15.43.54:856][ 73]LogModuleManager: Shutting down and abandoning module MeshPaint (98)
[2016.04.22-15.43.54:856][ 73]LogModuleManager: Shutting down and abandoning module SlateReflector (97)
[2016.04.22-15.43.54:856][ 73]LogModuleManager: Shutting down and abandoning module HotReload (96)
[2016.04.22-15.43.54:856][ 73]LogModuleManager: Shutting down and abandoning module MainFrame (95)
[2016.04.22-15.43.54:856][ 73]LogModuleManager: Shutting down and abandoning module LevelEditor (94)
[2016.04.22-15.43.54:863][ 73]LogModuleManager: Shutting down and abandoning module DirectoryWatcher (93)
[2016.04.22-15.43.54:864][ 73]LogModuleManager: Shutting down and abandoning module AssetRegistry (92)
[2016.04.22-15.43.54:975][ 73]LogModuleManager: Shutting down and abandoning module ContentBrowser (91)
[2016.04.22-15.43.54:979][ 73]LogModuleManager: Shutting down and abandoning module Paper2DEditor (90)
[2016.04.22-15.43.54:979][ 73]LogModuleManager: Shutting down and abandoning module UdpMessaging (89)
[2016.04.22-15.43.55:079][ 73]LogModuleManager: Shutting down and abandoning module LightPropagationVolumeRuntime (88)
[2016.04.22-15.43.55:079][ 73]LogModuleManager: Shutting down and abandoning module Paper2D (87)
[2016.04.22-15.43.55:079][ 73]LogModuleManager: Shutting down and abandoning module WindowsMoviePlayer (86)
[2016.04.22-15.43.55:085][ 73]LogModuleManager: Shutting down and abandoning module Media (85)
[2016.04.22-15.43.55:085][ 73]LogModuleManager: Shutting down and abandoning module WmfMedia (84)
[2016.04.22-15.43.55:085][ 73]LogModuleManager: Shutting down and abandoning module OnlineBlueprintSupport (83)
[2016.04.22-15.43.55:085][ 73]LogModuleManager: Shutting down and abandoning module GameplayTasksEditor (82)
[2016.04.22-15.43.55:085][ 73]LogModuleManager: Shutting down and abandoning module PropertyEditor (81)
[2016.04.22-15.43.55:085][ 73]LogModuleManager: Shutting down and abandoning module BehaviorTreeEditor (80)
[2016.04.22-15.43.55:085][ 73]LogModuleManager: Shutting down and abandoning module FunctionalTesting (79)
[2016.04.22-15.43.55:085][ 73]LogModuleManager: Shutting down and abandoning module CollisionAnalyzer (78)
[2016.04.22-15.43.55:086][ 73]LogModuleManager: Shutting down and abandoning module WorkspaceMenuStructure (77)
[2016.04.22-15.43.55:086][ 73]LogModuleManager: Shutting down and abandoning module MessageLog (76)
[2016.04.22-15.43.55:086][ 73]LogModuleManager: Shutting down and abandoning module Sequencer (75)
[2016.04.22-15.43.55:086][ 73]LogModuleManager: Shutting down and abandoning module AssetTools (74)
[2016.04.22-15.43.55:086][ 73]LogModuleManager: Shutting down and abandoning module UMGEditor (73)
[2016.04.22-15.43.55:086][ 73]LogModuleManager: Shutting down and abandoning module UMG (72)
[2016.04.22-15.43.55:086][ 73]LogModuleManager: Shutting down and abandoning module Slate (71)
[2016.04.22-15.43.55:086][ 73]LogModuleManager: Shutting down and abandoning module EditorStyle (70)
[2016.04.22-15.43.55:117][ 73]LogModuleManager: Shutting down and abandoning module SessionServices (69)
[2016.04.22-15.43.55:117][ 73]LogModuleManager: Shutting down and abandoning module SourceCodeAccess (68)
[2016.04.22-15.43.55:117][ 73]LogModuleManager: Shutting down and abandoning module HeadMountedDisplay (67)
[2016.04.22-15.43.55:117][ 73]LogModuleManager: Shutting down and abandoning module XAudio2 (66)
[2016.04.22-15.43.55:117][ 73]LogModuleManager: Shutting down and abandoning module Networking (65)
[2016.04.22-15.43.55:117][ 73]LogModuleManager: Shutting down and abandoning module Core (64)
[2016.04.22-15.43.55:117][ 73]LogModuleManager: Shutting down and abandoning module KismetCompiler (63)
[2016.04.22-15.43.55:117][ 73]LogModuleManager: Shutting down and abandoning module PhysXFormats (62)
[2016.04.22-15.43.55:117][ 73]LogModuleManager: Shutting down and abandoning module MeshUtilities (61)
[2016.04.22-15.43.55:117][ 73]LogModuleManager: Shutting down and abandoning module DerivedDataCache (60)
[2016.04.22-15.43.55:371][ 73]LogDerivedDataCache: Shutdown
[2016.04.22-15.43.55:371][ 73]LogModuleManager: Shutting down and abandoning module ShaderFormatOpenGL (59)
[2016.04.22-15.43.55:371][ 73]LogModuleManager: Shutting down and abandoning module ShaderFormatD3D (58)
[2016.04.22-15.43.55:371][ 73]LogModuleManager: Shutting down and abandoning module MetalShaderFormat (57)
[2016.04.22-15.43.55:371][ 73]LogModuleManager: Shutting down and abandoning module TextureFormatUncompressed (56)
[2016.04.22-15.43.55:371][ 73]LogModuleManager: Shutting down and abandoning module TextureFormatPVR (55)
[2016.04.22-15.43.55:371][ 73]LogModuleManager: Shutting down and abandoning module TextureFormatIntelISPCTexComp (54)
[2016.04.22-15.43.55:372][ 73]LogModuleManager: Shutting down and abandoning module TextureFormatDXT (53)
[2016.04.22-15.43.55:372][ 73]LogModuleManager: Shutting down and abandoning module ImageWrapper (52)
[2016.04.22-15.43.55:372][ 73]LogModuleManager: Shutting down and abandoning module TextureFormatASTC (51)
[2016.04.22-15.43.55:372][ 73]LogModuleManager: Shutting down and abandoning module TextureFormatAndroid (50)
[2016.04.22-15.43.55:372][ 73]LogModuleManager: Shutting down and abandoning module AudioFormatOpus (49)
[2016.04.22-15.43.55:372][ 73]LogModuleManager: Shutting down and abandoning module AudioFormatOgg (48)
[2016.04.22-15.43.55:372][ 73]LogModuleManager: Shutting down and abandoning module AudioFormatADPCM (47)
[2016.04.22-15.43.55:372][ 73]LogModuleManager: Shutting down and abandoning module LinuxTargetPlatform (46)
[2016.04.22-15.43.55:372][ 73]LogModuleManager: Shutting down and abandoning module LinuxServerTargetPlatform (45)
[2016.04.22-15.43.55:372][ 73]LogModuleManager: Shutting down and abandoning module LinuxNoEditorTargetPlatform (44)
[2016.04.22-15.43.55:372][ 73]LogModuleManager: Shutting down and abandoning module Messaging (43)
[2016.04.22-15.43.55:372][ 73]LogModuleManager: Shutting down and abandoning module IOSTargetPlatform (42)
[2016.04.22-15.43.55:372][ 73]LogModuleManager: Shutting down and abandoning module HTML5TargetPlatform (41)
[2016.04.22-15.43.55:372][ 73]LogModuleManager: Shutting down and abandoning module Android_PVRTCTargetPlatform (40)
[2016.04.22-15.43.55:372][ 73]LogModuleManager: Shutting down and abandoning module Android_MultiTargetPlatform (39)
[2016.04.22-15.43.55:372][ 73]LogModuleManager: Shutting down and abandoning module Android_ETC2TargetPlatform (38)
[2016.04.22-15.43.55:372][ 73]LogModuleManager: Shutting down and abandoning module Android_ETC1TargetPlatform (37)
[2016.04.22-15.43.55:372][ 73]LogModuleManager: Shutting down and abandoning module Android_DXTTargetPlatform (36)
[2016.04.22-15.43.55:372][ 73]LogModuleManager: Shutting down and abandoning module Android_ATCTargetPlatform (35)
[2016.04.22-15.43.55:372][ 73]LogModuleManager: Shutting down and abandoning module Android_ASTCTargetPlatform (34)
[2016.04.22-15.43.55:372][ 73]LogModuleManager: Shutting down and abandoning module AndroidTargetPlatform (33)
[2016.04.22-15.43.55:372][ 73]LogModuleManager: Shutting down and abandoning module WindowsTargetPlatform (32)
[2016.04.22-15.43.55:372][ 73]LogModuleManager: Shutting down and abandoning module WindowsServerTargetPlatform (31)
[2016.04.22-15.43.55:372][ 73]LogModuleManager: Shutting down and abandoning module WindowsNoEditorTargetPlatform (30)
[2016.04.22-15.43.55:372][ 73]LogModuleManager: Shutting down and abandoning module WindowsClientTargetPlatform (29)
[2016.04.22-15.43.55:372][ 73]LogModuleManager: Shutting down and abandoning module AllDesktopTargetPlatform (28)
[2016.04.22-15.43.55:372][ 73]LogModuleManager: Shutting down and abandoning module TargetPlatform (27)
[2016.04.22-15.43.55:372][ 73]LogModuleManager: Shutting down and abandoning module InputCore (26)
[2016.04.22-15.43.55:372][ 73]LogModuleManager: Shutting down and abandoning module Settings (25)
[2016.04.22-15.43.55:372][ 73]LogModuleManager: Shutting down and abandoning module Voice (23)
[2016.04.22-15.43.55:372][ 73]LogModuleManager: Shutting down and abandoning module OnlineSubsystem (19)
[2016.04.22-15.43.55:372][ 73]LogOnline:Display: NULL: FOnlineSubsystemNull::Shutdown()
[2016.04.22-15.43.55:372][ 73]LogOnline:Display: Unloading online subsystem: STEAM
[2016.04.22-15.43.55:373][ 73]LogOnline:Display: Unloading online subsystem: Null
[2016.04.22-15.43.55:373][ 73]LogModuleManager: Shutting down and abandoning module HTTP (18)
[2016.04.22-15.43.56:376][ 73]LogModuleManager: Shutting down and abandoning module XMPP (17)
[2016.04.22-15.43.56:376][ 73]LogModuleManager: Shutting down and abandoning module OculusRift (16)
[2016.04.22-15.43.56:376][ 73]LogModuleManager: Shutting down and abandoning module ExampleDeviceProfileSelector (15)
[2016.04.22-15.43.56:376][ 73]LogModuleManager: Shutting down and abandoning module TextureCompressor (14)
[2016.04.22-15.43.56:376][ 73]LogModuleManager: Shutting down and abandoning module ShaderCore (13)
[2016.04.22-15.43.56:376][ 73]LogModuleManager: Shutting down and abandoning module Landscape (12)
[2016.04.22-15.43.56:376][ 73]LogModuleManager: Shutting down and abandoning module SlateRHIRenderer (11)
[2016.04.22-15.43.56:377][ 73]LogModuleManager: Shutting down and abandoning module OpenGLDrv (10)
[2016.04.22-15.43.56:377][ 73]LogModuleManager: Shutting down and abandoning module D3D11RHI (9)
[2016.04.22-15.43.56:377][ 73]LogModuleManager: Shutting down and abandoning module AnimGraphRuntime (8)
[2016.04.22-15.43.56:377][ 73]LogModuleManager: Shutting down and abandoning module Renderer (7)
[2016.04.22-15.43.56:377][ 73]LogModuleManager: Shutting down and abandoning module Engine (6)
[2016.04.22-15.43.56:378][ 73]LogModuleManager: Shutting down and abandoning module CoreUObject (5)
[2016.04.22-15.43.56:378][ 73]LogModuleManager: Shutting down and abandoning module NetworkFile (4)
[2016.04.22-15.43.56:378][ 73]LogModuleManager: Shutting down and abandoning module StreamingFile (3)
[2016.04.22-15.43.56:378][ 73]LogModuleManager: Shutting down and abandoning module SandboxFile (2)
[2016.04.22-15.43.56:378][ 73]LogModuleManager: Shutting down and abandoning module PakFile (1)
[2016.04.22-15.43.56:379][ 73]LogExit: Exiting.
[2016.04.22-15.43.56:395][ 73]Log file closed, 04/22/16 17:43:56
